#
# There is insufficient memory for the Java Runtime Environment to continue.
# Native memory allocation (malloc) failed to allocate 1325616 bytes for Chunk::new
# Possible reasons:
#   The system is out of physical RAM or swap space
#   The process is running with CompressedOops enabled, and the Java Heap may be blocking the growth of the native heap
# Possible solutions:
#   Reduce memory load on the system
#   Increase physical memory or swap space
#   Check if swap backing store is full
#   Decrease Java heap size (-Xmx/-Xms)
#   Decrease number of Java threads
#   Decrease Java thread stack sizes (-Xss)
#   Set larger code cache with -XX:ReservedCodeCacheSize=
#   JVM is running with Zero Based Compressed Oops mode in which the Java heap is
#     placed in the first 32GB address space. The Java Heap base address is the
#     maximum limit for the native heap growth. Please use -XX:HeapBaseMinAddress
#     to set the Java Heap base and to place the Java Heap above 32GB virtual address.
# This output file may be truncated or incomplete.
#
#  Out of Memory Error (arena.cpp:189), pid=31304, tid=31192
#
# JRE version: Java(TM) SE Runtime Environment (17.0.12+8) (build 17.0.12+8-LTS-286)
# Java VM: Java HotSpot(TM) 64-Bit Server VM (17.0.12+8-LTS-286, mixed mode, sharing, tiered, compressed oops, compressed class ptrs, g1 gc, windows-amd64)
# No core dump will be written. Minidumps are not enabled by default on client versions of Windows
#

---------------  S U M M A R Y ------------

Command Line: --add-opens=java.base/java.lang=ALL-UNNAMED --add-opens=java.base/java.lang.invoke=ALL-UNNAMED --add-opens=java.base/java.util=ALL-UNNAMED --add-opens=java.prefs/java.util.prefs=ALL-UNNAMED --add-exports=jdk.compiler/com.sun.tools.javac.api=ALL-UNNAMED --add-exports=jdk.compiler/com.sun.tools.javac.util=ALL-UNNAMED --add-opens=java.base/java.util=ALL-UNNAMED --add-opens=java.prefs/java.util.prefs=ALL-UNNAMED --add-opens=java.base/java.nio.charset=ALL-UNNAMED --add-opens=java.base/java.net=ALL-UNNAMED --add-opens=java.base/java.util.concurrent.atomic=ALL-UNNAMED --add-opens=java.xml/javax.xml.namespace=ALL-UNNAMED -XX:MaxMetaspaceSize=4G -XX:ReservedCodeCacheSize=512m -XX:+HeapDumpOnOutOfMemoryError -Xmx8G -Dfile.encoding=UTF-8 -Duser.country=US -Duser.language=en -Duser.variant -javaagent:C:\Users\User\.gradle\wrapper\dists\gradle-8.14-all\c2qonpi39x1mddn7hk5gh9iqj\gradle-8.14\lib\agents\gradle-instrumentation-agent-8.14.jar org.gradle.launcher.daemon.bootstrap.GradleDaemon 8.14

Host: 11th Gen Intel(R) Core(TM) i7-11800H @ 2.30GHz, 16 cores, 7G,  Windows 11 , 64 bit Build 26100 (10.0.26100.4202)
Time: Thu Feb  5 19:31:23 2026 Sri Lanka Standard Time elapsed time: 27.927422 seconds (0d 0h 0m 27s)

---------------  T H R E A D  ---------------

Current thread (0x00000264779d6110):  JavaThread "C2 CompilerThread0" daemon [_thread_in_native, id=31192, stack(0x000000785b000000,0x000000785b100000)]


Current CompileTask:
C2:  27939 3047       4       java.net.URLClassLoader$1::run (5 bytes)

Stack: [0x000000785b000000,0x000000785b100000]
Native frames: (J=compiled Java code, j=interpreted, Vv=VM code, C=native code)
V  [jvm.dll+0x67a04a]
V  [jvm.dll+0x7da4ed]
V  [jvm.dll+0x7dbe33]
V  [jvm.dll+0x7dc4a3]
V  [jvm.dll+0x24508f]
V  [jvm.dll+0xab773]
V  [jvm.dll+0xabd3c]
V  [jvm.dll+0x361b9f]
V  [jvm.dll+0x1ba45a]
V  [jvm.dll+0x216997]
V  [jvm.dll+0x215c6f]
V  [jvm.dll+0x1a2960]
V  [jvm.dll+0x22610b]
V  [jvm.dll+0x2242ab]
V  [jvm.dll+0x79075c]
V  [jvm.dll+0x78abea]
V  [jvm.dll+0x678f35]
C  [ucrtbase.dll+0x37b0]
C  [KERNEL32.DLL+0x2e8d7]
C  [ntdll.dll+0x3c34c]


---------------  P R O C E S S  ---------------

Threads class SMR info:
_java_thread_list=0x00000264bd19d010, length=27, elements={
0x0000026458e26a80, 0x00000264779c0080, 0x00000264779c2960, 0x00000264779d3aa0,
0x00000264779d4370, 0x00000264779d4c40, 0x00000264779d5510, 0x00000264779d6110,
0x00000264779e6000, 0x00000264779e8920, 0x0000026477b17260, 0x0000026477ba0b10,
0x00000264bdb50bf0, 0x00000264bedfaf90, 0x00000264bee15040, 0x00000264beee7080,
0x00000264be2fafe0, 0x00000264be2f9180, 0x00000264be2f9ba0, 0x00000264be2fa0b0,
0x00000264be2fb4f0, 0x00000264be2fa5c0, 0x00000264be2fbf10, 0x00000264be2faad0,
0x00000264be2fba00, 0x00000264be2f9690, 0x00000264befba270
}

Java Threads: ( => current thread )
  0x0000026458e26a80 JavaThread "main" [_thread_blocked, id=12936, stack(0x000000785a300000,0x000000785a400000)]
  0x00000264779c0080 JavaThread "Reference Handler" daemon [_thread_blocked, id=33112, stack(0x000000785aa00000,0x000000785ab00000)]
  0x00000264779c2960 JavaThread "Finalizer" daemon [_thread_blocked, id=30712, stack(0x000000785ab00000,0x000000785ac00000)]
  0x00000264779d3aa0 JavaThread "Signal Dispatcher" daemon [_thread_blocked, id=30548, stack(0x000000785ac00000,0x000000785ad00000)]
  0x00000264779d4370 JavaThread "Attach Listener" daemon [_thread_blocked, id=12104, stack(0x000000785ad00000,0x000000785ae00000)]
  0x00000264779d4c40 JavaThread "Service Thread" daemon [_thread_blocked, id=29768, stack(0x000000785ae00000,0x000000785af00000)]
  0x00000264779d5510 JavaThread "Monitor Deflation Thread" daemon [_thread_blocked, id=31308, stack(0x000000785af00000,0x000000785b000000)]
=>0x00000264779d6110 JavaThread "C2 CompilerThread0" daemon [_thread_in_native, id=31192, stack(0x000000785b000000,0x000000785b100000)]
  0x00000264779e6000 JavaThread "C1 CompilerThread0" daemon [_thread_blocked, id=31632, stack(0x000000785b100000,0x000000785b200000)]
  0x00000264779e8920 JavaThread "Sweeper thread" daemon [_thread_blocked, id=9484, stack(0x000000785b200000,0x000000785b300000)]
  0x0000026477b17260 JavaThread "Common-Cleaner" daemon [_thread_blocked, id=31556, stack(0x000000785b300000,0x000000785b400000)]
  0x0000026477ba0b10 JavaThread "Notification Thread" daemon [_thread_blocked, id=18080, stack(0x000000785b600000,0x000000785b700000)]
  0x00000264bdb50bf0 JavaThread "Daemon health stats" [_thread_blocked, id=30036, stack(0x000000785bc00000,0x000000785bd00000)]
  0x00000264bedfaf90 JavaThread "Incoming local TCP Connector on port 59505" [_thread_in_native, id=3684, stack(0x000000785c300000,0x000000785c400000)]
  0x00000264bee15040 JavaThread "Daemon periodic checks" [_thread_blocked, id=30800, stack(0x000000785c400000,0x000000785c500000)]
  0x00000264beee7080 JavaThread "Daemon" [_thread_blocked, id=31288, stack(0x000000785c500000,0x000000785c600000)]
  0x00000264be2fafe0 JavaThread "Daemon worker" [_thread_in_vm, id=32112, stack(0x000000785c800000,0x000000785c900000)]
  0x00000264be2f9180 JavaThread "Handler for socket connection from /127.0.0.1:59505 to /127.0.0.1:63524" [_thread_in_native, id=21412, stack(0x000000785b400000,0x000000785b500000)]
  0x00000264be2f9ba0 JavaThread "Cancel handler" [_thread_blocked, id=10692, stack(0x000000785b500000,0x000000785b600000)]
  0x00000264be2fa0b0 JavaThread "Asynchronous log dispatcher for DefaultDaemonConnection: socket connection from /127.0.0.1:59505 to /127.0.0.1:63524" [_thread_blocked, id=33612, stack(0x000000785ba00000,0x000000785bb00000)]
  0x00000264be2fb4f0 JavaThread "Stdin handler" [_thread_blocked, id=3680, stack(0x000000785bb00000,0x000000785bc00000)]
  0x00000264be2fa5c0 JavaThread "Daemon client event forwarder" [_thread_blocked, id=31840, stack(0x000000785be00000,0x000000785bf00000)]
  0x00000264be2fbf10 JavaThread "Cache worker for journal cache (C:\Users\User\.gradle\caches\journal-1)" [_thread_blocked, id=31492, stack(0x000000785c600000,0x000000785c700000)]
  0x00000264be2faad0 JavaThread "File lock request listener" [_thread_in_native, id=27324, stack(0x000000785c700000,0x000000785c800000)]
  0x00000264be2fba00 JavaThread "Cache worker for file hash cache (C:\Users\User\.gradle\caches\8.14\fileHashes)" [_thread_blocked, id=15076, stack(0x000000785c900000,0x000000785ca00000)]
  0x00000264be2f9690 JavaThread "Cache worker for file hash cache (G:\merge - app\A-MULTIMODAL-SYSTEM-FOR-AUTOMATED-CORN-DISEASE-DETECTION-AND-FARMER-CENTRIC-KNOWLEDGE-SHARING-New\frontend\corn_app\android\.gradle\8.14\fileHashes)" [_thread_blocked, id=32432, stack(0x000000785d100000,0x000000785d200000)]
  0x00000264befba270 JavaThread "Cache worker for Build Output Cleanup Cache (G:\merge - app\A-MULTIMODAL-SYSTEM-FOR-AUTOMATED-CORN-DISEASE-DETECTION-AND-FARMER-CENTRIC-KNOWLEDGE-SHARING-New\frontend\corn_app\android\.gradle\buildOutputCleanup)" [_thread_blocked, id=32648, stack(0x000000785d200000,0x000000785d300000)]

Other Threads:
  0x0000026474bcb860 VMThread "VM Thread" [stack: 0x000000785a900000,0x000000785aa00000] [id=33108]
  0x00000264749e7f60 WatcherThread [stack: 0x000000785b700000,0x000000785b800000] [id=31352]
  0x0000026458ed6c30 GCTaskThread "GC Thread#0" [stack: 0x000000785a400000,0x000000785a500000] [id=30756]
  0x0000026477d8cc80 GCTaskThread "GC Thread#1" [stack: 0x000000785b800000,0x000000785b900000] [id=31560]
  0x0000026477cae5f0 GCTaskThread "GC Thread#2" [stack: 0x000000785b900000,0x000000785ba00000] [id=8472]
  0x00000264bdd3a610 GCTaskThread "GC Thread#3" [stack: 0x000000785bd00000,0x000000785be00000] [id=31200]
  0x00000264bdd3a8d0 GCTaskThread "GC Thread#4" [stack: 0x000000785bf00000,0x000000785c000000] [id=10300]
  0x00000264bede4a80 GCTaskThread "GC Thread#5" [stack: 0x000000785c000000,0x000000785c100000] [id=25024]
  0x00000264bef8fc00 GCTaskThread "GC Thread#6" [stack: 0x000000785c100000,0x000000785c200000] [id=20272]
  0x00000264bef631d0 GCTaskThread "GC Thread#7" [stack: 0x000000785c200000,0x000000785c300000] [id=30544]
  0x00000264bd354700 GCTaskThread "GC Thread#8" [stack: 0x000000785ca00000,0x000000785cb00000] [id=22152]
  0x00000264bd354180 GCTaskThread "GC Thread#9" [stack: 0x000000785cb00000,0x000000785cc00000] [id=30268]
  0x00000264bd354440 GCTaskThread "GC Thread#10" [stack: 0x000000785cc00000,0x000000785cd00000] [id=30256]
  0x00000264bd354f40 GCTaskThread "GC Thread#11" [stack: 0x000000785cd00000,0x000000785ce00000] [id=30252]
  0x00000264bd3554c0 GCTaskThread "GC Thread#12" [stack: 0x000000785ce00000,0x000000785cf00000] [id=30244]
  0x00000264749ddfc0 ConcurrentGCThread "G1 Main Marker" [stack: 0x000000785a500000,0x000000785a600000] [id=16440]
  0x00000264749de8e0 ConcurrentGCThread "G1 Conc#0" [stack: 0x000000785a600000,0x000000785a700000] [id=31204]
  0x00000264bd3549c0 ConcurrentGCThread "G1 Conc#1" [stack: 0x000000785cf00000,0x000000785d000000] [id=25484]
  0x00000264bd353940 ConcurrentGCThread "G1 Conc#2" [stack: 0x000000785d000000,0x000000785d100000] [id=32284]
  0x0000026474a7a4a0 ConcurrentGCThread "G1 Refine#0" [stack: 0x000000785a700000,0x000000785a800000] [id=31276]
  0x0000026474a7bc90 ConcurrentGCThread "G1 Service" [stack: 0x000000785a800000,0x000000785a900000] [id=26944]

Threads with active compile tasks:
C2 CompilerThread0    28043 3047       4       java.net.URLClassLoader$1::run (5 bytes)

VM state: not at safepoint (normal execution)

VM Mutex/Monitor currently owned by a thread:  ([mutex/lock_event])
[0x00000264573daed0] Metaspace_lock - owner thread: 0x00000264be2fafe0

Heap address: 0x0000000600000000, size: 8192 MB, Compressed Oops mode: Zero based, Oop shift amount: 3

CDS archive(s) mapped at: [0x0000026478000000-0x0000026478bd0000-0x0000026478bd0000), size 12386304, SharedBaseAddress: 0x0000026478000000, ArchiveRelocationMode: 1.
Compressed class space mapped at: 0x0000026479000000-0x00000264b9000000, reserved size: 1073741824
Narrow klass base: 0x0000026478000000, Narrow klass shift: 0, Narrow klass range: 0x100000000

GC Precious Log:
 CPUs: 16 total, 16 available
 Memory: 7877M
 Large Page Support: Disabled
 NUMA Support: Disabled
 Compressed Oops: Enabled (Zero based)
 Heap Region Size: 4M
 Heap Min Capacity: 8M
 Heap Initial Capacity: 124M
 Heap Max Capacity: 8G
 Pre-touch: Disabled
 Parallel Workers: 13
 Concurrent Workers: 3
 Concurrent Refinement Workers: 13
 Periodic GC: Disabled

Heap:
 garbage-first heap   total 110592K, used 28042K [0x0000000600000000, 0x0000000800000000)
  region size 4096K, 4 young (16384K), 2 survivors (8192K)
 Metaspace       used 21780K, committed 22080K, reserved 1114112K
  class space    used 3157K, committed 3328K, reserved 1048576K

Heap Regions: E=young(eden), S=young(survivor), O=old, HS=humongous(starts), HC=humongous(continues), CS=collection set, F=free, OA=open archive, CA=closed archive, TAMS=top-at-mark-start (previous, next)
|   0|0x0000000600000000, 0x0000000600400000, 0x0000000600400000|100%|HS|  |TAMS 0x0000000600400000, 0x0000000600000000| Complete 
|   1|0x0000000600400000, 0x0000000600800000, 0x0000000600800000|100%| O|  |TAMS 0x0000000600800000, 0x0000000600400000| Untracked 
|   2|0x0000000600800000, 0x0000000600c00000, 0x0000000600c00000|100%| O|  |TAMS 0x0000000600c00000, 0x0000000600800000| Untracked 
|   3|0x0000000600c00000, 0x0000000601000000, 0x0000000601000000|100%| O|  |TAMS 0x0000000601000000, 0x0000000600c00000| Untracked 
|   4|0x0000000601000000, 0x000000060119e200, 0x0000000601400000| 40%| O|  |TAMS 0x000000060119e200, 0x0000000601000000| Complete 
|   5|0x0000000601400000, 0x0000000601400000, 0x0000000601800000|  0%| F|  |TAMS 0x0000000601400000, 0x0000000601400000| Untracked 
|   6|0x0000000601800000, 0x0000000601800000, 0x0000000601c00000|  0%| F|  |TAMS 0x0000000601800000, 0x0000000601800000| Untracked 
|   7|0x0000000601c00000, 0x0000000601c00000, 0x0000000602000000|  0%| F|  |TAMS 0x0000000601c00000, 0x0000000601c00000| Untracked 
|   8|0x0000000602000000, 0x0000000602000000, 0x0000000602400000|  0%| F|  |TAMS 0x0000000602000000, 0x0000000602000000| Untracked 
|   9|0x0000000602400000, 0x0000000602400000, 0x0000000602800000|  0%| F|  |TAMS 0x0000000602400000, 0x0000000602400000| Untracked 
|  10|0x0000000602800000, 0x0000000602800000, 0x0000000602c00000|  0%| F|  |TAMS 0x0000000602800000, 0x0000000602800000| Untracked 
|  11|0x0000000602c00000, 0x0000000602c00000, 0x0000000603000000|  0%| F|  |TAMS 0x0000000602c00000, 0x0000000602c00000| Untracked 
|  12|0x0000000603000000, 0x0000000603000000, 0x0000000603400000|  0%| F|  |TAMS 0x0000000603000000, 0x0000000603000000| Untracked 
|  13|0x0000000603400000, 0x0000000603400000, 0x0000000603800000|  0%| F|  |TAMS 0x0000000603400000, 0x0000000603400000| Untracked 
|  14|0x0000000603800000, 0x0000000603800000, 0x0000000603c00000|  0%| F|  |TAMS 0x0000000603800000, 0x0000000603800000| Untracked 
|  15|0x0000000603c00000, 0x0000000603c00000, 0x0000000604000000|  0%| F|  |TAMS 0x0000000603c00000, 0x0000000603c00000| Untracked 
|  16|0x0000000604000000, 0x0000000604000000, 0x0000000604400000|  0%| F|  |TAMS 0x0000000604000000, 0x0000000604000000| Untracked 
|  17|0x0000000604400000, 0x0000000604400000, 0x0000000604800000|  0%| F|  |TAMS 0x0000000604400000, 0x0000000604400000| Untracked 
|  18|0x0000000604800000, 0x0000000604800000, 0x0000000604c00000|  0%| F|  |TAMS 0x0000000604800000, 0x0000000604800000| Untracked 
|  19|0x0000000604c00000, 0x0000000604c00000, 0x0000000605000000|  0%| F|  |TAMS 0x0000000604c00000, 0x0000000604c00000| Untracked 
|  20|0x0000000605000000, 0x00000006051c4968, 0x0000000605400000| 44%| S|CS|TAMS 0x0000000605000000, 0x0000000605000000| Complete 
|  21|0x0000000605400000, 0x0000000605800000, 0x0000000605800000|100%| S|CS|TAMS 0x0000000605400000, 0x0000000605400000| Complete 
|  22|0x0000000605800000, 0x0000000605800000, 0x0000000605c00000|  0%| F|  |TAMS 0x0000000605800000, 0x0000000605800000| Untracked 
|  23|0x0000000605c00000, 0x0000000605c00000, 0x0000000606000000|  0%| F|  |TAMS 0x0000000605c00000, 0x0000000605c00000| Untracked 
|  24|0x0000000606000000, 0x0000000606000000, 0x0000000606400000|  0%| F|  |TAMS 0x0000000606000000, 0x0000000606000000| Untracked 
|  25|0x0000000606400000, 0x00000006067bd5b8, 0x0000000606800000| 93%| E|  |TAMS 0x0000000606400000, 0x0000000606400000| Complete 
|  30|0x0000000607800000, 0x0000000607c00000, 0x0000000607c00000|100%| E|CS|TAMS 0x0000000607800000, 0x0000000607800000| Complete 

Card table byte_map: [0x0000026462900000,0x0000026463900000] _byte_map_base: 0x000002645f900000

Marking Bits (Prev, Next): (CMBitMap*) 0x0000026458ed71a0, (CMBitMap*) 0x0000026458ed7160
 Prev Bits: [0x000002646c900000, 0x0000026474900000)
 Next Bits: [0x0000026464900000, 0x000002646c900000)

Polling page: 0x0000026458ee0000

Metaspace:

Usage:
  Non-class:     18.19 MB used.
      Class:      3.08 MB used.
       Both:     21.27 MB used.

Virtual space:
  Non-class space:       64.00 MB reserved,      18.31 MB ( 29%) committed,  1 nodes.
      Class space:        1.00 GB reserved,       3.25 MB ( <1%) committed,  1 nodes.
             Both:        1.06 GB reserved,      21.56 MB (  2%) committed. 

Chunk freelists:
   Non-Class:  12.86 MB
       Class:  12.56 MB
        Both:  25.42 MB

MaxMetaspaceSize: 4.00 GB
CompressedClassSpaceSize: 1.00 GB
Initial GC threshold: 21.00 MB
Current GC threshold: 35.12 MB
CDS: on
MetaspaceReclaimPolicy: balanced
 - commit_granule_bytes: 65536.
 - commit_granule_words: 8192.
 - virtual_space_node_default_size: 8388608.
 - enlarge_chunks_in_place: 1.
 - new_chunks_are_fully_committed: 0.
 - uncommit_free_chunks: 1.
 - use_allocation_guard: 0.
 - handle_deallocations: 1.


Internal statistics:

num_allocs_failed_limit: 3.
num_arena_births: 356.
num_arena_deaths: 0.
num_vsnodes_births: 2.
num_vsnodes_deaths: 0.
num_space_committed: 345.
num_space_uncommitted: 0.
num_chunks_returned_to_freelist: 3.
num_chunks_taken_from_freelist: 1183.
num_chunk_merges: 3.
num_chunk_splits: 760.
num_chunks_enlarged: 504.
num_inconsistent_stats: 0.

CodeHeap 'non-profiled nmethods': size=258432Kb used=1682Kb max_used=1682Kb free=256749Kb
 bounds [0x00000264103a0000, 0x0000026410610000, 0x0000026420000000]
CodeHeap 'profiled nmethods': size=258368Kb used=7062Kb max_used=7062Kb free=251305Kb
 bounds [0x0000026400000000, 0x00000264006f0000, 0x000002640fc50000]
CodeHeap 'non-nmethods': size=7488Kb used=1257Kb max_used=2928Kb free=6230Kb
 bounds [0x000002640fc50000, 0x000002640ff30000, 0x00000264103a0000]
 total_blobs=3882 nmethods=3329 adapters=465
 compilation: enabled
              stopped_count=0, restarted_count=0
 full_count=0

Compilation events (20 events):
Event: 27.627 Thread 0x00000264779e6000 3229       3       jdk.internal.reflect.ReflectionFactory::newMethodAccessor (120 bytes)
Event: 27.628 Thread 0x00000264779d6110 nmethod 3178 0x000002641053d590 code [0x000002641053d700, 0x000002641053d798]
Event: 27.628 Thread 0x00000264779d6110 3159       4       java.lang.AbstractStringBuilder::isLatin1 (19 bytes)
Event: 27.628 Thread 0x00000264779d6110 nmethod 3159 0x000002641053d890 code [0x000002641053da00, 0x000002641053da98]
Event: 27.628 Thread 0x00000264779d6110 3047       4       java.net.URLClassLoader$1::run (5 bytes)
Event: 27.629 Thread 0x00000264779e6000 nmethod 3229 0x00000264006a9690 code [0x00000264006a9a40, 0x00000264006ab5d8]
Event: 27.629 Thread 0x00000264779e6000 3230       3       jdk.internal.reflect.Reflection::isCallerSensitive (24 bytes)
Event: 27.630 Thread 0x00000264779e6000 nmethod 3230 0x00000264006abe90 code [0x00000264006ac1c0, 0x00000264006ad758]
Event: 27.630 Thread 0x00000264779e6000 3231       3       jdk.internal.reflect.NativeMethodAccessorImpl::<init> (10 bytes)
Event: 27.630 Thread 0x00000264779e6000 nmethod 3231 0x00000264006add90 code [0x00000264006adf40, 0x00000264006ae1d8]
Event: 27.630 Thread 0x00000264779e6000 3232       3       jdk.internal.reflect.DelegatingMethodAccessorImpl::<init> (10 bytes)
Event: 27.630 Thread 0x00000264779e6000 nmethod 3232 0x00000264006ae310 code [0x00000264006ae4c0, 0x00000264006ae778]
Event: 27.716 Thread 0x00000264779e6000 3233       3       org.gradle.internal.logging.slf4j.OutputEventListenerBackedLogger::isLevelAtMost (20 bytes)
Event: 27.716 Thread 0x00000264779e6000 nmethod 3233 0x00000264006ae890 code [0x00000264006aea40, 0x00000264006aed88]
Event: 27.716 Thread 0x00000264779e6000 3234       3       org.gradle.internal.logging.slf4j.OutputEventListenerBackedLoggerContext::getLevel (11 bytes)
Event: 27.716 Thread 0x00000264779e6000 nmethod 3234 0x00000264006aef10 code [0x00000264006af0a0, 0x00000264006af2d8]
Event: 27.744 Thread 0x00000264779e6000 3235       3       java.lang.invoke.MethodHandles$Lookup::resolveOrFail (44 bytes)
Event: 27.745 Thread 0x00000264779e6000 nmethod 3235 0x00000264006af390 code [0x00000264006af640, 0x00000264006b0328]
Event: 27.745 Thread 0x00000264779e6000 3236       3       java.lang.invoke.MethodHandles$Lookup::getDirectMethodForConstant (72 bytes)
Event: 27.746 Thread 0x00000264779e6000 nmethod 3236 0x00000264006b0790 code [0x00000264006b0ae0, 0x00000264006b1de8]

GC Heap History (10 events):
Event: 0.499 GC heap before
{Heap before GC invocations=0 (full 0):
 garbage-first heap   total 126976K, used 20480K [0x0000000600000000, 0x0000000800000000)
  region size 4096K, 5 young (20480K), 0 survivors (0K)
 Metaspace       used 828K, committed 960K, reserved 1114112K
  class space    used 61K, committed 128K, reserved 1048576K
}
Event: 0.504 GC heap after
{Heap after GC invocations=1 (full 0):
 garbage-first heap   total 126976K, used 1664K [0x0000000600000000, 0x0000000800000000)
  region size 4096K, 1 young (4096K), 1 survivors (4096K)
 Metaspace       used 828K, committed 960K, reserved 1114112K
  class space    used 61K, committed 128K, reserved 1048576K
}
Event: 1.268 GC heap before
{Heap before GC invocations=1 (full 0):
 garbage-first heap   total 126976K, used 42624K [0x0000000600000000, 0x0000000800000000)
  region size 4096K, 11 young (45056K), 1 survivors (4096K)
 Metaspace       used 4445K, committed 4608K, reserved 1114112K
  class space    used 547K, committed 640K, reserved 1048576K
}
Event: 1.278 GC heap after
{Heap after GC invocations=2 (full 0):
 garbage-first heap   total 126976K, used 11862K [0x0000000600000000, 0x0000000800000000)
  region size 4096K, 2 young (8192K), 2 survivors (8192K)
 Metaspace       used 4445K, committed 4608K, reserved 1114112K
  class space    used 547K, committed 640K, reserved 1048576K
}
Event: 2.088 GC heap before
{Heap before GC invocations=2 (full 0):
 garbage-first heap   total 126976K, used 69206K [0x0000000600000000, 0x0000000800000000)
  region size 4096K, 17 young (69632K), 2 survivors (8192K)
 Metaspace       used 7402K, committed 7552K, reserved 1114112K
  class space    used 979K, committed 1024K, reserved 1048576K
}
Event: 2.099 GC heap after
{Heap after GC invocations=3 (full 0):
 garbage-first heap   total 126976K, used 18531K [0x0000000600000000, 0x0000000800000000)
  region size 4096K, 2 young (8192K), 2 survivors (8192K)
 Metaspace       used 7402K, committed 7552K, reserved 1114112K
  class space    used 979K, committed 1024K, reserved 1048576K
}
Event: 26.166 GC heap before
{Heap before GC invocations=3 (full 0):
 garbage-first heap   total 126976K, used 75875K [0x0000000600000000, 0x0000000800000000)
  region size 4096K, 16 young (65536K), 2 survivors (8192K)
 Metaspace       used 17152K, committed 17408K, reserved 1114112K
  class space    used 2362K, committed 2496K, reserved 1048576K
}
Event: 26.201 GC heap after
{Heap after GC invocations=4 (full 0):
 garbage-first heap   total 126976K, used 22109K [0x0000000600000000, 0x0000000800000000)
  region size 4096K, 1 young (4096K), 1 survivors (4096K)
 Metaspace       used 17152K, committed 17408K, reserved 1114112K
  class space    used 2362K, committed 2496K, reserved 1048576K
}
Event: 27.385 GC heap before
{Heap before GC invocations=4 (full 0):
 garbage-first heap   total 126976K, used 54877K [0x0000000600000000, 0x0000000800000000)
  region size 4096K, 10 young (40960K), 1 survivors (4096K)
 Metaspace       used 21140K, committed 21504K, reserved 1114112K
  class space    used 3050K, committed 3264K, reserved 1048576K
}
Event: 27.393 GC heap after
{Heap after GC invocations=5 (full 0):
 garbage-first heap   total 126976K, used 23946K [0x0000000600000000, 0x0000000800000000)
  region size 4096K, 2 young (8192K), 2 survivors (8192K)
 Metaspace       used 21140K, committed 21504K, reserved 1114112K
  class space    used 3050K, committed 3264K, reserved 1048576K
}

Deoptimization events (20 events):
Event: 25.912 Thread 0x00000264be2fafe0 Uncommon trap: trap_request=0xffffff45 fr.pc=0x00000264103dfdf8 relative=0x00000000000000d8
Event: 25.912 Thread 0x00000264be2fafe0 Uncommon trap: reason=unstable_if action=reinterpret pc=0x00000264103dfdf8 method=java.util.HashMap.hash(Ljava/lang/Object;)I @ 1 c2
Event: 25.912 Thread 0x00000264be2fafe0 DEOPT PACKING pc=0x00000264103dfdf8 sp=0x000000785c8fbc80
Event: 25.912 Thread 0x00000264be2fafe0 DEOPT UNPACKING pc=0x000002640fca5ba3 sp=0x000000785c8fbbc0 mode 2
Event: 26.248 Thread 0x00000264be2fafe0 DEOPT PACKING pc=0x000002640050297d sp=0x000000785c8fc0e0
Event: 26.248 Thread 0x00000264be2fafe0 DEOPT UNPACKING pc=0x000002640fca66e3 sp=0x000000785c8fb5f0 mode 0
Event: 26.262 Thread 0x00000264be2fa5c0 DEOPT PACKING pc=0x000002640040bf72 sp=0x000000785befeac0
Event: 26.262 Thread 0x00000264be2fa5c0 DEOPT UNPACKING pc=0x000002640fca66e3 sp=0x000000785befdf38 mode 0
Event: 26.298 Thread 0x00000264be2fafe0 DEOPT PACKING pc=0x000002640050299e sp=0x000000785c8fca30
Event: 26.298 Thread 0x00000264be2fafe0 DEOPT UNPACKING pc=0x000002640fca66e3 sp=0x000000785c8fbf40 mode 0
Event: 26.328 Thread 0x00000264be2fafe0 DEOPT PACKING pc=0x000002640050299e sp=0x000000785c8f69e0
Event: 26.328 Thread 0x00000264be2fafe0 DEOPT UNPACKING pc=0x000002640fca66e3 sp=0x000000785c8f5ef0 mode 0
Event: 26.999 Thread 0x00000264be2fafe0 Uncommon trap: trap_request=0xffffffcc fr.pc=0x000002641051b254 relative=0x0000000000001434
Event: 26.999 Thread 0x00000264be2fafe0 Uncommon trap: reason=intrinsic_or_type_checked_inlining action=make_not_entrant pc=0x000002641051b254 method=java.util.ArrayList.toArray([Ljava/lang/Object;)[Ljava/lang/Object; @ 36 c2
Event: 26.999 Thread 0x00000264be2fafe0 DEOPT PACKING pc=0x000002641051b254 sp=0x000000785c8fa710
Event: 26.999 Thread 0x00000264be2fafe0 DEOPT UNPACKING pc=0x000002640fca5ba3 sp=0x000000785c8fa660 mode 2
Event: 27.662 Thread 0x00000264be2fafe0 Uncommon trap: trap_request=0xffffffde fr.pc=0x00000264103ae3a4 relative=0x00000000000001a4
Event: 27.662 Thread 0x00000264be2fafe0 Uncommon trap: reason=class_check action=maybe_recompile pc=0x00000264103ae3a4 method=java.lang.String.equals(Ljava/lang/Object;)Z @ 8 c2
Event: 27.662 Thread 0x00000264be2fafe0 DEOPT PACKING pc=0x00000264103ae3a4 sp=0x000000785c8f8ed0
Event: 27.662 Thread 0x00000264be2fafe0 DEOPT UNPACKING pc=0x000002640fca5ba3 sp=0x000000785c8f8e78 mode 2

Classes unloaded (0 events):
No events

Classes redefined (0 events):
No events

Internal exceptions (20 events):
Event: 25.506 Thread 0x00000264be2fafe0 Exception <a 'java/lang/NoSuchMethodError'{0x0000000605342d88}: 'java.lang.Object java.lang.invoke.DirectMethodHandle$Holder.newInvokeSpecial(java.lang.Object, java.lang.Object, int)'> (0x0000000605342d88) 
thrown [s\open\src\hotspot\share\interpreter\linkResolver.cpp, line 759]
Event: 25.728 Thread 0x00000264be2fafe0 Exception <a 'java/lang/NoSuchMethodError'{0x0000000604f7e510}: 'void java.lang.invoke.DirectMethodHandle$Holder.invokeStatic(java.lang.Object, java.lang.Object, java.lang.Object, java.lang.Object)'> (0x0000000604f7e510) 
thrown [s\open\src\hotspot\share\interpreter\linkResolver.cpp, line 759]
Event: 25.729 Thread 0x00000264be2fafe0 Exception <a 'java/lang/NoSuchMethodError'{0x0000000604f829b0}: 'void java.lang.invoke.DirectMethodHandle$Holder.invokeStaticInit(java.lang.Object, java.lang.Object, java.lang.Object, java.lang.Object)'> (0x0000000604f829b0) 
thrown [s\open\src\hotspot\share\interpreter\linkResolver.cpp, line 759]
Event: 25.759 Thread 0x00000264be2fafe0 Exception <a 'java/lang/NoSuchMethodError'{0x0000000604fe1d70}: 'java.lang.Object java.lang.invoke.DirectMethodHandle$Holder.invokeInterface(java.lang.Object, java.lang.Object, java.lang.Object)'> (0x0000000604fe1d70) 
thrown [s\open\src\hotspot\share\interpreter\linkResolver.cpp, line 759]
Event: 25.830 Thread 0x00000264be2fafe0 Exception <a 'java/lang/NoSuchMethodError'{0x00000006048ca640}: 'int java.lang.invoke.DirectMethodHandle$Holder.invokeSpecialIFC(java.lang.Object, java.lang.Object, java.lang.Object, java.lang.Object)'> (0x00000006048ca640) 
thrown [s\open\src\hotspot\share\interpreter\linkResolver.cpp, line 759]
Event: 25.835 Thread 0x00000264be2fafe0 Exception <a 'java/lang/IncompatibleClassChangeError'{0x00000006048d9458}: Found class java.lang.Object, but interface was expected> (0x00000006048d9458) 
thrown [s\open\src\hotspot\share\interpreter\linkResolver.cpp, line 826]
Event: 25.912 Thread 0x00000264be2fafe0 Implicit null exception at 0x00000264103dfd58 to 0x00000264103dfdee
Event: 25.953 Thread 0x00000264be2fafe0 Exception <a 'java/lang/NoSuchMethodError'{0x0000000604ae57f8}: 'int java.lang.invoke.DirectMethodHandle$Holder.invokeStatic(java.lang.Object, java.lang.Object, java.lang.Object, java.lang.Object)'> (0x0000000604ae57f8) 
thrown [s\open\src\hotspot\share\interpreter\linkResolver.cpp, line 759]
Event: 25.955 Thread 0x00000264be2fafe0 Exception <a 'java/lang/NoSuchMethodError'{0x0000000604ae96c8}: 'java.lang.Object java.lang.invoke.Invokers$Holder.invokeExact_MT(java.lang.Object, java.lang.Object, java.lang.Object, java.lang.Object, java.lang.Object, java.lang.Object)'> (0x0000000604ae96c8) 
thrown [s\open\src\hotspot\share\interpreter\linkResolver.cpp, line 759]
Event: 26.123 Thread 0x00000264be2fafe0 Exception <a 'java/lang/IncompatibleClassChangeError'{0x00000006046e4dc8}: Found class java.lang.Object, but interface was expected> (0x00000006046e4dc8) 
thrown [s\open\src\hotspot\share\interpreter\linkResolver.cpp, line 826]
Event: 26.262 Thread 0x00000264be2fa5c0 Exception <a 'java/lang/NoSuchMethodError'{0x000000060780f5e8}: static Lorg/gradle/internal/build/event/types/DefaultOperationStartedProgressEvent;.<clinit>()V> (0x000000060780f5e8) 
thrown [s\open\src\hotspot\share\prims\jni.cpp, line 1112]
Event: 26.263 Thread 0x00000264be2fa5c0 Exception <a 'java/lang/NoSuchMethodError'{0x0000000607810b70}: static Lorg/gradle/internal/build/event/types/AbstractProgressEvent;.<clinit>()V> (0x0000000607810b70) 
thrown [s\open\src\hotspot\share\prims\jni.cpp, line 1112]
Event: 26.264 Thread 0x00000264be2fa5c0 Exception <a 'java/lang/NoSuchMethodError'{0x00000006078198f8}: static Lorg/gradle/internal/build/event/types/DefaultOperationDescriptor;.<clinit>()V> (0x00000006078198f8) 
thrown [s\open\src\hotspot\share\prims\jni.cpp, line 1112]
Event: 26.265 Thread 0x00000264be2fa5c0 Exception <a 'java/lang/NoSuchMethodError'{0x0000000607a39108}: static Lorg/gradle/internal/operations/OperationIdentifier;.<clinit>()V> (0x0000000607a39108) 
thrown [s\open\src\hotspot\share\prims\jni.cpp, line 1112]
Event: 26.706 Thread 0x00000264be2fafe0 Exception <a 'java/lang/NoSuchMethodError'{0x0000000606db73a0}: 'int java.lang.invoke.DirectMethodHandle$Holder.invokeStaticInit(java.lang.Object, java.lang.Object, java.lang.Object)'> (0x0000000606db73a0) 
thrown [s\open\src\hotspot\share\interpreter\linkResolver.cpp, line 759]
Event: 27.068 Thread 0x00000264be2fafe0 Exception <a 'java/lang/NoSuchMethodError'{0x00000006060783c8}: 'void java.lang.invoke.DirectMethodHandle$Holder.invokeSpecial(java.lang.Object, java.lang.Object, java.lang.Object, java.lang.Object, java.lang.Object)'> (0x00000006060783c8) 
thrown [s\open\src\hotspot\share\interpreter\linkResolver.cpp, line 759]
Event: 27.069 Thread 0x00000264be2fafe0 Exception <a 'java/lang/NoSuchMethodError'{0x000000060607fd28}: 'java.lang.Object java.lang.invoke.Invokers$Holder.invoker(java.lang.Object, java.lang.Object, java.lang.Object, java.lang.Object)'> (0x000000060607fd28) 
thrown [s\open\src\hotspot\share\interpreter\linkResolver.cpp, line 759]
Event: 27.185 Thread 0x00000264be2fafe0 Exception <a 'java/lang/NoSuchMethodError'{0x0000000605c58510}: 'java.lang.Object java.lang.invoke.DirectMethodHandle$Holder.invokeVirtual(java.lang.Object, java.lang.Object, java.lang.Object, java.lang.Object)'> (0x0000000605c58510) 
thrown [s\open\src\hotspot\share\interpreter\linkResolver.cpp, line 759]
Event: 27.257 Thread 0x00000264be2fafe0 Exception <a 'java/lang/NoSuchMethodError'{0x0000000605e2d380}: 'java.lang.Object java.lang.invoke.DirectMethodHandle$Holder.newInvokeSpecial(java.lang.Object, java.lang.Object, java.lang.Object, java.lang.Object, java.lang.Object, java.lang.Object, java.lang.Object)'> (0x0000000605e2d380) 
thrown [s\open\src\hotspot\share\interpreter\linkResolver.cpp, line 759]
Event: 27.257 Thread 0x00000264be2fafe0 Exception <a 'java/lang/NoSuchMethodError'{0x0000000605e32050}: 'java.lang.Object java.lang.invoke.Invokers$Holder.linkToTargetMethod(java.lang.Object, java.lang.Object, java.lang.Object, java.lang.Object, java.lang.Object, java.lang.Object, java.lang.Object)'> (0x0000000605e32050) 
thrown [s\open\src\hotspot\share\interpreter\linkResolver.cpp, line 759]

VM Operations (20 events):
Event: 18.542 Executing VM operation: Cleanup
Event: 18.542 Executing VM operation: Cleanup done
Event: 19.557 Executing VM operation: Cleanup
Event: 19.557 Executing VM operation: Cleanup done
Event: 22.580 Executing VM operation: Cleanup
Event: 22.580 Executing VM operation: Cleanup done
Event: 24.602 Executing VM operation: Cleanup
Event: 24.602 Executing VM operation: Cleanup done
Event: 25.199 Executing VM operation: HandshakeAllThreads
Event: 25.200 Executing VM operation: HandshakeAllThreads done
Event: 26.164 Executing VM operation: G1CollectForAllocation
Event: 26.202 Executing VM operation: G1CollectForAllocation done
Event: 26.662 Executing VM operation: HandshakeAllThreads
Event: 26.662 Executing VM operation: HandshakeAllThreads done
Event: 27.385 Executing VM operation: CollectForMetadataAllocation
Event: 27.393 Executing VM operation: CollectForMetadataAllocation done
Event: 27.411 Executing VM operation: G1Concurrent
Event: 27.420 Executing VM operation: G1Concurrent done
Event: 27.422 Executing VM operation: G1Concurrent
Event: 27.426 Executing VM operation: G1Concurrent done

Events (20 events):
Event: 27.142 loading class org/xml/sax/SAXException
Event: 27.143 loading class org/xml/sax/SAXException done
Event: 27.143 loading class javax/xml/xpath/XPathExpressionException
Event: 27.145 loading class javax/xml/xpath/XPathException
Event: 27.145 loading class javax/xml/xpath/XPathException done
Event: 27.145 loading class javax/xml/xpath/XPathExpressionException done
Event: 27.145 loading class org/xml/sax/ErrorHandler
Event: 27.146 loading class org/xml/sax/ErrorHandler done
Event: 27.152 loading class java/nio/file/AtomicMoveNotSupportedException
Event: 27.152 loading class java/nio/file/AtomicMoveNotSupportedException done
Event: 27.286 loading class java/lang/ThreadLocal$SuppliedThreadLocal
Event: 27.287 loading class java/lang/ThreadLocal$SuppliedThreadLocal done
Event: 27.521 loading class java/util/zip/GZIPInputStream
Event: 27.532 loading class java/util/zip/GZIPInputStream done
Event: 27.532 loading class java/util/zip/GZIPOutputStream
Event: 27.536 loading class java/util/zip/DeflaterOutputStream
Event: 27.540 loading class java/util/zip/DeflaterOutputStream done
Event: 27.540 loading class java/util/zip/GZIPOutputStream done
Event: 27.715 Thread 0x00000264be2f9690 Thread added: 0x00000264be2f9690
Event: 27.801 Thread 0x00000264befba270 Thread added: 0x00000264befba270


Dynamic libraries:
0x00007ff72c8d0000 - 0x00007ff72c8e0000 	C:\Program Files\Java\jdk-17\bin\java.exe
0x00007ffa7e200000 - 0x00007ffa7e465000 	C:\WINDOWS\SYSTEM32\ntdll.dll
0x00007ffa7c560000 - 0x00007ffa7c629000 	C:\WINDOWS\System32\KERNEL32.DLL
0x00007ffa7ba30000 - 0x00007ffa7be18000 	C:\WINDOWS\System32\KERNELBASE.dll
0x00007ffa77fc0000 - 0x00007ffa7805e000 	C:\WINDOWS\SYSTEM32\apphelp.dll
0x00007ffa7b820000 - 0x00007ffa7b96b000 	C:\WINDOWS\System32\ucrtbase.dll
0x00007ffa1b6a0000 - 0x00007ffa1b6bb000 	C:\Program Files\Java\jdk-17\bin\VCRUNTIME140.dll
0x00007ffa1b680000 - 0x00007ffa1b699000 	C:\Program Files\Java\jdk-17\bin\jli.dll
0x00007ffa7bfa0000 - 0x00007ffa7c053000 	C:\WINDOWS\System32\ADVAPI32.dll
0x00007ffa7cc60000 - 0x00007ffa7cd09000 	C:\WINDOWS\System32\msvcrt.dll
0x00007ffa7d510000 - 0x00007ffa7d5b6000 	C:\WINDOWS\System32\sechost.dll
0x00007ffa7d3f0000 - 0x00007ffa7d505000 	C:\WINDOWS\System32\RPCRT4.dll
0x00007ffa7c900000 - 0x00007ffa7caca000 	C:\WINDOWS\System32\USER32.dll
0x00007ffa7b600000 - 0x00007ffa7b627000 	C:\WINDOWS\System32\win32u.dll
0x00007ffa603a0000 - 0x00007ffa6063a000 	C:\WINDOWS\WinSxS\amd64_microsoft.windows.common-controls_6595b64144ccf1df_6.0.26100.4202_none_3e0698d4e335f517\COMCTL32.dll
0x00007ffa7c2f0000 - 0x00007ffa7c31b000 	C:\WINDOWS\System32\GDI32.dll
0x00007ffa7b630000 - 0x00007ffa7b767000 	C:\WINDOWS\System32\gdi32full.dll
0x00007ffa7b770000 - 0x00007ffa7b813000 	C:\WINDOWS\System32\msvcp_win.dll
0x00007ffa78d20000 - 0x00007ffa78d2b000 	C:\WINDOWS\SYSTEM32\VERSION.dll
0x00007ffa7c520000 - 0x00007ffa7c550000 	C:\WINDOWS\System32\IMM32.DLL
0x00007ffa25b10000 - 0x00007ffa25b1c000 	C:\Program Files\Java\jdk-17\bin\vcruntime140_1.dll
0x00007ffa1b790000 - 0x00007ffa1b81e000 	C:\Program Files\Java\jdk-17\bin\msvcp140.dll
0x00007ff941e30000 - 0x00007ff942a10000 	C:\Program Files\Java\jdk-17\bin\server\jvm.dll
0x00007ffa7c510000 - 0x00007ffa7c518000 	C:\WINDOWS\System32\PSAPI.DLL
0x00007ffa5c210000 - 0x00007ffa5c21a000 	C:\WINDOWS\SYSTEM32\WSOCK32.dll
0x00007ffa6a8f0000 - 0x00007ffa6a925000 	C:\WINDOWS\SYSTEM32\WINMM.dll
0x00007ffa7c7a0000 - 0x00007ffa7c814000 	C:\WINDOWS\System32\WS2_32.dll
0x00007ffa7a0d0000 - 0x00007ffa7a0eb000 	C:\WINDOWS\SYSTEM32\kernel.appcore.dll
0x00007ffa25b00000 - 0x00007ffa25b0a000 	C:\Program Files\Java\jdk-17\bin\jimage.dll
0x00007ffa77c80000 - 0x00007ffa77ec1000 	C:\WINDOWS\SYSTEM32\DBGHELP.DLL
0x00007ffa7d620000 - 0x00007ffa7d9a5000 	C:\WINDOWS\System32\combase.dll
0x00007ffa7c420000 - 0x00007ffa7c501000 	C:\WINDOWS\System32\OLEAUT32.dll
0x00007ffa5d6a0000 - 0x00007ffa5d6d9000 	C:\WINDOWS\SYSTEM32\dbgcore.DLL
0x00007ffa7b560000 - 0x00007ffa7b5f9000 	C:\WINDOWS\System32\bcryptPrimitives.dll
0x00007ffa25910000 - 0x00007ffa2591e000 	C:\Program Files\Java\jdk-17\bin\instrument.dll
0x00007ffa1c1b0000 - 0x00007ffa1c1d5000 	C:\Program Files\Java\jdk-17\bin\java.dll
0x00007ff991760000 - 0x00007ff991837000 	C:\Program Files\Java\jdk-17\bin\jsvml.dll
0x00007ffa7d9b0000 - 0x00007ffa7e0f2000 	C:\WINDOWS\System32\SHELL32.dll
0x00007ffa7be20000 - 0x00007ffa7bf94000 	C:\WINDOWS\System32\wintypes.dll
0x00007ffa78f90000 - 0x00007ffa797e8000 	C:\WINDOWS\SYSTEM32\windows.storage.dll
0x00007ffa7c320000 - 0x00007ffa7c411000 	C:\WINDOWS\System32\SHCORE.dll
0x00007ffa7c060000 - 0x00007ffa7c0ca000 	C:\WINDOWS\System32\shlwapi.dll
0x00007ffa7b260000 - 0x00007ffa7b28f000 	C:\WINDOWS\SYSTEM32\profapi.dll
0x00007ffa1b770000 - 0x00007ffa1b788000 	C:\Program Files\Java\jdk-17\bin\zip.dll
0x00007ffa1b750000 - 0x00007ffa1b769000 	C:\Program Files\Java\jdk-17\bin\net.dll
0x00007ffa73aa0000 - 0x00007ffa73bbe000 	C:\WINDOWS\SYSTEM32\WINHTTP.dll
0x00007ffa7a620000 - 0x00007ffa7a68a000 	C:\WINDOWS\system32\mswsock.dll
0x00007ffa1b730000 - 0x00007ffa1b746000 	C:\Program Files\Java\jdk-17\bin\nio.dll
0x00007ffa24670000 - 0x00007ffa24680000 	C:\Program Files\Java\jdk-17\bin\verify.dll
0x00007ffa1c1e0000 - 0x00007ffa1c207000 	C:\Users\User\.gradle\native\1def1411415f61bf3af743bc5b6707747c0891f09f0c88961ee8f79bc544acac\windows-amd64\native-platform.dll
0x00007ff9916e0000 - 0x00007ff991758000 	C:\Users\User\.gradle\native\0.2.7\x86_64-windows-gnu\gradle-fileevents.dll
0x00007ffa239e0000 - 0x00007ffa239ea000 	C:\Program Files\Java\jdk-17\bin\management.dll
0x00007ffa23940000 - 0x00007ffa2394b000 	C:\Program Files\Java\jdk-17\bin\management_ext.dll
0x00007ffa79ae0000 - 0x00007ffa79b13000 	C:\WINDOWS\SYSTEM32\IPHLPAPI.DLL
0x00007ffa7c8a0000 - 0x00007ffa7c8aa000 	C:\WINDOWS\System32\NSI.dll
0x00007ffa73a20000 - 0x00007ffa73a3f000 	C:\WINDOWS\SYSTEM32\dhcpcsvc6.DLL
0x00007ffa739a0000 - 0x00007ffa739c5000 	C:\WINDOWS\SYSTEM32\dhcpcsvc.DLL
0x00007ffa79b20000 - 0x00007ffa79c47000 	C:\WINDOWS\SYSTEM32\DNSAPI.dll
0x00007ffa7aa00000 - 0x00007ffa7aa1b000 	C:\WINDOWS\SYSTEM32\CRYPTSP.dll
0x00007ffa7a030000 - 0x00007ffa7a06a000 	C:\WINDOWS\system32\rsaenh.dll
0x00007ffa7a6c0000 - 0x00007ffa7a6eb000 	C:\WINDOWS\SYSTEM32\USERENV.dll
0x00007ffa7b230000 - 0x00007ffa7b256000 	C:\WINDOWS\SYSTEM32\bcrypt.dll
0x00007ffa7a9e0000 - 0x00007ffa7a9ec000 	C:\WINDOWS\SYSTEM32\CRYPTBASE.dll
0x00007ffa201c0000 - 0x00007ffa201ce000 	C:\Program Files\Java\jdk-17\bin\sunmscapi.dll
0x00007ffa7b3e0000 - 0x00007ffa7b557000 	C:\WINDOWS\System32\CRYPT32.dll
0x00007ffa7ac70000 - 0x00007ffa7aca0000 	C:\WINDOWS\SYSTEM32\ncrypt.dll
0x00007ffa7ac20000 - 0x00007ffa7ac5f000 	C:\WINDOWS\SYSTEM32\NTASN1.dll
0x00007ffa4cc70000 - 0x00007ffa4cc78000 	C:\WINDOWS\system32\wshunix.dll

dbghelp: loaded successfully - version: 4.0.5 - missing functions: none
symbol engine: initialized successfully - sym options: 0x614 - pdb path: .;C:\Program Files\Java\jdk-17\bin;C:\WINDOWS\SYSTEM32;C:\WINDOWS\WinSxS\amd64_microsoft.windows.common-controls_6595b64144ccf1df_6.0.26100.4202_none_3e0698d4e335f517;C:\Program Files\Java\jdk-17\bin\server;C:\Users\User\.gradle\native\1def1411415f61bf3af743bc5b6707747c0891f09f0c88961ee8f79bc544acac\windows-amd64;C:\Users\User\.gradle\native\0.2.7\x86_64-windows-gnu

VM Arguments:
jvm_args: --add-opens=java.base/java.lang=ALL-UNNAMED --add-opens=java.base/java.lang.invoke=ALL-UNNAMED --add-opens=java.base/java.util=ALL-UNNAMED --add-opens=java.prefs/java.util.prefs=ALL-UNNAMED --add-exports=jdk.compiler/com.sun.tools.javac.api=ALL-UNNAMED --add-exports=jdk.compiler/com.sun.tools.javac.util=ALL-UNNAMED --add-opens=java.base/java.util=ALL-UNNAMED --add-opens=java.prefs/java.util.prefs=ALL-UNNAMED --add-opens=java.base/java.nio.charset=ALL-UNNAMED --add-opens=java.base/java.net=ALL-UNNAMED --add-opens=java.base/java.util.concurrent.atomic=ALL-UNNAMED --add-opens=java.xml/javax.xml.namespace=ALL-UNNAMED -XX:MaxMetaspaceSize=4G -XX:ReservedCodeCacheSize=512m -XX:+HeapDumpOnOutOfMemoryError -Xmx8G -Dfile.encoding=UTF-8 -Duser.country=US -Duser.language=en -Duser.variant -javaagent:C:\Users\User\.gradle\wrapper\dists\gradle-8.14-all\c2qonpi39x1mddn7hk5gh9iqj\gradle-8.14\lib\agents\gradle-instrumentation-agent-8.14.jar 
java_command: org.gradle.launcher.daemon.bootstrap.GradleDaemon 8.14
java_class_path (initial): C:\Users\User\.gradle\wrapper\dists\gradle-8.14-all\c2qonpi39x1mddn7hk5gh9iqj\gradle-8.14\lib\gradle-daemon-main-8.14.jar
Launcher Type: SUN_STANDARD

[Global flags]
     intx CICompilerCount                          = 12                                        {product} {ergonomic}
     uint ConcGCThreads                            = 3                                         {product} {ergonomic}
     uint G1ConcRefinementThreads                  = 13                                        {product} {ergonomic}
   size_t G1HeapRegionSize                         = 4194304                                   {product} {ergonomic}
    uintx GCDrainStackTargetSize                   = 64                                        {product} {ergonomic}
     bool HeapDumpOnOutOfMemoryError               = true                                   {manageable} {command line}
   size_t InitialHeapSize                          = 130023424                                 {product} {ergonomic}
   size_t MarkStackSize                            = 4194304                                   {product} {ergonomic}
   size_t MaxHeapSize                              = 8589934592                                {product} {command line}
   size_t MaxMetaspaceSize                         = 4294967296                                {product} {command line}
   size_t MaxNewSize                               = 5150605312                                {product} {ergonomic}
   size_t MinHeapDeltaBytes                        = 4194304                                   {product} {ergonomic}
   size_t MinHeapSize                              = 8388608                                   {product} {ergonomic}
    uintx NonNMethodCodeHeapSize                   = 7602480                                {pd product} {ergonomic}
    uintx NonProfiledCodeHeapSize                  = 264634216                              {pd product} {ergonomic}
    uintx ProfiledCodeHeapSize                     = 264634216                              {pd product} {ergonomic}
    uintx ReservedCodeCacheSize                    = 536870912                              {pd product} {command line}
     bool SegmentedCodeCache                       = true                                      {product} {ergonomic}
   size_t SoftMaxHeapSize                          = 8589934592                             {manageable} {ergonomic}
   double SweeperThreshold                         = 0.234375                                  {product} {ergonomic}
     bool UseCompressedClassPointers               = true                           {product lp64_product} {ergonomic}
     bool UseCompressedOops                        = true                           {product lp64_product} {ergonomic}
     bool UseG1GC                                  = true                                      {product} {ergonomic}
     bool UseLargePagesIndividualAllocation        = false                                  {pd product} {ergonomic}

Logging:
Log output configuration:
 #0: stdout all=warning uptime,level,tags
 #1: stderr all=off uptime,level,tags

Environment Variables:
PATH=C:\Program Files\Common Files\Oracle\Java\javapath;C:\WINDOWS\system32;C:\WINDOWS;C:\WINDOWS\System32\Wbem;C:\WINDOWS\System32\WindowsPowerShell\v1.0\;C:\WINDOWS\System32\OpenSSH\;C:\Program Files (x86)\NVIDIA Corporation\PhysX\Common;C:\Program Files\NVIDIA Corporation\NVIDIA app\NvDLISR;C:\Program Files\nodejs\;C:\Program Files\Git\cmd;C:\Program Files\Docker\Docker\resources\bin;C:\Program Files\sonar-scanner-7.1.0.4889-windows-x64\bin;C:\Program Files (x86)\Microsoft SQL Server\160\DTS\Binn\;C:\Program Files\MySQL\MySQL Server 8.0\bin;C:\Program Files\Microsoft SQL Server\150\Tools\Binn\;C:\WINDOWS\twain_32\ebscan\;C:\WINDOWS\twain_64\ebscan\;C:\WINDOWS\twain_32\erscan\;C:\WINDOWS\twain_64\erscan\;C:\Program Files\TOSHIBA\TOSHIBA e-STUDIO Client\TOSHIBA e-STUDIO AddressBook Viewer\Shared;C:\Program Files\cursor\resources\app\bin;G:\flutter\flutter\bin;C:\Users\User\.cargo\bin;C:\Program Files\MySQL\MySQL Shell 8.0\bin\;C:\Users\User\AppData\Local\Programs\Python\Python313\Scripts\;C:\Users\User\AppData\Local\Programs\Python\Python313\;C:\Users\User\AppData\Local\Programs\Python\Launcher\;C:\Users\User\AppData\Local\Microsoft\WindowsApps;C:\Users\User\AppData\Local\Programs\Microsoft VS Code\bin;C:\Users\User\AppData\Roaming\npm;C:\Users\User\PyCharm 2024.3\bin;C:\Users\User\AppData\Local\GitHubDesktop\bin
USERNAME=User
OS=Windows_NT
PROCESSOR_IDENTIFIER=Intel64 Family 6 Model 141 Stepping 1, GenuineIntel



---------------  S Y S T E M  ---------------

OS:
 Windows 11 , 64 bit Build 26100 (10.0.26100.4202)
OS uptime: 1 days 5:51 hours
Hyper-V role detected

CPU: total 16 (initial active 16) (8 cores per cpu, 2 threads per core) family 6 model 141 stepping 1 microcode 0x34, cx8, cmov, fxsr, ht, mmx, 3dnowpref, sse, sse2, sse3, ssse3, sse4.1, sse4.2, popcnt, lzcnt, tsc, tscinvbit, avx, avx2, aes, erms, clmul, bmi1, bmi2, adx, avx512f, avx512dq, avx512cd, avx512bw, avx512vl, sha, fma, vzeroupper, avx512_vpopcntdq, avx512_vpclmulqdq, avx512_vaes, avx512_vnni, clflush, clflushopt, clwb, avx512_vbmi2, avx512_vbmi, hv

Memory: 4k page, system-wide physical 7877M (285M free)
TotalPageFile size 23434M (AvailPageFile size 57M)
current process WorkingSet (physical memory assigned to process): 161M, peak: 175M
current process commit charge ("private bytes"): 286M, peak: 305M

vm_info: Java HotSpot(TM) 64-Bit Server VM (17.0.12+8-LTS-286) for windows-amd64 JRE (17.0.12+8-LTS-286), built on Jun  5 2024 06:46:59 by "mach5one" with MS VC++ 17.6 (VS2022)

END.
