#
# There is insufficient memory for the Java Runtime Environment to continue.
# Native memory allocation (mmap) failed to map 65536 bytes for Failed to commit metaspace.
# Possible reasons:
#   The system is out of physical RAM or swap space
#   The process is running with CompressedOops enabled, and the Java Heap may be blocking the growth of the native heap
# Possible solutions:
#   Reduce memory load on the system
#   Increase physical memory or swap space
#   Check if swap backing store is full
#   Decrease Java heap size (-Xmx/-Xms)
#   Decrease number of Java threads
#   Decrease Java thread stack sizes (-Xss)
#   Set larger code cache with -XX:ReservedCodeCacheSize=
#   JVM is running with Zero Based Compressed Oops mode in which the Java heap is
#     placed in the first 32GB address space. The Java Heap base address is the
#     maximum limit for the native heap growth. Please use -XX:HeapBaseMinAddress
#     to set the Java Heap base and to place the Java Heap above 32GB virtual address.
# This output file may be truncated or incomplete.
#
#  Out of Memory Error (virtualSpaceNode.cpp:110), pid=5028, tid=11516
#
# JRE version: Java(TM) SE Runtime Environment (17.0.12+8) (build 17.0.12+8-LTS-286)
# Java VM: Java HotSpot(TM) 64-Bit Server VM (17.0.12+8-LTS-286, mixed mode, sharing, tiered, compressed oops, compressed class ptrs, g1 gc, windows-amd64)
# No core dump will be written. Minidumps are not enabled by default on client versions of Windows
#

---------------  S U M M A R Y ------------

Command Line: --add-opens=java.base/java.lang=ALL-UNNAMED --add-opens=java.base/java.lang.invoke=ALL-UNNAMED --add-opens=java.base/java.util=ALL-UNNAMED --add-opens=java.prefs/java.util.prefs=ALL-UNNAMED --add-exports=jdk.compiler/com.sun.tools.javac.api=ALL-UNNAMED --add-exports=jdk.compiler/com.sun.tools.javac.util=ALL-UNNAMED --add-opens=java.base/java.util=ALL-UNNAMED --add-opens=java.prefs/java.util.prefs=ALL-UNNAMED --add-opens=java.base/java.nio.charset=ALL-UNNAMED --add-opens=java.base/java.net=ALL-UNNAMED --add-opens=java.base/java.util.concurrent.atomic=ALL-UNNAMED --add-opens=java.xml/javax.xml.namespace=ALL-UNNAMED -XX:MaxMetaspaceSize=4G -XX:ReservedCodeCacheSize=512m -XX:+HeapDumpOnOutOfMemoryError -Xmx8G -Dfile.encoding=UTF-8 -Duser.country=US -Duser.language=en -Duser.variant -javaagent:C:\Users\User\.gradle\wrapper\dists\gradle-8.14-all\c2qonpi39x1mddn7hk5gh9iqj\gradle-8.14\lib\agents\gradle-instrumentation-agent-8.14.jar org.gradle.launcher.daemon.bootstrap.GradleDaemon 8.14

Host: 11th Gen Intel(R) Core(TM) i7-11800H @ 2.30GHz, 16 cores, 7G,  Windows 11 , 64 bit Build 26100 (10.0.26100.4202)
Time: Thu Feb  5 19:31:31 2026 Sri Lanka Standard Time elapsed time: 4.283284 seconds (0d 0h 0m 4s)

---------------  T H R E A D  ---------------

Current thread (0x000001d2c6143910):  JavaThread "Daemon worker" [_thread_in_vm, id=11516, stack(0x0000009801600000,0x0000009801700000)]

Stack: [0x0000009801600000,0x0000009801700000]
Native frames: (J=compiled Java code, j=interpreted, Vv=VM code, C=native code)
V  [jvm.dll+0x67a04a]
V  [jvm.dll+0x7da4ed]
V  [jvm.dll+0x7dbe33]
V  [jvm.dll+0x7dc4a3]
V  [jvm.dll+0x24508f]
V  [jvm.dll+0x7d60bb]
V  [jvm.dll+0x6206c6]
V  [jvm.dll+0x1bed07]
V  [jvm.dll+0x623022]
V  [jvm.dll+0x621086]
V  [jvm.dll+0x2429bc]
V  [jvm.dll+0x6d0a9d]
V  [jvm.dll+0x6d146f]
V  [jvm.dll+0x36e355]
V  [jvm.dll+0x36d404]
V  [jvm.dll+0x36d3a8]
V  [jvm.dll+0x37d0ca]
C  0x000001d20fc6b766

Java frames: (J=compiled Java code, j=interpreted, Vv=VM code)
j  org.gradle.declarative.dsl.tooling.builders.internal.BuildScopeToolingServices$createIdeBuildScopeToolingModelBuilderRegistryAction$1.execute(Lorg/gradle/tooling/provider/model/ToolingModelBuilderRegistry;)V+7
j  org.gradle.declarative.dsl.tooling.builders.internal.BuildScopeToolingServices$createIdeBuildScopeToolingModelBuilderRegistryAction$1.execute(Ljava/lang/Object;)V+5
j  org.gradle.internal.service.scopes.BuildScopeServices.lambda$createBuildScopedToolingModelBuilders$0(Ljava/util/List;Lorg/gradle/tooling/provider/model/internal/DefaultToolingModelBuilderRegistry;)V+28
j  org.gradle.internal.service.scopes.BuildScopeServices$$Lambda$353+0x000001d281373978.run()V+8
j  org.gradle.internal.code.DefaultUserCodeApplicationContext.gradleRuntime(Ljava/lang/Runnable;)V+20
j  org.gradle.internal.service.scopes.BuildScopeServices.createBuildScopedToolingModelBuilders(Ljava/util/List;Lorg/gradle/internal/operations/BuildOperationRunner;Lorg/gradle/api/internal/project/ProjectStateRegistry;Lorg/gradle/internal/code/UserCodeApplicationContext;)Lorg/gradle/tooling/provider/model/internal/DefaultToolingModelBuilderRegistry;+23
v  ~StubRoutines::call_stub
J 2850  jdk.internal.reflect.NativeMethodAccessorImpl.invoke0(Ljava/lang/reflect/Method;Ljava/lang/Object;[Ljava/lang/Object;)Ljava/lang/Object; java.base@17.0.12 (0 bytes) @ 0x000001d2104fb8a7 [0x000001d2104fb820+0x0000000000000087]
J 2849 c1 jdk.internal.reflect.NativeMethodAccessorImpl.invoke(Ljava/lang/Object;[Ljava/lang/Object;)Ljava/lang/Object; java.base@17.0.12 (137 bytes) @ 0x000001d200606bec [0x000001d2006061e0+0x0000000000000a0c]
J 2124 c1 jdk.internal.reflect.DelegatingMethodAccessorImpl.invoke(Ljava/lang/Object;[Ljava/lang/Object;)Ljava/lang/Object; java.base@17.0.12 (10 bytes) @ 0x000001d2004325cc [0x000001d2004324c0+0x000000000000010c]
J 3075 c1 org.gradle.internal.reflect.JavaMethod.invoke(Ljava/lang/Object;[Ljava/lang/Object;)Ljava/lang/Object; (74 bytes) @ 0x000001d20066c88c [0x000001d20066c4e0+0x00000000000003ac]
J 3074 c1 org.gradle.internal.service.ReflectionBasedServiceMethod.invoke(Ljava/lang/Object;[Ljava/lang/Object;)Ljava/lang/Object; (16 bytes) @ 0x000001d20066bf4c [0x000001d20066bec0+0x000000000000008c]
J 3135 c1 org.gradle.internal.service.DefaultServiceRegistry$FactoryMethodService.invokeMethod([Ljava/lang/Object;)Ljava/lang/Object; (147 bytes) @ 0x000001d200699ddc [0x000001d200699c40+0x000000000000019c]
J 3134 c1 org.gradle.internal.service.DefaultServiceRegistry$FactoryMethodService.createServiceInstance()Ljava/lang/Object; (17 bytes) @ 0x000001d2006995a4 [0x000001d2006994c0+0x00000000000000e4]
J 2480 c1 org.gradle.internal.service.DefaultServiceRegistry$ManagedObjectServiceProvider.getInstance()Ljava/lang/Object; (47 bytes) @ 0x000001d200501e9c [0x000001d200501ce0+0x00000000000001bc]
J 2479 c1 org.gradle.internal.service.DefaultServiceRegistry$SingletonService.get()Ljava/lang/Object; (5 bytes) @ 0x000001d200501994 [0x000001d200501920+0x0000000000000074]
j  org.gradle.internal.service.DefaultServiceRegistry.find(Ljava/lang/reflect/Type;)Ljava/lang/Object;+22
j  org.gradle.internal.service.DefaultServiceRegistry.get(Ljava/lang/reflect/Type;)Ljava/lang/Object;+2
j  org.gradle.internal.service.DefaultServiceRegistry.get(Ljava/lang/Class;)Ljava/lang/Object;+3
j  org.gradle.internal.cc.impl.DefaultBuildToolingModelControllerFactory.createController(Lorg/gradle/internal/build/BuildState;Lorg/gradle/internal/build/BuildLifecycleController;)Lorg/gradle/internal/build/BuildToolingModelController;+31
j  org.gradle.internal.build.DefaultBuildLifecycleController.withToolingModels(Ljava/util/function/Function;)Ljava/lang/Object;+10
j  org.gradle.internal.build.AbstractBuildState.withToolingModels(Ljava/util/function/Function;)Ljava/lang/Object;+5
j  org.gradle.internal.buildtree.DefaultBuildTreeModelCreator$DefaultBuildTreeModelController.locateBuilderForBuildTarget(Lorg/gradle/internal/build/BuildState;Ljava/lang/String;Z)Lorg/gradle/tooling/provider/model/internal/ToolingModelScope;+8
j  org.gradle.internal.buildtree.DefaultBuildTreeModelCreator$DefaultBuildTreeModelController.locateBuilderForDefaultTarget(Ljava/lang/String;Z)Lorg/gradle/tooling/provider/model/internal/ToolingModelScope;+10
j  org.gradle.internal.buildtree.DefaultBuildTreeModelCreator$DefaultBuildTreeModelController.locateBuilderForTarget(Lorg/gradle/internal/buildtree/BuildTreeModelTarget;Ljava/lang/String;Z)Lorg/gradle/tooling/provider/model/internal/ToolingModelScope;+10
j  org.gradle.internal.buildtree.DefaultBuildTreeModelCreator$DefaultBuildTreeModelController.access$200(Lorg/gradle/internal/buildtree/DefaultBuildTreeModelCreator$DefaultBuildTreeModelController;Lorg/gradle/internal/buildtree/BuildTreeModelTarget;Ljava/lang/String;Z)Lorg/gradle/tooling/provider/model/internal/ToolingModelScope;+4
j  org.gradle.internal.buildtree.DefaultBuildTreeModelCreator$DefaultBuildTreeModelController$1.call(Lorg/gradle/internal/operations/BuildOperationContext;)Ljava/lang/Object;+24
j  org.gradle.internal.operations.DefaultBuildOperationRunner$CallableBuildOperationWorker.execute(Lorg/gradle/internal/operations/CallableBuildOperation;Lorg/gradle/internal/operations/BuildOperationContext;)V+3
j  org.gradle.internal.operations.DefaultBuildOperationRunner$CallableBuildOperationWorker.execute(Lorg/gradle/internal/operations/BuildOperation;Lorg/gradle/internal/operations/BuildOperationContext;)V+6
j  org.gradle.internal.operations.DefaultBuildOperationRunner$2.execute(Lorg/gradle/internal/operations/BuildOperationDescriptor;Lorg/gradle/internal/operations/BuildOperationState;Lorg/gradle/internal/operations/BuildOperationState;Lorg/gradle/internal/operations/DefaultBuildOperationRunner$ReadableBuildOperationContext;Lorg/gradle/internal/operations/DefaultBuildOperationRunner$BuildOperationExecutionListener;)Lorg/gradle/internal/operations/BuildOperation;+22
j  org.gradle.internal.operations.DefaultBuildOperationRunner$2.execute(Lorg/gradle/internal/operations/BuildOperationDescriptor;Lorg/gradle/internal/operations/BuildOperationState;Lorg/gradle/internal/operations/BuildOperationState;Lorg/gradle/internal/operations/DefaultBuildOperationRunner$ReadableBuildOperationContext;Lorg/gradle/internal/operations/DefaultBuildOperationRunner$BuildOperationExecutionListener;)Ljava/lang/Object;+8
j  org.gradle.internal.operations.DefaultBuildOperationRunner.execute(Lorg/gradle/internal/operations/BuildOperationDescriptor$Builder;Lorg/gradle/internal/operations/BuildOperationState;Lorg/gradle/internal/operations/DefaultBuildOperationRunner$BuildOperationExecution;)Ljava/lang/Object;+141
j  org.gradle.internal.operations.DefaultBuildOperationRunner.execute(Lorg/gradle/internal/operations/BuildOperation;Lorg/gradle/internal/operations/BuildOperationWorker;Lorg/gradle/internal/operations/BuildOperationState;)V+18
j  org.gradle.internal.operations.DefaultBuildOperationRunner.call(Lorg/gradle/internal/operations/CallableBuildOperation;)Ljava/lang/Object;+16
j  org.gradle.internal.buildtree.DefaultBuildTreeModelCreator$DefaultBuildTreeModelController.getModel(Lorg/gradle/internal/buildtree/BuildTreeModelTarget;Ljava/lang/String;Ljava/lang/Object;)Ljava/lang/Object;+18
j  org.gradle.tooling.internal.provider.runner.BuildModelActionRunner$ModelCreateAction.fromBuildModel(Lorg/gradle/internal/buildtree/BuildTreeModelController;)Ljava/lang/Object;+14
j  org.gradle.internal.buildtree.DefaultBuildTreeModelCreator.fromBuildModel(Lorg/gradle/internal/buildtree/BuildTreeModelAction;)Ljava/lang/Object;+10
j  org.gradle.internal.buildtree.DefaultBuildTreeLifecycleController.lambda$fromBuildModel$2(Lorg/gradle/internal/buildtree/BuildTreeModelAction;Z)Lorg/gradle/internal/build/ExecutionResult;+57
j  org.gradle.internal.buildtree.DefaultBuildTreeLifecycleController$$Lambda$327+0x000001d2813664b8.get()Ljava/lang/Object;+12
j  org.gradle.internal.buildtree.DefaultBuildTreeLifecycleController.lambda$runBuild$4(Ljava/util/function/Supplier;)Ljava/lang/Object;+1
j  org.gradle.internal.buildtree.DefaultBuildTreeLifecycleController$$Lambda$328+0x000001d2813666d8.get()Ljava/lang/Object;+8
j  org.gradle.internal.model.StateTransitionController.lambda$transition$6(Ljava/util/function/Supplier;)Lorg/gradle/internal/build/ExecutionResult;+1
j  org.gradle.internal.model.StateTransitionController$$Lambda$330+0x000001d281366b18.get()Ljava/lang/Object;+4
j  org.gradle.internal.model.StateTransitionController.doTransition(Lorg/gradle/internal/model/StateTransitionController$State;Lorg/gradle/internal/model/StateTransitionController$State;Ljava/util/function/Supplier;)Lorg/gradle/internal/build/ExecutionResult;+24
j  org.gradle.internal.model.StateTransitionController.lambda$transition$7(Lorg/gradle/internal/model/StateTransitionController$State;Lorg/gradle/internal/model/StateTransitionController$State;Ljava/util/function/Supplier;)Ljava/lang/Object;+9
j  org.gradle.internal.model.StateTransitionController$$Lambda$329+0x000001d2813668f8.create()Ljava/lang/Object;+16
j  org.gradle.internal.work.DefaultSynchronizer.withLock(Lorg/gradle/internal/Factory;)Ljava/lang/Object;+6
j  org.gradle.internal.model.StateTransitionController.transition(Lorg/gradle/internal/model/StateTransitionController$State;Lorg/gradle/internal/model/StateTransitionController$State;Ljava/util/function/Supplier;)Ljava/lang/Object;+13
j  org.gradle.internal.buildtree.DefaultBuildTreeLifecycleController.runBuild(Ljava/util/function/Supplier;)Ljava/lang/Object;+17
j  org.gradle.internal.buildtree.DefaultBuildTreeLifecycleController.fromBuildModel(ZLorg/gradle/internal/buildtree/BuildTreeModelAction;)Ljava/lang/Object;+9
j  org.gradle.tooling.internal.provider.runner.BuildModelActionRunner.run(Lorg/gradle/internal/invocation/BuildAction;Lorg/gradle/internal/buildtree/BuildTreeLifecycleController;)Lorg/gradle/internal/buildtree/BuildActionRunner$Result;+40
j  org.gradle.launcher.exec.ChainingBuildActionRunner.run(Lorg/gradle/internal/invocation/BuildAction;Lorg/gradle/internal/buildtree/BuildTreeLifecycleController;)Lorg/gradle/internal/buildtree/BuildActionRunner$Result;+34
j  org.gradle.internal.buildtree.ProblemReportingBuildActionRunner.run(Lorg/gradle/internal/invocation/BuildAction;Lorg/gradle/internal/buildtree/BuildTreeLifecycleController;)Lorg/gradle/internal/buildtree/BuildActionRunner$Result;+12
j  org.gradle.launcher.exec.BuildOutcomeReportingBuildActionRunner.run(Lorg/gradle/internal/invocation/BuildAction;Lorg/gradle/internal/buildtree/BuildTreeLifecycleController;)Lorg/gradle/internal/buildtree/BuildActionRunner$Result;+69
j  org.gradle.tooling.internal.provider.FileSystemWatchingBuildActionRunner.run(Lorg/gradle/internal/invocation/BuildAction;Lorg/gradle/internal/buildtree/BuildTreeLifecycleController;)Lorg/gradle/internal/buildtree/BuildActionRunner$Result;+317
j  org.gradle.launcher.exec.BuildCompletionNotifyingBuildActionRunner.run(Lorg/gradle/internal/invocation/BuildAction;Lorg/gradle/internal/buildtree/BuildTreeLifecycleController;)Lorg/gradle/internal/buildtree/BuildActionRunner$Result;+6
j  org.gradle.launcher.exec.RootBuildLifecycleBuildActionExecutor.lambda$execute$0(Lorg/gradle/internal/invocation/BuildAction;Lorg/gradle/internal/buildtree/BuildTreeLifecycleController;)Lorg/gradle/internal/buildtree/BuildActionRunner$Result;+6
j  org.gradle.launcher.exec.RootBuildLifecycleBuildActionExecutor$$Lambda$297+0x000001d28134bae8.apply(Ljava/lang/Object;)Ljava/lang/Object;+12
j  org.gradle.composite.internal.DefaultRootBuildState.run(Ljava/util/function/Function;)Ljava/lang/Object;+87
j  org.gradle.launcher.exec.RootBuildLifecycleBuildActionExecutor.execute(Lorg/gradle/internal/invocation/BuildAction;Lorg/gradle/internal/buildtree/BuildTreeContext;)Lorg/gradle/internal/buildtree/BuildActionRunner$Result;+75
j  org.gradle.internal.buildtree.InitDeprecationLoggingActionExecutor.execute(Lorg/gradle/internal/invocation/BuildAction;Lorg/gradle/internal/buildtree/BuildTreeContext;)Lorg/gradle/internal/buildtree/BuildActionRunner$Result;+83
j  org.gradle.internal.buildtree.InitProblems.execute(Lorg/gradle/internal/invocation/BuildAction;Lorg/gradle/internal/buildtree/BuildTreeContext;)Lorg/gradle/internal/buildtree/BuildActionRunner$Result;+13
j  org.gradle.internal.buildtree.DefaultBuildTreeContext.execute(Lorg/gradle/internal/invocation/BuildAction;)Lorg/gradle/internal/buildtree/BuildActionRunner$Result;+64
j  org.gradle.launcher.exec.BuildTreeLifecycleBuildActionExecutor.lambda$execute$0(Lorg/gradle/internal/invocation/BuildAction;Lorg/gradle/internal/buildtree/BuildTreeContext;)Lorg/gradle/internal/buildtree/BuildActionRunner$Result;+2
j  org.gradle.launcher.exec.BuildTreeLifecycleBuildActionExecutor$$Lambda$240+0x000001d28128f718.apply(Ljava/lang/Object;)Ljava/lang/Object;+8
j  org.gradle.internal.buildtree.BuildTreeState.run(Ljava/util/function/Function;)Ljava/lang/Object;+47
j  org.gradle.launcher.exec.BuildTreeLifecycleBuildActionExecutor.execute(Lorg/gradle/internal/invocation/BuildAction;Lorg/gradle/internal/session/BuildSessionContext;)Lorg/gradle/internal/buildtree/BuildActionRunner$Result;+74
j  org.gradle.launcher.exec.RunAsBuildOperationBuildActionExecutor$2.call(Lorg/gradle/internal/operations/BuildOperationContext;)Lorg/gradle/internal/buildtree/BuildActionRunner$Result;+25
j  org.gradle.launcher.exec.RunAsBuildOperationBuildActionExecutor$2.call(Lorg/gradle/internal/operations/BuildOperationContext;)Ljava/lang/Object;+2
j  org.gradle.internal.operations.DefaultBuildOperationRunner$CallableBuildOperationWorker.execute(Lorg/gradle/internal/operations/CallableBuildOperation;Lorg/gradle/internal/operations/BuildOperationContext;)V+3
j  org.gradle.internal.operations.DefaultBuildOperationRunner$CallableBuildOperationWorker.execute(Lorg/gradle/internal/operations/BuildOperation;Lorg/gradle/internal/operations/BuildOperationContext;)V+6
j  org.gradle.internal.operations.DefaultBuildOperationRunner$2.execute(Lorg/gradle/internal/operations/BuildOperationDescriptor;Lorg/gradle/internal/operations/BuildOperationState;Lorg/gradle/internal/operations/BuildOperationState;Lorg/gradle/internal/operations/DefaultBuildOperationRunner$ReadableBuildOperationContext;Lorg/gradle/internal/operations/DefaultBuildOperationRunner$BuildOperationExecutionListener;)Lorg/gradle/internal/operations/BuildOperation;+22
j  org.gradle.internal.operations.DefaultBuildOperationRunner$2.execute(Lorg/gradle/internal/operations/BuildOperationDescriptor;Lorg/gradle/internal/operations/BuildOperationState;Lorg/gradle/internal/operations/BuildOperationState;Lorg/gradle/internal/operations/DefaultBuildOperationRunner$ReadableBuildOperationContext;Lorg/gradle/internal/operations/DefaultBuildOperationRunner$BuildOperationExecutionListener;)Ljava/lang/Object;+8
j  org.gradle.internal.operations.DefaultBuildOperationRunner.execute(Lorg/gradle/internal/operations/BuildOperationDescriptor$Builder;Lorg/gradle/internal/operations/BuildOperationState;Lorg/gradle/internal/operations/DefaultBuildOperationRunner$BuildOperationExecution;)Ljava/lang/Object;+141
j  org.gradle.internal.operations.DefaultBuildOperationRunner.execute(Lorg/gradle/internal/operations/BuildOperation;Lorg/gradle/internal/operations/BuildOperationWorker;Lorg/gradle/internal/operations/BuildOperationState;)V+18
j  org.gradle.internal.operations.DefaultBuildOperationRunner.call(Lorg/gradle/internal/operations/CallableBuildOperation;)Ljava/lang/Object;+16
j  org.gradle.launcher.exec.RunAsBuildOperationBuildActionExecutor.execute(Lorg/gradle/internal/invocation/BuildAction;Lorg/gradle/internal/session/BuildSessionContext;)Lorg/gradle/internal/buildtree/BuildActionRunner$Result;+23
j  org.gradle.launcher.exec.RunAsWorkerThreadBuildActionExecutor.lambda$execute$0(Lorg/gradle/internal/invocation/BuildAction;Lorg/gradle/internal/session/BuildSessionContext;)Lorg/gradle/internal/buildtree/BuildActionRunner$Result;+6
j  org.gradle.launcher.exec.RunAsWorkerThreadBuildActionExecutor$$Lambda$227+0x000001d28125b568.create()Ljava/lang/Object;+12
j  org.gradle.internal.work.DefaultWorkerLeaseService.withLocks(Ljava/util/Collection;Lorg/gradle/internal/Factory;)Ljava/lang/Object;+28
j  org.gradle.internal.work.DefaultWorkerLeaseService.runAsWorkerThread(Lorg/gradle/internal/Factory;)Ljava/lang/Object;+33
j  org.gradle.launcher.exec.RunAsWorkerThreadBuildActionExecutor.execute(Lorg/gradle/internal/invocation/BuildAction;Lorg/gradle/internal/session/BuildSessionContext;)Lorg/gradle/internal/buildtree/BuildActionRunner$Result;+12
j  org.gradle.tooling.internal.provider.continuous.ContinuousBuildActionExecutor.execute(Lorg/gradle/internal/invocation/BuildAction;Lorg/gradle/internal/session/BuildSessionContext;)Lorg/gradle/internal/buildtree/BuildActionRunner$Result;+58
j  org.gradle.tooling.internal.provider.SubscribableBuildActionExecutor.execute(Lorg/gradle/internal/invocation/BuildAction;Lorg/gradle/internal/session/BuildSessionContext;)Lorg/gradle/internal/buildtree/BuildActionRunner$Result;+30
j  org.gradle.internal.session.DefaultBuildSessionContext.execute(Lorg/gradle/internal/invocation/BuildAction;)Lorg/gradle/internal/buildtree/BuildActionRunner$Result;+64
j  org.gradle.internal.buildprocess.execution.BuildSessionLifecycleBuildActionExecutor$ActionImpl.apply(Lorg/gradle/internal/session/BuildSessionContext;)Lorg/gradle/launcher/exec/BuildActionResult;+6
j  org.gradle.internal.buildprocess.execution.BuildSessionLifecycleBuildActionExecutor$ActionImpl.apply(Ljava/lang/Object;)Ljava/lang/Object;+5
j  org.gradle.internal.session.BuildSessionState.run(Ljava/util/function/Function;)Ljava/lang/Object;+5
j  org.gradle.internal.buildprocess.execution.BuildSessionLifecycleBuildActionExecutor.execute(Lorg/gradle/internal/invocation/BuildAction;Lorg/gradle/launcher/exec/BuildActionParameters;Lorg/gradle/initialization/BuildRequestContext;)Lorg/gradle/launcher/exec/BuildActionResult;+95
j  org.gradle.internal.buildprocess.execution.BuildSessionLifecycleBuildActionExecutor.execute(Lorg/gradle/internal/invocation/BuildAction;Ljava/lang/Object;Ljava/lang/Object;)Lorg/gradle/launcher/exec/BuildActionResult;+10
j  org.gradle.internal.buildprocess.execution.StartParamsValidatingActionExecutor.execute(Lorg/gradle/internal/invocation/BuildAction;Lorg/gradle/launcher/exec/BuildActionParameters;Lorg/gradle/initialization/BuildRequestContext;)Lorg/gradle/launcher/exec/BuildActionResult;+203
j  org.gradle.internal.buildprocess.execution.StartParamsValidatingActionExecutor.execute(Lorg/gradle/internal/invocation/BuildAction;Ljava/lang/Object;Ljava/lang/Object;)Lorg/gradle/launcher/exec/BuildActionResult;+10
j  org.gradle.internal.buildprocess.execution.SessionFailureReportingActionExecutor.execute(Lorg/gradle/internal/invocation/BuildAction;Lorg/gradle/launcher/exec/BuildActionParameters;Lorg/gradle/initialization/BuildRequestContext;)Lorg/gradle/launcher/exec/BuildActionResult;+7
j  org.gradle.internal.buildprocess.execution.SessionFailureReportingActionExecutor.execute(Lorg/gradle/internal/invocation/BuildAction;Ljava/lang/Object;Ljava/lang/Object;)Lorg/gradle/launcher/exec/BuildActionResult;+10
j  org.gradle.internal.buildprocess.execution.SetupLoggingActionExecutor.execute(Lorg/gradle/internal/invocation/BuildAction;Lorg/gradle/launcher/exec/BuildActionParameters;Lorg/gradle/initialization/BuildRequestContext;)Lorg/gradle/launcher/exec/BuildActionResult;+50
j  org.gradle.internal.buildprocess.execution.SetupLoggingActionExecutor.execute(Lorg/gradle/internal/invocation/BuildAction;Ljava/lang/Object;Ljava/lang/Object;)Lorg/gradle/launcher/exec/BuildActionResult;+10
j  org.gradle.launcher.daemon.server.exec.ExecuteBuild.doBuild(Lorg/gradle/launcher/daemon/server/api/DaemonCommandExecution;Lorg/gradle/launcher/daemon/protocol/Build;)V+147
j  org.gradle.launcher.daemon.server.exec.BuildCommandOnly.execute(Lorg/gradle/launcher/daemon/server/api/DaemonCommandExecution;)V+49
j  org.gradle.launcher.daemon.server.api.DaemonCommandExecution.proceed()Z+23
j  org.gradle.launcher.daemon.server.exec.WatchForDisconnection.execute(Lorg/gradle/launcher/daemon/server/api/DaemonCommandExecution;)V+19
j  org.gradle.launcher.daemon.server.api.DaemonCommandExecution.proceed()Z+23
j  org.gradle.launcher.daemon.server.exec.ResetDeprecationLogger.execute(Lorg/gradle/launcher/daemon/server/api/DaemonCommandExecution;)V+7
j  org.gradle.launcher.daemon.server.api.DaemonCommandExecution.proceed()Z+23
j  org.gradle.launcher.daemon.server.exec.RequestStopIfSingleUsedDaemon.execute(Lorg/gradle/launcher/daemon/server/api/DaemonCommandExecution;)V+33
j  org.gradle.launcher.daemon.server.api.DaemonCommandExecution.proceed()Z+23
j  org.gradle.launcher.daemon.server.exec.ForwardClientInput.lambda$execute$0(Lorg/gradle/launcher/daemon/server/api/DaemonCommandExecution;Lorg/gradle/internal/daemon/clientinput/StdinHandler;)Ljava/lang/Object;+11
j  org.gradle.launcher.daemon.server.exec.ForwardClientInput$$Lambda$116+0x000001d2811378d8.apply(Ljava/lang/Object;)Ljava/lang/Object;+8
j  org.gradle.internal.daemon.clientinput.ClientInputForwarder.forwardInput(Ljava/util/function/Function;)Ljava/lang/Object;+46
j  org.gradle.launcher.daemon.server.exec.ForwardClientInput.execute(Lorg/gradle/launcher/daemon/server/api/DaemonCommandExecution;)V+10
j  org.gradle.launcher.daemon.server.api.DaemonCommandExecution.proceed()Z+23
j  org.gradle.launcher.daemon.server.exec.LogAndCheckHealth.execute(Lorg/gradle/launcher/daemon/server/api/DaemonCommandExecution;)V+51
j  org.gradle.launcher.daemon.server.api.DaemonCommandExecution.proceed()Z+23
j  org.gradle.launcher.daemon.server.exec.LogToClient.doBuild(Lorg/gradle/launcher/daemon/server/api/DaemonCommandExecution;Lorg/gradle/launcher/daemon/protocol/Build;)V+87
j  org.gradle.launcher.daemon.server.exec.BuildCommandOnly.execute(Lorg/gradle/launcher/daemon/server/api/DaemonCommandExecution;)V+49
j  org.gradle.launcher.daemon.server.api.DaemonCommandExecution.proceed()Z+23
j  org.gradle.launcher.daemon.server.exec.EstablishBuildEnvironment.doBuild(Lorg/gradle/launcher/daemon/server/api/DaemonCommandExecution;Lorg/gradle/launcher/daemon/protocol/Build;)V+356
j  org.gradle.launcher.daemon.server.exec.BuildCommandOnly.execute(Lorg/gradle/launcher/daemon/server/api/DaemonCommandExecution;)V+49
j  org.gradle.launcher.daemon.server.api.DaemonCommandExecution.proceed()Z+23
j  org.gradle.launcher.daemon.server.exec.StartBuildOrRespondWithBusy$1.run()V+44
j  org.gradle.launcher.daemon.server.DaemonStateCoordinator.lambda$runCommand$0(Ljava/lang/Runnable;)V+1
j  org.gradle.launcher.daemon.server.DaemonStateCoordinator$$Lambda$115+0x000001d281136540.run()V+8
j  org.gradle.internal.concurrent.ExecutorPolicy$CatchAndRecordFailures.onExecute(Ljava/lang/Runnable;)V+1
j  org.gradle.internal.concurrent.AbstractManagedExecutor$1.run()V+25
j  java.util.concurrent.ThreadPoolExecutor.runWorker(Ljava/util/concurrent/ThreadPoolExecutor$Worker;)V+92 java.base@17.0.12
j  java.util.concurrent.ThreadPoolExecutor$Worker.run()V+5 java.base@17.0.12
j  java.lang.Thread.run()V+11 java.base@17.0.12
v  ~StubRoutines::call_stub

---------------  P R O C E S S  ---------------

Threads class SMR info:
_java_thread_list=0x000001d2c8dab3b0, length=31, elements={
0x000001d262618470, 0x000001d27db55130, 0x000001d27db55c00, 0x000001d2c511ae10,
0x000001d2c511b6e0, 0x000001d2c511bfb0, 0x000001d2c511c880, 0x000001d2c511d480,
0x000001d2c5121db0, 0x000001d2c51226c0, 0x000001d2c5243e20, 0x000001d2c5245e40,
0x000001d2c5250ca0, 0x000001d2c52d98e0, 0x000001d2c6348c50, 0x000001d2c6b9d480,
0x000001d2c6cd4290, 0x000001d2c6e4f620, 0x000001d2c6fecc10, 0x000001d2c6141090,
0x000001d2c6143910, 0x000001d2c6144840, 0x000001d2c61415a0, 0x000001d2c6143e20,
0x000001d2c6141ab0, 0x000001d2c6141fc0, 0x000001d2c6144330, 0x000001d2c61429e0,
0x000001d2c6142ef0, 0x000001d2c8da3790, 0x000001d2c8da46c0
}

Java Threads: ( => current thread )
  0x000001d262618470 JavaThread "main" [_thread_blocked, id=12592, stack(0x000000987f500000,0x000000987f600000)]
  0x000001d27db55130 JavaThread "Reference Handler" daemon [_thread_blocked, id=19116, stack(0x000000987fc00000,0x000000987fd00000)]
  0x000001d27db55c00 JavaThread "Finalizer" daemon [_thread_blocked, id=5792, stack(0x000000987fd00000,0x000000987fe00000)]
  0x000001d2c511ae10 JavaThread "Signal Dispatcher" daemon [_thread_blocked, id=27528, stack(0x000000987fe00000,0x000000987ff00000)]
  0x000001d2c511b6e0 JavaThread "Attach Listener" daemon [_thread_blocked, id=30404, stack(0x000000987ff00000,0x0000009880000000)]
  0x000001d2c511bfb0 JavaThread "Service Thread" daemon [_thread_blocked, id=27936, stack(0x0000009800000000,0x0000009800100000)]
  0x000001d2c511c880 JavaThread "Monitor Deflation Thread" daemon [_thread_blocked, id=22124, stack(0x0000009800100000,0x0000009800200000)]
  0x000001d2c511d480 JavaThread "C2 CompilerThread0" daemon [_thread_in_native, id=12688, stack(0x0000009800200000,0x0000009800300000)]
  0x000001d2c5121db0 JavaThread "C1 CompilerThread0" daemon [_thread_blocked, id=29432, stack(0x0000009800300000,0x0000009800400000)]
  0x000001d2c51226c0 JavaThread "Sweeper thread" daemon [_thread_blocked, id=7752, stack(0x0000009800400000,0x0000009800500000)]
  0x000001d2c5243e20 JavaThread "Common-Cleaner" daemon [_thread_blocked, id=22520, stack(0x0000009800500000,0x0000009800600000)]
  0x000001d2c5245e40 JavaThread "C1 CompilerThread1" daemon [_thread_blocked, id=21916, stack(0x0000009800600000,0x0000009800700000)]
  0x000001d2c5250ca0 JavaThread "C1 CompilerThread2" daemon [_thread_blocked, id=19228, stack(0x0000009800700000,0x0000009800800000)]
  0x000001d2c52d98e0 JavaThread "Notification Thread" daemon [_thread_blocked, id=23668, stack(0x0000009800800000,0x0000009800900000)]
  0x000001d2c6348c50 JavaThread "Daemon health stats" [_thread_blocked, id=10644, stack(0x0000009801100000,0x0000009801200000)]
  0x000001d2c6b9d480 JavaThread "Incoming local TCP Connector on port 51581" [_thread_in_native, id=29444, stack(0x0000009800a00000,0x0000009800b00000)]
  0x000001d2c6cd4290 JavaThread "Daemon periodic checks" [_thread_blocked, id=33444, stack(0x0000009801200000,0x0000009801300000)]
  0x000001d2c6e4f620 JavaThread "Daemon" [_thread_blocked, id=18424, stack(0x0000009801300000,0x0000009801400000)]
  0x000001d2c6fecc10 JavaThread "Handler for socket connection from /127.0.0.1:51581 to /127.0.0.1:51582" [_thread_in_native, id=33396, stack(0x0000009801400000,0x0000009801500000)]
  0x000001d2c6141090 JavaThread "Cancel handler" [_thread_blocked, id=6664, stack(0x0000009801500000,0x0000009801600000)]
=>0x000001d2c6143910 JavaThread "Daemon worker" [_thread_in_vm, id=11516, stack(0x0000009801600000,0x0000009801700000)]
  0x000001d2c6144840 JavaThread "Asynchronous log dispatcher for DefaultDaemonConnection: socket connection from /127.0.0.1:51581 to /127.0.0.1:51582" [_thread_blocked, id=29392, stack(0x0000009801700000,0x0000009801800000)]
  0x000001d2c61415a0 JavaThread "Stdin handler" [_thread_blocked, id=29248, stack(0x0000009801800000,0x0000009801900000)]
  0x000001d2c6143e20 JavaThread "Daemon client event forwarder" [_thread_blocked, id=20912, stack(0x0000009801900000,0x0000009801a00000)]
  0x000001d2c6141ab0 JavaThread "Cache worker for journal cache (C:\Users\User\.gradle\caches\journal-1)" [_thread_blocked, id=29336, stack(0x0000009801a00000,0x0000009801b00000)]
  0x000001d2c6141fc0 JavaThread "File lock request listener" [_thread_in_native, id=9368, stack(0x0000009801b00000,0x0000009801c00000)]
  0x000001d2c6144330 JavaThread "Cache worker for file hash cache (C:\Users\User\.gradle\caches\8.14\fileHashes)" [_thread_blocked, id=26044, stack(0x0000009801c00000,0x0000009801d00000)]
  0x000001d2c61429e0 JavaThread "Cache worker for file hash cache (G:\merge - app\A-MULTIMODAL-SYSTEM-FOR-AUTOMATED-CORN-DISEASE-DETECTION-AND-FARMER-CENTRIC-KNOWLEDGE-SHARING-New\frontend\corn_app\android\.gradle\8.14\fileHashes)" [_thread_blocked, id=23568, stack(0x0000009802300000,0x0000009802400000)]
  0x000001d2c6142ef0 JavaThread "Cache worker for Build Output Cleanup Cache (G:\merge - app\A-MULTIMODAL-SYSTEM-FOR-AUTOMATED-CORN-DISEASE-DETECTION-AND-FARMER-CENTRIC-KNOWLEDGE-SHARING-New\frontend\corn_app\android\.gradle\buildOutputCleanup)" [_thread_blocked, id=28284, stack(0x0000009802400000,0x0000009802500000)]
  0x000001d2c8da3790 JavaThread "File watcher server" daemon [_thread_in_native, id=10604, stack(0x0000009802700000,0x0000009802800000)]
  0x000001d2c8da46c0 JavaThread "File watcher consumer" daemon [_thread_blocked, id=20284, stack(0x0000009802800000,0x0000009802900000)]

Other Threads:
  0x000001d27db51be0 VMThread "VM Thread" [stack: 0x000000987fb00000,0x000000987fc00000] [id=32200]
  0x000001d27d9785b0 WatcherThread [stack: 0x0000009800900000,0x0000009800a00000] [id=10864]
  0x000001d2626c8000 GCTaskThread "GC Thread#0" [stack: 0x000000987f600000,0x000000987f700000] [id=24192]
  0x000001d2c552b1d0 GCTaskThread "GC Thread#1" [stack: 0x0000009800b00000,0x0000009800c00000] [id=12408]
  0x000001d2c540b000 GCTaskThread "GC Thread#2" [stack: 0x0000009800c00000,0x0000009800d00000] [id=18032]
  0x000001d2c588cc40 GCTaskThread "GC Thread#3" [stack: 0x0000009800d00000,0x0000009800e00000] [id=15992]
  0x000001d2c60b7c70 GCTaskThread "GC Thread#4" [stack: 0x0000009800e00000,0x0000009800f00000] [id=30176]
  0x000001d2c64fe1b0 GCTaskThread "GC Thread#5" [stack: 0x0000009800f00000,0x0000009801000000] [id=14348]
  0x000001d2c6c2f040 GCTaskThread "GC Thread#6" [stack: 0x0000009801000000,0x0000009801100000] [id=33340]
  0x000001d2c6fb04b0 GCTaskThread "GC Thread#7" [stack: 0x0000009801d00000,0x0000009801e00000] [id=28448]
  0x000001d2c6fb01f0 GCTaskThread "GC Thread#8" [stack: 0x0000009801e00000,0x0000009801f00000] [id=13376]
  0x000001d2c6fb0a30 GCTaskThread "GC Thread#9" [stack: 0x0000009801f00000,0x0000009802000000] [id=23712]
  0x000001d2c6fb0770 GCTaskThread "GC Thread#10" [stack: 0x0000009802000000,0x0000009802100000] [id=1224]
  0x000001d2c6fafc70 GCTaskThread "GC Thread#11" [stack: 0x0000009802100000,0x0000009802200000] [id=12148]
  0x000001d2c6faff30 GCTaskThread "GC Thread#12" [stack: 0x0000009802200000,0x0000009802300000] [id=22092]
  0x000001d27d96d2f0 ConcurrentGCThread "G1 Main Marker" [stack: 0x000000987f700000,0x000000987f800000] [id=5948]
  0x000001d27d96e8e0 ConcurrentGCThread "G1 Conc#0" [stack: 0x000000987f800000,0x000000987f900000] [id=15620]
  0x000001d2c6faf430 ConcurrentGCThread "G1 Conc#1" [stack: 0x0000009802500000,0x0000009802600000] [id=30396]
  0x000001d2c6faf170 ConcurrentGCThread "G1 Conc#2" [stack: 0x0000009802600000,0x0000009802700000] [id=11796]
  0x000001d27d9fe430 ConcurrentGCThread "G1 Refine#0" [stack: 0x000000987f900000,0x000000987fa00000] [id=16116]
  0x000001d27d9ffc20 ConcurrentGCThread "G1 Service" [stack: 0x000000987fa00000,0x000000987fb00000] [id=22784]

Threads with active compile tasks:
C2 CompilerThread0     4301 3144       4       jdk.internal.org.objectweb.asm.Frame::execute (2305 bytes)

VM state: not at safepoint (normal execution)

VM Mutex/Monitor currently owned by a thread:  ([mutex/lock_event])
[0x000001d26043b7b0] Metaspace_lock - owner thread: 0x000001d2c6143910

Heap address: 0x0000000600000000, size: 8192 MB, Compressed Oops mode: Zero based, Oop shift amount: 3

CDS archive(s) mapped at: [0x000001d280000000-0x000001d280bd0000-0x000001d280bd0000), size 12386304, SharedBaseAddress: 0x000001d280000000, ArchiveRelocationMode: 1.
Compressed class space mapped at: 0x000001d281000000-0x000001d2c1000000, reserved size: 1073741824
Narrow klass base: 0x000001d280000000, Narrow klass shift: 0, Narrow klass range: 0x100000000

GC Precious Log:
 CPUs: 16 total, 16 available
 Memory: 7877M
 Large Page Support: Disabled
 NUMA Support: Disabled
 Compressed Oops: Enabled (Zero based)
 Heap Region Size: 4M
 Heap Min Capacity: 8M
 Heap Initial Capacity: 124M
 Heap Max Capacity: 8G
 Pre-touch: Disabled
 Parallel Workers: 13
 Concurrent Workers: 3
 Concurrent Refinement Workers: 13
 Periodic GC: Disabled

Heap:
 garbage-first heap   total 110592K, used 36677K [0x0000000600000000, 0x0000000800000000)
  region size 4096K, 6 young (24576K), 2 survivors (8192K)
 Metaspace       used 23104K, committed 23424K, reserved 1114112K
  class space    used 3414K, committed 3584K, reserved 1048576K

Heap Regions: E=young(eden), S=young(survivor), O=old, HS=humongous(starts), HC=humongous(continues), CS=collection set, F=free, OA=open archive, CA=closed archive, TAMS=top-at-mark-start (previous, next)
|   0|0x0000000600000000, 0x0000000600400000, 0x0000000600400000|100%|HS|  |TAMS 0x0000000600400000, 0x0000000600000000| Complete 
|   1|0x0000000600400000, 0x0000000600800000, 0x0000000600800000|100%| O|  |TAMS 0x0000000600800000, 0x0000000600400000| Untracked 
|   2|0x0000000600800000, 0x0000000600c00000, 0x0000000600c00000|100%| O|  |TAMS 0x0000000600b42e00, 0x0000000600800000| Untracked 
|   3|0x0000000600c00000, 0x0000000601000000, 0x0000000601000000|100%| O|  |TAMS 0x0000000600c00000, 0x0000000600c00000| Untracked 
|   4|0x0000000601000000, 0x00000006010c9e00, 0x0000000601400000| 19%| O|  |TAMS 0x0000000601000000, 0x0000000601000000| Complete 
|   5|0x0000000601400000, 0x0000000601400000, 0x0000000601800000|  0%| F|  |TAMS 0x0000000601400000, 0x0000000601400000| Untracked 
|   6|0x0000000601800000, 0x0000000601800000, 0x0000000601c00000|  0%| F|  |TAMS 0x0000000601800000, 0x0000000601800000| Untracked 
|   7|0x0000000601c00000, 0x0000000601c00000, 0x0000000602000000|  0%| F|  |TAMS 0x0000000601c00000, 0x0000000601c00000| Untracked 
|   8|0x0000000602000000, 0x0000000602000000, 0x0000000602400000|  0%| F|  |TAMS 0x0000000602000000, 0x0000000602000000| Untracked 
|   9|0x0000000602400000, 0x0000000602400000, 0x0000000602800000|  0%| F|  |TAMS 0x0000000602400000, 0x0000000602400000| Untracked 
|  10|0x0000000602800000, 0x0000000602800000, 0x0000000602c00000|  0%| F|  |TAMS 0x0000000602800000, 0x0000000602800000| Untracked 
|  11|0x0000000602c00000, 0x0000000602c00000, 0x0000000603000000|  0%| F|  |TAMS 0x0000000602c00000, 0x0000000602c00000| Untracked 
|  12|0x0000000603000000, 0x0000000603000000, 0x0000000603400000|  0%| F|  |TAMS 0x0000000603000000, 0x0000000603000000| Untracked 
|  13|0x0000000603400000, 0x0000000603400000, 0x0000000603800000|  0%| F|  |TAMS 0x0000000603400000, 0x0000000603400000| Untracked 
|  14|0x0000000603800000, 0x0000000603800000, 0x0000000603c00000|  0%| F|  |TAMS 0x0000000603800000, 0x0000000603800000| Untracked 
|  15|0x0000000603c00000, 0x0000000603c00000, 0x0000000604000000|  0%| F|  |TAMS 0x0000000603c00000, 0x0000000603c00000| Untracked 
|  16|0x0000000604000000, 0x0000000604000000, 0x0000000604400000|  0%| F|  |TAMS 0x0000000604000000, 0x0000000604000000| Untracked 
|  17|0x0000000604400000, 0x0000000604400000, 0x0000000604800000|  0%| F|  |TAMS 0x0000000604400000, 0x0000000604400000| Untracked 
|  18|0x0000000604800000, 0x0000000604800000, 0x0000000604c00000|  0%| F|  |TAMS 0x0000000604800000, 0x0000000604800000| Untracked 
|  19|0x0000000604c00000, 0x0000000604f07790, 0x0000000605000000| 75%| S|CS|TAMS 0x0000000604c00000, 0x0000000604c00000| Complete 
|  20|0x0000000605000000, 0x0000000605400000, 0x0000000605400000|100%| S|CS|TAMS 0x0000000605000000, 0x0000000605000000| Complete 
|  21|0x0000000605400000, 0x0000000605400000, 0x0000000605800000|  0%| F|  |TAMS 0x0000000605400000, 0x0000000605400000| Untracked 
|  22|0x0000000605800000, 0x0000000605800000, 0x0000000605c00000|  0%| F|  |TAMS 0x0000000605800000, 0x0000000605800000| Untracked 
|  23|0x0000000605c00000, 0x0000000605faaf70, 0x0000000606000000| 91%| E|  |TAMS 0x0000000605c00000, 0x0000000605c00000| Complete 
|  24|0x0000000606000000, 0x0000000606400000, 0x0000000606400000|100%| E|CS|TAMS 0x0000000606000000, 0x0000000606000000| Complete 
|  25|0x0000000606400000, 0x0000000606800000, 0x0000000606800000|100%| E|CS|TAMS 0x0000000606400000, 0x0000000606400000| Complete 
|  30|0x0000000607800000, 0x0000000607c00000, 0x0000000607c00000|100%| E|CS|TAMS 0x0000000607800000, 0x0000000607800000| Complete 

Card table byte_map: [0x000001d26b960000,0x000001d26c960000] _byte_map_base: 0x000001d268960000

Marking Bits (Prev, Next): (CMBitMap*) 0x000001d2626c8570, (CMBitMap*) 0x000001d2626c8530
 Prev Bits: [0x000001d275960000, 0x000001d27d960000)
 Next Bits: [0x000001d26d960000, 0x000001d275960000)

Polling page: 0x000001d261d90000

Metaspace:

Usage:
  Non-class:     19.23 MB used.
      Class:      3.33 MB used.
       Both:     22.56 MB used.

Virtual space:
  Non-class space:       64.00 MB reserved,      19.38 MB ( 30%) committed,  1 nodes.
      Class space:        1.00 GB reserved,       3.50 MB ( <1%) committed,  1 nodes.
             Both:        1.06 GB reserved,      22.88 MB (  2%) committed. 

Chunk freelists:
   Non-Class:  12.55 MB
       Class:  12.55 MB
        Both:  25.09 MB

MaxMetaspaceSize: 4.00 GB
CompressedClassSpaceSize: 1.00 GB
Initial GC threshold: 21.00 MB
Current GC threshold: 35.25 MB
CDS: on
MetaspaceReclaimPolicy: balanced
 - commit_granule_bytes: 65536.
 - commit_granule_words: 8192.
 - virtual_space_node_default_size: 8388608.
 - enlarge_chunks_in_place: 1.
 - new_chunks_are_fully_committed: 0.
 - uncommit_free_chunks: 1.
 - use_allocation_guard: 0.
 - handle_deallocations: 1.


Internal statistics:

num_allocs_failed_limit: 3.
num_arena_births: 342.
num_arena_deaths: 0.
num_vsnodes_births: 2.
num_vsnodes_deaths: 0.
num_space_committed: 366.
num_space_uncommitted: 0.
num_chunks_returned_to_freelist: 3.
num_chunks_taken_from_freelist: 1252.
num_chunk_merges: 3.
num_chunk_splits: 806.
num_chunks_enlarged: 540.
num_inconsistent_stats: 0.

CodeHeap 'non-profiled nmethods': size=258432Kb used=1563Kb max_used=1563Kb free=256869Kb
 bounds [0x000001d2103a0000, 0x000001d210610000, 0x000001d220000000]
CodeHeap 'profiled nmethods': size=258368Kb used=6783Kb max_used=6783Kb free=251584Kb
 bounds [0x000001d200000000, 0x000001d2006a0000, 0x000001d20fc50000]
CodeHeap 'non-nmethods': size=7488Kb used=2383Kb max_used=2431Kb free=5104Kb
 bounds [0x000001d20fc50000, 0x000001d20fec0000, 0x000001d2103a0000]
 total_blobs=3684 nmethods=3128 adapters=466
 compilation: enabled
              stopped_count=0, restarted_count=0
 full_count=0

Compilation events (20 events):
Event: 4.265 Thread 0x000001d2c511d480 nmethod 3044 0x000001d210521810 code [0x000001d2105219e0, 0x000001d210522ec8]
Event: 4.265 Thread 0x000001d2c511d480 2881       4       com.google.common.base.CharMatcher$Is::matches (14 bytes)
Event: 4.266 Thread 0x000001d2c511d480 nmethod 2881 0x000001d210523590 code [0x000001d210523700, 0x000001d210523798]
Event: 4.266 Thread 0x000001d2c511d480 3112       4       jdk.internal.util.Preconditions::checkIndex (18 bytes)
Event: 4.266 Thread 0x000001d2c511d480 nmethod 3112 0x000001d210523890 code [0x000001d210523a00, 0x000001d210523a98]
Event: 4.266 Thread 0x000001d2c511d480 3116       4       java.util.Objects::equals (23 bytes)
Event: 4.266 Thread 0x000001d2c5250ca0 3140       3       java.lang.Class::protectionDomain (48 bytes)
Event: 4.267 Thread 0x000001d2c511d480 nmethod 3116 0x000001d210523b90 code [0x000001d210523d00, 0x000001d210523d98]
Event: 4.267 Thread 0x000001d2c511d480 3003       4       jdk.internal.org.objectweb.asm.Frame::push (109 bytes)
Event: 4.267 Thread 0x000001d2c5250ca0 nmethod 3140 0x000001d20069f010 code [0x000001d20069f240, 0x000001d20069f8f8]
Event: 4.267 Thread 0x000001d2c5250ca0 3141       1       java.lang.invoke.MethodHandle::internalForm (5 bytes)
Event: 4.267 Thread 0x000001d2c5250ca0 nmethod 3141 0x000001d210523e90 code [0x000001d210524020, 0x000001d2105240f8]
Event: 4.267 Thread 0x000001d2c5250ca0 3142       3       com.google.common.collect.ImmutableCollection$Builder::<init> (5 bytes)
Event: 4.267 Thread 0x000001d2c5250ca0 nmethod 3142 0x000001d20069fb10 code [0x000001d20069fca0, 0x000001d20069fdf8]
Event: 4.270 Thread 0x000001d2c511d480 nmethod 3003 0x000001d210524190 code [0x000001d210524320, 0x000001d210524998]
Event: 4.270 Thread 0x000001d2c511d480 2949       4       jdk.internal.org.objectweb.asm.ByteVector::put12 (64 bytes)
Event: 4.273 Thread 0x000001d2c511d480 nmethod 2949 0x000001d210525010 code [0x000001d2105251a0, 0x000001d2105256d8]
Event: 4.273 Thread 0x000001d2c511d480 3048       4       jdk.internal.org.objectweb.asm.MethodWriter::visitVarInsn (302 bytes)
Event: 4.279 Thread 0x000001d2c511d480 nmethod 3048 0x000001d210525890 code [0x000001d210525a60, 0x000001d210526688]
Event: 4.279 Thread 0x000001d2c511d480 3144       4       jdk.internal.org.objectweb.asm.Frame::execute (2305 bytes)

GC Heap History (10 events):
Event: 0.394 GC heap before
{Heap before GC invocations=0 (full 0):
 garbage-first heap   total 126976K, used 20480K [0x0000000600000000, 0x0000000800000000)
  region size 4096K, 5 young (20480K), 0 survivors (0K)
 Metaspace       used 831K, committed 960K, reserved 1114112K
  class space    used 61K, committed 128K, reserved 1048576K
}
Event: 0.408 GC heap after
{Heap after GC invocations=1 (full 0):
 garbage-first heap   total 126976K, used 1456K [0x0000000600000000, 0x0000000800000000)
  region size 4096K, 1 young (4096K), 1 survivors (4096K)
 Metaspace       used 831K, committed 960K, reserved 1114112K
  class space    used 61K, committed 128K, reserved 1048576K
}
Event: 0.957 GC heap before
{Heap before GC invocations=1 (full 0):
 garbage-first heap   total 126976K, used 38320K [0x0000000600000000, 0x0000000800000000)
  region size 4096K, 10 young (40960K), 1 survivors (4096K)
 Metaspace       used 4418K, committed 4608K, reserved 1114112K
  class space    used 547K, committed 640K, reserved 1048576K
}
Event: 0.964 GC heap after
{Heap after GC invocations=2 (full 0):
 garbage-first heap   total 126976K, used 11728K [0x0000000600000000, 0x0000000800000000)
  region size 4096K, 2 young (8192K), 2 survivors (8192K)
 Metaspace       used 4418K, committed 4608K, reserved 1114112K
  class space    used 547K, committed 640K, reserved 1048576K
}
Event: 1.500 GC heap before
{Heap before GC invocations=2 (full 0):
 garbage-first heap   total 126976K, used 69072K [0x0000000600000000, 0x0000000800000000)
  region size 4096K, 16 young (65536K), 2 survivors (8192K)
 Metaspace       used 5628K, committed 5824K, reserved 1114112K
  class space    used 740K, committed 832K, reserved 1048576K
}
Event: 1.521 GC heap after
{Heap after GC invocations=3 (full 0):
 garbage-first heap   total 126976K, used 18404K [0x0000000600000000, 0x0000000800000000)
  region size 4096K, 2 young (8192K), 2 survivors (8192K)
 Metaspace       used 5628K, committed 5824K, reserved 1114112K
  class space    used 740K, committed 832K, reserved 1048576K
}
Event: 3.520 GC heap before
{Heap before GC invocations=3 (full 0):
 garbage-first heap   total 126976K, used 79844K [0x0000000600000000, 0x0000000800000000)
  region size 4096K, 17 young (69632K), 2 survivors (8192K)
 Metaspace       used 16850K, committed 17152K, reserved 1114112K
  class space    used 2361K, committed 2496K, reserved 1048576K
}
Event: 3.526 GC heap after
{Heap after GC invocations=4 (full 0):
 garbage-first heap   total 126976K, used 21603K [0x0000000600000000, 0x0000000800000000)
  region size 4096K, 3 young (12288K), 3 survivors (12288K)
 Metaspace       used 16850K, committed 17152K, reserved 1114112K
  class space    used 2361K, committed 2496K, reserved 1048576K
}
Event: 4.053 GC heap before
{Heap before GC invocations=4 (full 0):
 garbage-first heap   total 126976K, used 58467K [0x0000000600000000, 0x0000000800000000)
  region size 4096K, 13 young (53248K), 3 survivors (12288K)
 Metaspace       used 21208K, committed 21504K, reserved 1114112K
  class space    used 3079K, committed 3200K, reserved 1048576K
}
Event: 4.059 GC heap after
{Heap after GC invocations=5 (full 0):
 garbage-first heap   total 126976K, used 24389K [0x0000000600000000, 0x0000000800000000)
  region size 4096K, 2 young (8192K), 2 survivors (8192K)
 Metaspace       used 21208K, committed 21504K, reserved 1114112K
  class space    used 3079K, committed 3200K, reserved 1048576K
}

Deoptimization events (20 events):
Event: 3.532 Thread 0x000001d2c6143910 DEOPT PACKING pc=0x000001d20046291e sp=0x00000098016f6710
Event: 3.532 Thread 0x000001d2c6143910 DEOPT UNPACKING pc=0x000001d20fca66e3 sp=0x00000098016f5c20 mode 0
Event: 3.548 Thread 0x000001d2c6143910 DEOPT PACKING pc=0x000001d20046291e sp=0x00000098016f7700
Event: 3.548 Thread 0x000001d2c6143910 DEOPT UNPACKING pc=0x000001d20fca66e3 sp=0x00000098016f6c10 mode 0
Event: 3.555 Thread 0x000001d2c6143910 DEOPT PACKING pc=0x000001d2004623f8 sp=0x00000098016fb030
Event: 3.555 Thread 0x000001d2c6143910 DEOPT UNPACKING pc=0x000001d20fca66e3 sp=0x00000098016fa530 mode 0
Event: 3.754 Thread 0x000001d2c6143910 DEOPT PACKING pc=0x000001d20046291e sp=0x00000098016fbfb0
Event: 3.754 Thread 0x000001d2c6143910 DEOPT UNPACKING pc=0x000001d20fca66e3 sp=0x00000098016fb4c0 mode 0
Event: 3.805 Thread 0x000001d2c6143910 Uncommon trap: trap_request=0xffffff45 fr.pc=0x000001d2104f67f8 relative=0x0000000000000538
Event: 3.805 Thread 0x000001d2c6143910 Uncommon trap: reason=unstable_if action=reinterpret pc=0x000001d2104f67f8 method=java.util.HashMap.getNode(Ljava/lang/Object;)Ljava/util/HashMap$Node; @ 131 c2
Event: 3.805 Thread 0x000001d2c6143910 DEOPT PACKING pc=0x000001d2104f67f8 sp=0x00000098016fa9a0
Event: 3.805 Thread 0x000001d2c6143910 DEOPT UNPACKING pc=0x000001d20fca5ba3 sp=0x00000098016fa920 mode 2
Event: 3.956 Thread 0x000001d2c6143910 Uncommon trap: trap_request=0xffffffde fr.pc=0x000001d2103ae324 relative=0x00000000000001a4
Event: 3.956 Thread 0x000001d2c6143910 Uncommon trap: reason=class_check action=maybe_recompile pc=0x000001d2103ae324 method=java.lang.String.equals(Ljava/lang/Object;)Z @ 8 c2
Event: 3.956 Thread 0x000001d2c6143910 DEOPT PACKING pc=0x000001d2103ae324 sp=0x00000098016f9070
Event: 3.956 Thread 0x000001d2c6143910 DEOPT UNPACKING pc=0x000001d20fca5ba3 sp=0x00000098016f9018 mode 2
Event: 4.025 Thread 0x000001d2c6143910 Uncommon trap: trap_request=0xffffff45 fr.pc=0x000001d2104d3c04 relative=0x0000000000007524
Event: 4.025 Thread 0x000001d2c6143910 Uncommon trap: reason=unstable_if action=reinterpret pc=0x000001d2104d3c04 method=jdk.internal.org.objectweb.asm.Frame.execute(IILjdk/internal/org/objectweb/asm/Symbol;Ljdk/internal/org/objectweb/asm/SymbolTable;)V @ 1 c2
Event: 4.025 Thread 0x000001d2c6143910 DEOPT PACKING pc=0x000001d2104d3c04 sp=0x00000098016f9830
Event: 4.025 Thread 0x000001d2c6143910 DEOPT UNPACKING pc=0x000001d20fca5ba3 sp=0x00000098016f97e8 mode 2

Classes unloaded (0 events):
No events

Classes redefined (0 events):
No events

Internal exceptions (20 events):
Event: 4.038 Thread 0x000001d2c6143910 Exception <a 'java/lang/NoSuchMethodError'{0x0000000605599a30}: 'java.lang.Object java.lang.invoke.DirectMethodHandle$Holder.invokeStatic(java.lang.Object, java.lang.Object, java.lang.Object, java.lang.Object, java.lang.Object, java.lang.Object, java.lang.Object, java.lang.Object, java.lang.Object, java.lang.Object, java.lang.Object, java.lang.Object, java.lang.Object, java.lang.Object, java.lang.Object, java.lang.Object, java.lang.Object, java.lang.Object, java.lang.Object, java.lang.Object, java.lang.Obj
Event: 4.039 Thread 0x000001d2c6143910 Exception <a 'java/lang/NoSuchMethodError'{0x00000006055c81e8}: 'java.lang.Object java.lang.invoke.DirectMethodHandle$Holder.invokeStatic(java.lang.Object, java.lang.Object, java.lang.Object, java.lang.Object, java.lang.Object, java.lang.Object, java.lang.Object, java.lang.Object, java.lang.Object, java.lang.Object, java.lang.Object, java.lang.Object, java.lang.Object, java.lang.Object, java.lang.Object, java.lang.Object, java.lang.Object, java.lang.Object, java.lang.Object, java.lang.Object, java.lang.Obj
Event: 4.040 Thread 0x000001d2c6143910 Exception <a 'java/lang/NoSuchMethodError'{0x00000006055f7b60}: 'java.lang.Object java.lang.invoke.DirectMethodHandle$Holder.invokeStatic(java.lang.Object, java.lang.Object, java.lang.Object, java.lang.Object, java.lang.Object, java.lang.Object, java.lang.Object, java.lang.Object, java.lang.Object, java.lang.Object, java.lang.Object, java.lang.Object, java.lang.Object, java.lang.Object, java.lang.Object, java.lang.Object, java.lang.Object, java.lang.Object, java.lang.Object, java.lang.Object, java.lang.Obj
Event: 4.042 Thread 0x000001d2c6143910 Exception <a 'java/lang/NoSuchMethodError'{0x00000006056283c8}: 'java.lang.Object java.lang.invoke.DirectMethodHandle$Holder.invokeStatic(java.lang.Object, java.lang.Object, java.lang.Object, java.lang.Object, java.lang.Object, java.lang.Object, java.lang.Object, java.lang.Object, java.lang.Object, java.lang.Object, java.lang.Object, java.lang.Object, java.lang.Object, java.lang.Object, java.lang.Object, java.lang.Object, java.lang.Object, java.lang.Object, java.lang.Object, java.lang.Object, java.lang.Obj
Event: 4.043 Thread 0x000001d2c6143910 Exception <a 'java/lang/NoSuchMethodError'{0x0000000605659838}: 'java.lang.Object java.lang.invoke.DirectMethodHandle$Holder.invokeStatic(java.lang.Object, java.lang.Object, java.lang.Object, java.lang.Object, java.lang.Object, java.lang.Object, java.lang.Object, java.lang.Object, java.lang.Object, java.lang.Object, java.lang.Object, java.lang.Object, java.lang.Object, java.lang.Object, java.lang.Object, java.lang.Object, java.lang.Object, java.lang.Object, java.lang.Object, java.lang.Object, java.lang.Obj
Event: 4.044 Thread 0x000001d2c6143910 Exception <a 'java/lang/NoSuchMethodError'{0x000000060568d3a8}: 'java.lang.Object java.lang.invoke.DirectMethodHandle$Holder.invokeStatic(java.lang.Object, java.lang.Object, java.lang.Object, java.lang.Object, java.lang.Object, java.lang.Object, java.lang.Object, java.lang.Object, java.lang.Object, java.lang.Object, java.lang.Object, java.lang.Object, java.lang.Object, java.lang.Object, java.lang.Object, java.lang.Object, java.lang.Object, java.lang.Object, java.lang.Object, java.lang.Object, java.lang.Obj
Event: 4.067 Thread 0x000001d2c6143910 Exception <a 'java/lang/NoSuchMethodError'{0x000000060788e9c0}: 'java.lang.Object java.lang.invoke.DirectMethodHandle$Holder.invokeStaticInit(java.lang.Object, java.lang.Object, java.lang.Object, java.lang.Object)'> (0x000000060788e9c0) 
thrown [s\open\src\hotspot\share\interpreter\linkResolver.cpp, line 759]
Event: 4.093 Thread 0x000001d2c6143910 Exception <a 'java/lang/NoSuchMethodError'{0x0000000607a68418}: 'java.lang.Object java.lang.invoke.DirectMethodHandle$Holder.newInvokeSpecial(java.lang.Object, java.lang.Object, java.lang.Object, java.lang.Object, java.lang.Object, java.lang.Object, java.lang.Object, java.lang.Object)'> (0x0000000607a68418) 
thrown [s\open\src\hotspot\share\interpreter\linkResolver.cpp, line 759]
Event: 4.094 Thread 0x000001d2c6143910 Exception <a 'java/lang/NoSuchMethodError'{0x0000000607a6de20}: 'java.lang.Object java.lang.invoke.DirectMethodHandle$Holder.invokeSpecial(java.lang.Object, java.lang.Object, java.lang.Object, java.lang.Object, java.lang.Object, java.lang.Object, java.lang.Object, java.lang.Object, java.lang.Object)'> (0x0000000607a6de20) 
thrown [s\open\src\hotspot\share\interpreter\linkResolver.cpp, line 759]
Event: 4.094 Thread 0x000001d2c6143910 Exception <a 'java/lang/NoSuchMethodError'{0x0000000607a731d0}: 'java.lang.Object java.lang.invoke.Invokers$Holder.linkToTargetMethod(java.lang.Object, java.lang.Object, java.lang.Object, java.lang.Object, java.lang.Object, java.lang.Object, java.lang.Object, java.lang.Object)'> (0x0000000607a731d0) 
thrown [s\open\src\hotspot\share\interpreter\linkResolver.cpp, line 759]
Event: 4.130 Thread 0x000001d2c6143910 Exception <a 'java/lang/NoSuchMethodError'{0x00000006064c8d48}: 'void java.lang.invoke.DirectMethodHandle$Holder.invokeStaticInit(java.lang.Object, java.lang.Object)'> (0x00000006064c8d48) 
thrown [s\open\src\hotspot\share\interpreter\linkResolver.cpp, line 759]
Event: 4.221 Thread 0x000001d2c6143910 Exception <a 'java/lang/NoSuchMethodError'{0x00000006062cbcb8}: 'int java.lang.invoke.DirectMethodHandle$Holder.invokeVirtual(java.lang.Object, java.lang.Object)'> (0x00000006062cbcb8) 
thrown [s\open\src\hotspot\share\interpreter\linkResolver.cpp, line 759]
Event: 4.229 Thread 0x000001d2c6143e20 Exception <a 'java/lang/NoSuchMethodError'{0x00000006078bc778}: static Lorg/gradle/internal/build/event/types/DefaultOperationFinishedProgressEvent;.<clinit>()V> (0x00000006078bc778) 
thrown [s\open\src\hotspot\share\prims\jni.cpp, line 1112]
Event: 4.230 Thread 0x000001d2c6143e20 Exception <a 'java/lang/NoSuchMethodError'{0x00000006063d52c0}: static Lorg/gradle/internal/build/event/types/DefaultSuccessResult;.<clinit>()V> (0x00000006063d52c0) 
thrown [s\open\src\hotspot\share\prims\jni.cpp, line 1112]
Event: 4.230 Thread 0x000001d2c6143e20 Exception <a 'java/lang/NoSuchMethodError'{0x00000006063d5fb0}: static Lorg/gradle/internal/build/event/types/AbstractOperationResult;.<clinit>()V> (0x00000006063d5fb0) 
thrown [s\open\src\hotspot\share\prims\jni.cpp, line 1112]
Event: 4.230 Thread 0x000001d2c6143e20 Exception <a 'java/lang/NoSuchMethodError'{0x00000006063d6f70}: static Lorg/gradle/internal/build/event/types/AbstractResult;.<clinit>()V> (0x00000006063d6f70) 
thrown [s\open\src\hotspot\share\prims\jni.cpp, line 1112]
Event: 4.240 Thread 0x000001d2c6143910 Exception <a 'java/lang/NoSuchMethodError'{0x0000000605c0dfc8}: 'java.lang.Object java.lang.invoke.DirectMethodHandle$Holder.newInvokeSpecial(java.lang.Object, java.lang.Object, java.lang.Object, int)'> (0x0000000605c0dfc8) 
thrown [s\open\src\hotspot\share\interpreter\linkResolver.cpp, line 759]
Event: 4.240 Thread 0x000001d2c6143910 Exception <a 'java/lang/NoSuchMethodError'{0x0000000605c12650}: 'java.lang.Object java.lang.invoke.DirectMethodHandle$Holder.invokeSpecial(java.lang.Object, java.lang.Object, java.lang.Object, java.lang.Object, int)'> (0x0000000605c12650) 
thrown [s\open\src\hotspot\share\interpreter\linkResolver.cpp, line 759]
Event: 4.240 Thread 0x000001d2c6143910 Exception <a 'java/lang/NoSuchMethodError'{0x0000000605c164c0}: 'java.lang.Object java.lang.invoke.Invokers$Holder.linkToTargetMethod(java.lang.Object, java.lang.Object, int, java.lang.Object)'> (0x0000000605c164c0) 
thrown [s\open\src\hotspot\share\interpreter\linkResolver.cpp, line 759]
Event: 4.243 Thread 0x000001d2c6143910 Exception <a 'java/lang/NoSuchMethodError'{0x0000000605c43918}: 'java.lang.Object java.lang.invoke.DirectMethodHandle$Holder.invokeStatic(java.lang.Object, java.lang.Object, int, java.lang.Object)'> (0x0000000605c43918) 
thrown [s\open\src\hotspot\share\interpreter\linkResolver.cpp, line 759]

VM Operations (20 events):
Event: 3.465 Executing VM operation: HandshakeAllThreads
Event: 3.466 Executing VM operation: HandshakeAllThreads done
Event: 3.466 Executing VM operation: HandshakeAllThreads
Event: 3.466 Executing VM operation: HandshakeAllThreads done
Event: 3.480 Executing VM operation: ICBufferFull
Event: 3.480 Executing VM operation: ICBufferFull done
Event: 3.520 Executing VM operation: G1CollectForAllocation
Event: 3.526 Executing VM operation: G1CollectForAllocation done
Event: 4.025 Executing VM operation: HandshakeAllThreads
Event: 4.026 Executing VM operation: HandshakeAllThreads done
Event: 4.029 Executing VM operation: ICBufferFull
Event: 4.029 Executing VM operation: ICBufferFull done
Event: 4.053 Executing VM operation: CollectForMetadataAllocation
Event: 4.060 Executing VM operation: CollectForMetadataAllocation done
Event: 4.068 Executing VM operation: G1Concurrent
Event: 4.071 Executing VM operation: G1Concurrent done
Event: 4.073 Executing VM operation: G1Concurrent
Event: 4.073 Executing VM operation: G1Concurrent done
Event: 4.263 Executing VM operation: HandshakeAllThreads
Event: 4.263 Executing VM operation: HandshakeAllThreads done

Events (20 events):
Event: 4.041 loading class java/lang/invoke/BoundMethodHandle$Species_LLLLLLLLLLLLLLLLLLLLLL
Event: 4.041 loading class java/lang/invoke/BoundMethodHandle$Species_LLLLLLLLLLLLLLLLLLLLLL done
Event: 4.042 loading class java/lang/invoke/BoundMethodHandle$Species_LLLLLLLLLLLLLLLLLLLLLLL
Event: 4.042 loading class java/lang/invoke/BoundMethodHandle$Species_LLLLLLLLLLLLLLLLLLLLLLL done
Event: 4.043 loading class java/lang/invoke/BoundMethodHandle$Species_LLLLLLLLLLLLLLLLLLLLLLLL
Event: 4.043 loading class java/lang/invoke/BoundMethodHandle$Species_LLLLLLLLLLLLLLLLLLLLLLLL done
Event: 4.177 loading class java/util/function/UnaryOperator
Event: 4.177 loading class java/util/function/UnaryOperator done
Event: 4.190 loading class java/util/concurrent/TimeoutException
Event: 4.190 loading class java/util/concurrent/TimeoutException done
Event: 4.190 loading class java/util/concurrent/CancellationException
Event: 4.191 loading class java/util/concurrent/CancellationException done
Event: 4.213 Thread 0x000001d2c8da3790 Thread added: 0x000001d2c8da3790
Event: 4.213 loading class java/util/concurrent/locks/AbstractQueuedSynchronizer$SharedNode
Event: 4.213 loading class java/util/concurrent/locks/AbstractQueuedSynchronizer$SharedNode done
Event: 4.217 loading class java/io/InterruptedIOException
Event: 4.217 loading class java/io/InterruptedIOException done
Event: 4.219 Thread 0x000001d2c8da46c0 Thread added: 0x000001d2c8da46c0
Event: 4.224 loading class java/util/ArrayDeque$DeqSpliterator
Event: 4.224 loading class java/util/ArrayDeque$DeqSpliterator done


Dynamic libraries:
0x00007ff7523a0000 - 0x00007ff7523b0000 	C:\Program Files\Java\jdk-17\bin\java.exe
0x00007ffa7e200000 - 0x00007ffa7e465000 	C:\WINDOWS\SYSTEM32\ntdll.dll
0x00007ffa7c560000 - 0x00007ffa7c629000 	C:\WINDOWS\System32\KERNEL32.DLL
0x00007ffa7ba30000 - 0x00007ffa7be18000 	C:\WINDOWS\System32\KERNELBASE.dll
0x00007ffa77fc0000 - 0x00007ffa7805e000 	C:\WINDOWS\SYSTEM32\apphelp.dll
0x00007ffa7b820000 - 0x00007ffa7b96b000 	C:\WINDOWS\System32\ucrtbase.dll
0x00007ffa6c610000 - 0x00007ffa6c629000 	C:\Program Files\Java\jdk-17\bin\jli.dll
0x00007ffa6c5f0000 - 0x00007ffa6c60b000 	C:\Program Files\Java\jdk-17\bin\VCRUNTIME140.dll
0x00007ffa7bfa0000 - 0x00007ffa7c053000 	C:\WINDOWS\System32\ADVAPI32.dll
0x00007ffa7cc60000 - 0x00007ffa7cd09000 	C:\WINDOWS\System32\msvcrt.dll
0x00007ffa7d510000 - 0x00007ffa7d5b6000 	C:\WINDOWS\System32\sechost.dll
0x00007ffa7d3f0000 - 0x00007ffa7d505000 	C:\WINDOWS\System32\RPCRT4.dll
0x00007ffa7c900000 - 0x00007ffa7caca000 	C:\WINDOWS\System32\USER32.dll
0x00007ffa603a0000 - 0x00007ffa6063a000 	C:\WINDOWS\WinSxS\amd64_microsoft.windows.common-controls_6595b64144ccf1df_6.0.26100.4202_none_3e0698d4e335f517\COMCTL32.dll
0x00007ffa7b600000 - 0x00007ffa7b627000 	C:\WINDOWS\System32\win32u.dll
0x00007ffa7c2f0000 - 0x00007ffa7c31b000 	C:\WINDOWS\System32\GDI32.dll
0x00007ffa7b630000 - 0x00007ffa7b767000 	C:\WINDOWS\System32\gdi32full.dll
0x00007ffa7b770000 - 0x00007ffa7b813000 	C:\WINDOWS\System32\msvcp_win.dll
0x00007ffa78d20000 - 0x00007ffa78d2b000 	C:\WINDOWS\SYSTEM32\VERSION.dll
0x00007ffa7c520000 - 0x00007ffa7c550000 	C:\WINDOWS\System32\IMM32.DLL
0x00007ffa6c5e0000 - 0x00007ffa6c5ec000 	C:\Program Files\Java\jdk-17\bin\vcruntime140_1.dll
0x00007ffa1b790000 - 0x00007ffa1b81e000 	C:\Program Files\Java\jdk-17\bin\msvcp140.dll
0x00007ff951350000 - 0x00007ff951f30000 	C:\Program Files\Java\jdk-17\bin\server\jvm.dll
0x00007ffa7c510000 - 0x00007ffa7c518000 	C:\WINDOWS\System32\PSAPI.DLL
0x00007ffa6a8f0000 - 0x00007ffa6a925000 	C:\WINDOWS\SYSTEM32\WINMM.dll
0x00007ffa5c210000 - 0x00007ffa5c21a000 	C:\WINDOWS\SYSTEM32\WSOCK32.dll
0x00007ffa7c7a0000 - 0x00007ffa7c814000 	C:\WINDOWS\System32\WS2_32.dll
0x00007ffa7a0d0000 - 0x00007ffa7a0eb000 	C:\WINDOWS\SYSTEM32\kernel.appcore.dll
0x00007ffa42c30000 - 0x00007ffa42c3a000 	C:\Program Files\Java\jdk-17\bin\jimage.dll
0x00007ffa77c80000 - 0x00007ffa77ec1000 	C:\WINDOWS\SYSTEM32\DBGHELP.DLL
0x00007ffa7d620000 - 0x00007ffa7d9a5000 	C:\WINDOWS\System32\combase.dll
0x00007ffa7c420000 - 0x00007ffa7c501000 	C:\WINDOWS\System32\OLEAUT32.dll
0x00007ffa5d6a0000 - 0x00007ffa5d6d9000 	C:\WINDOWS\SYSTEM32\dbgcore.DLL
0x00007ffa7b560000 - 0x00007ffa7b5f9000 	C:\WINDOWS\System32\bcryptPrimitives.dll
0x00007ffa42c20000 - 0x00007ffa42c2e000 	C:\Program Files\Java\jdk-17\bin\instrument.dll
0x00007ffa25b10000 - 0x00007ffa25b35000 	C:\Program Files\Java\jdk-17\bin\java.dll
0x00007ff991760000 - 0x00007ff991837000 	C:\Program Files\Java\jdk-17\bin\jsvml.dll
0x00007ffa7d9b0000 - 0x00007ffa7e0f2000 	C:\WINDOWS\System32\SHELL32.dll
0x00007ffa7be20000 - 0x00007ffa7bf94000 	C:\WINDOWS\System32\wintypes.dll
0x00007ffa78f90000 - 0x00007ffa797e8000 	C:\WINDOWS\SYSTEM32\windows.storage.dll
0x00007ffa7c320000 - 0x00007ffa7c411000 	C:\WINDOWS\System32\SHCORE.dll
0x00007ffa7c060000 - 0x00007ffa7c0ca000 	C:\WINDOWS\System32\shlwapi.dll
0x00007ffa7b260000 - 0x00007ffa7b28f000 	C:\WINDOWS\SYSTEM32\profapi.dll
0x00007ffa1c1c0000 - 0x00007ffa1c1d8000 	C:\Program Files\Java\jdk-17\bin\zip.dll
0x00007ffa1bb70000 - 0x00007ffa1bb89000 	C:\Program Files\Java\jdk-17\bin\net.dll
0x00007ffa73aa0000 - 0x00007ffa73bbe000 	C:\WINDOWS\SYSTEM32\WINHTTP.dll
0x00007ffa7a620000 - 0x00007ffa7a68a000 	C:\WINDOWS\system32\mswsock.dll
0x00007ffa1bb50000 - 0x00007ffa1bb66000 	C:\Program Files\Java\jdk-17\bin\nio.dll
0x00007ffa25b00000 - 0x00007ffa25b10000 	C:\Program Files\Java\jdk-17\bin\verify.dll
0x00007ffa1c1e0000 - 0x00007ffa1c207000 	C:\Users\User\.gradle\native\1def1411415f61bf3af743bc5b6707747c0891f09f0c88961ee8f79bc544acac\windows-amd64\native-platform.dll
0x00007ffa1b710000 - 0x00007ffa1b788000 	C:\Users\User\.gradle\native\0.2.7\x86_64-windows-gnu\gradle-fileevents.dll
0x00007ffa25910000 - 0x00007ffa2591a000 	C:\Program Files\Java\jdk-17\bin\management.dll
0x00007ffa24670000 - 0x00007ffa2467b000 	C:\Program Files\Java\jdk-17\bin\management_ext.dll
0x00007ffa79ae0000 - 0x00007ffa79b13000 	C:\WINDOWS\SYSTEM32\IPHLPAPI.DLL
0x00007ffa7c8a0000 - 0x00007ffa7c8aa000 	C:\WINDOWS\System32\NSI.dll
0x00007ffa73a20000 - 0x00007ffa73a3f000 	C:\WINDOWS\SYSTEM32\dhcpcsvc6.DLL
0x00007ffa739a0000 - 0x00007ffa739c5000 	C:\WINDOWS\SYSTEM32\dhcpcsvc.DLL
0x00007ffa79b20000 - 0x00007ffa79c47000 	C:\WINDOWS\SYSTEM32\DNSAPI.dll
0x00007ffa7aa00000 - 0x00007ffa7aa1b000 	C:\WINDOWS\SYSTEM32\CRYPTSP.dll
0x00007ffa7a030000 - 0x00007ffa7a06a000 	C:\WINDOWS\system32\rsaenh.dll
0x00007ffa7a6c0000 - 0x00007ffa7a6eb000 	C:\WINDOWS\SYSTEM32\USERENV.dll
0x00007ffa7b230000 - 0x00007ffa7b256000 	C:\WINDOWS\SYSTEM32\bcrypt.dll
0x00007ffa7a9e0000 - 0x00007ffa7a9ec000 	C:\WINDOWS\SYSTEM32\CRYPTBASE.dll
0x00007ffa239e0000 - 0x00007ffa239ee000 	C:\Program Files\Java\jdk-17\bin\sunmscapi.dll
0x00007ffa7b3e0000 - 0x00007ffa7b557000 	C:\WINDOWS\System32\CRYPT32.dll
0x00007ffa7ac70000 - 0x00007ffa7aca0000 	C:\WINDOWS\SYSTEM32\ncrypt.dll
0x00007ffa7ac20000 - 0x00007ffa7ac5f000 	C:\WINDOWS\SYSTEM32\NTASN1.dll
0x00007ffa4cc70000 - 0x00007ffa4cc78000 	C:\WINDOWS\system32\wshunix.dll

dbghelp: loaded successfully - version: 4.0.5 - missing functions: none
symbol engine: initialized successfully - sym options: 0x614 - pdb path: .;C:\Program Files\Java\jdk-17\bin;C:\WINDOWS\SYSTEM32;C:\WINDOWS\WinSxS\amd64_microsoft.windows.common-controls_6595b64144ccf1df_6.0.26100.4202_none_3e0698d4e335f517;C:\Program Files\Java\jdk-17\bin\server;C:\Users\User\.gradle\native\1def1411415f61bf3af743bc5b6707747c0891f09f0c88961ee8f79bc544acac\windows-amd64;C:\Users\User\.gradle\native\0.2.7\x86_64-windows-gnu

VM Arguments:
jvm_args: --add-opens=java.base/java.lang=ALL-UNNAMED --add-opens=java.base/java.lang.invoke=ALL-UNNAMED --add-opens=java.base/java.util=ALL-UNNAMED --add-opens=java.prefs/java.util.prefs=ALL-UNNAMED --add-exports=jdk.compiler/com.sun.tools.javac.api=ALL-UNNAMED --add-exports=jdk.compiler/com.sun.tools.javac.util=ALL-UNNAMED --add-opens=java.base/java.util=ALL-UNNAMED --add-opens=java.prefs/java.util.prefs=ALL-UNNAMED --add-opens=java.base/java.nio.charset=ALL-UNNAMED --add-opens=java.base/java.net=ALL-UNNAMED --add-opens=java.base/java.util.concurrent.atomic=ALL-UNNAMED --add-opens=java.xml/javax.xml.namespace=ALL-UNNAMED -XX:MaxMetaspaceSize=4G -XX:ReservedCodeCacheSize=512m -XX:+HeapDumpOnOutOfMemoryError -Xmx8G -Dfile.encoding=UTF-8 -Duser.country=US -Duser.language=en -Duser.variant -javaagent:C:\Users\User\.gradle\wrapper\dists\gradle-8.14-all\c2qonpi39x1mddn7hk5gh9iqj\gradle-8.14\lib\agents\gradle-instrumentation-agent-8.14.jar 
java_command: org.gradle.launcher.daemon.bootstrap.GradleDaemon 8.14
java_class_path (initial): C:\Users\User\.gradle\wrapper\dists\gradle-8.14-all\c2qonpi39x1mddn7hk5gh9iqj\gradle-8.14\lib\gradle-daemon-main-8.14.jar
Launcher Type: SUN_STANDARD

[Global flags]
     intx CICompilerCount                          = 12                                        {product} {ergonomic}
     uint ConcGCThreads                            = 3                                         {product} {ergonomic}
     uint G1ConcRefinementThreads                  = 13                                        {product} {ergonomic}
   size_t G1HeapRegionSize                         = 4194304                                   {product} {ergonomic}
    uintx GCDrainStackTargetSize                   = 64                                        {product} {ergonomic}
     bool HeapDumpOnOutOfMemoryError               = true                                   {manageable} {command line}
   size_t InitialHeapSize                          = 130023424                                 {product} {ergonomic}
   size_t MarkStackSize                            = 4194304                                   {product} {ergonomic}
   size_t MaxHeapSize                              = 8589934592                                {product} {command line}
   size_t MaxMetaspaceSize                         = 4294967296                                {product} {command line}
   size_t MaxNewSize                               = 5150605312                                {product} {ergonomic}
   size_t MinHeapDeltaBytes                        = 4194304                                   {product} {ergonomic}
   size_t MinHeapSize                              = 8388608                                   {product} {ergonomic}
    uintx NonNMethodCodeHeapSize                   = 7602480                                {pd product} {ergonomic}
    uintx NonProfiledCodeHeapSize                  = 264634216                              {pd product} {ergonomic}
    uintx ProfiledCodeHeapSize                     = 264634216                              {pd product} {ergonomic}
    uintx ReservedCodeCacheSize                    = 536870912                              {pd product} {command line}
     bool SegmentedCodeCache                       = true                                      {product} {ergonomic}
   size_t SoftMaxHeapSize                          = 8589934592                             {manageable} {ergonomic}
   double SweeperThreshold                         = 0.234375                                  {product} {ergonomic}
     bool UseCompressedClassPointers               = true                           {product lp64_product} {ergonomic}
     bool UseCompressedOops                        = true                           {product lp64_product} {ergonomic}
     bool UseG1GC                                  = true                                      {product} {ergonomic}
     bool UseLargePagesIndividualAllocation        = false                                  {pd product} {ergonomic}

Logging:
Log output configuration:
 #0: stdout all=warning uptime,level,tags
 #1: stderr all=off uptime,level,tags

Environment Variables:
PATH=C:\Program Files\Common Files\Oracle\Java\javapath;C:\WINDOWS\system32;C:\WINDOWS;C:\WINDOWS\System32\Wbem;C:\WINDOWS\System32\WindowsPowerShell\v1.0\;C:\WINDOWS\System32\OpenSSH\;C:\Program Files (x86)\NVIDIA Corporation\PhysX\Common;C:\Program Files\NVIDIA Corporation\NVIDIA app\NvDLISR;C:\Program Files\nodejs\;C:\Program Files\Git\cmd;C:\Program Files\Docker\Docker\resources\bin;C:\Program Files\sonar-scanner-7.1.0.4889-windows-x64\bin;C:\Program Files (x86)\Microsoft SQL Server\160\DTS\Binn\;C:\Program Files\MySQL\MySQL Server 8.0\bin;C:\Program Files\Microsoft SQL Server\150\Tools\Binn\;C:\WINDOWS\twain_32\ebscan\;C:\WINDOWS\twain_64\ebscan\;C:\WINDOWS\twain_32\erscan\;C:\WINDOWS\twain_64\erscan\;C:\Program Files\TOSHIBA\TOSHIBA e-STUDIO Client\TOSHIBA e-STUDIO AddressBook Viewer\Shared;C:\Program Files\cursor\resources\app\bin;G:\flutter\flutter\bin;C:\Users\User\.cargo\bin;C:\Program Files\MySQL\MySQL Shell 8.0\bin\;C:\Users\User\AppData\Local\Programs\Python\Python313\Scripts\;C:\Users\User\AppData\Local\Programs\Python\Python313\;C:\Users\User\AppData\Local\Programs\Python\Launcher\;C:\Users\User\AppData\Local\Microsoft\WindowsApps;C:\Users\User\AppData\Local\Programs\Microsoft VS Code\bin;C:\Users\User\AppData\Roaming\npm;C:\Users\User\PyCharm 2024.3\bin;C:\Users\User\AppData\Local\GitHubDesktop\bin
USERNAME=User
OS=Windows_NT
PROCESSOR_IDENTIFIER=Intel64 Family 6 Model 141 Stepping 1, GenuineIntel



---------------  S Y S T E M  ---------------

OS:
 Windows 11 , 64 bit Build 26100 (10.0.26100.4202)
OS uptime: 1 days 5:51 hours
Hyper-V role detected

CPU: total 16 (initial active 16) (8 cores per cpu, 2 threads per core) family 6 model 141 stepping 1 microcode 0x34, cx8, cmov, fxsr, ht, mmx, 3dnowpref, sse, sse2, sse3, ssse3, sse4.1, sse4.2, popcnt, lzcnt, tsc, tscinvbit, avx, avx2, aes, erms, clmul, bmi1, bmi2, adx, avx512f, avx512dq, avx512cd, avx512bw, avx512vl, sha, fma, vzeroupper, avx512_vpopcntdq, avx512_vpclmulqdq, avx512_vaes, avx512_vnni, clflush, clflushopt, clwb, avx512_vbmi2, avx512_vbmi, hv

Memory: 4k page, system-wide physical 7877M (183M free)
TotalPageFile size 23434M (AvailPageFile size 3M)
current process WorkingSet (physical memory assigned to process): 200M, peak: 216M
current process commit charge ("private bytes"): 281M, peak: 300M

vm_info: Java HotSpot(TM) 64-Bit Server VM (17.0.12+8-LTS-286) for windows-amd64 JRE (17.0.12+8-LTS-286), built on Jun  5 2024 06:46:59 by "mach5one" with MS VC++ 17.6 (VS2022)

END.
