#
# There is insufficient memory for the Java Runtime Environment to continue.
# Native memory allocation (malloc) failed to allocate 76496 bytes. Error detail: Chunk::new
# Possible reasons:
#   The system is out of physical RAM or swap space
#   This process is running with CompressedOops enabled, and the Java Heap may be blocking the growth of the native heap
# Possible solutions:
#   Reduce memory load on the system
#   Increase physical memory or swap space
#   Check if swap backing store is full
#   Decrease Java heap size (-Xmx/-Xms)
#   Decrease number of Java threads
#   Decrease Java thread stack sizes (-Xss)
#   Set larger code cache with -XX:ReservedCodeCacheSize=
#   JVM is running with Unscaled Compressed Oops mode in which the Java heap is
#     placed in the first 4GB address space. The Java Heap base address is the
#     maximum limit for the native heap growth. Please use -XX:HeapBaseMinAddress
#     to set the Java Heap base and to place the Java Heap above 4GB virtual address.
# This output file may be truncated or incomplete.
#
#  Out of Memory Error (arena.cpp:168), pid=32532, tid=24256
#
# JRE version: OpenJDK Runtime Environment Temurin-21.0.9+10 (21.0.9+10) (build 21.0.9+10-LTS)
# Java VM: OpenJDK 64-Bit Server VM Temurin-21.0.9+10 (21.0.9+10-LTS, mixed mode, sharing, tiered, compressed oops, compressed class ptrs, parallel gc, windows-amd64)
# No core dump will be written. Minidumps are not enabled by default on client versions of Windows
#

---------------  S U M M A R Y ------------

Command Line: --add-modules=ALL-SYSTEM --add-opens=java.base/java.util=ALL-UNNAMED --add-opens=java.base/java.lang=ALL-UNNAMED --add-opens=java.base/sun.nio.fs=ALL-UNNAMED -Declipse.application=org.eclipse.jdt.ls.core.id1 -Dosgi.bundles.defaultStartLevel=4 -Declipse.product=org.eclipse.jdt.ls.core.product -Djava.import.generatesMetadataFilesAtProjectRoot=false -DDetectVMInstallationsJob.disabled=true -Dfile.encoding=utf8 -XX:+UseParallelGC -XX:GCTimeRatio=4 -XX:AdaptiveSizePolicyWeight=90 -Dsun.zip.disableMemoryMapping=true -Xmx2G -Xms100m -Xlog:disable -javaagent:c:\Users\User\.vscode\extensions\redhat.java-1.53.2026013108-win32-x64\lombok\lombok-1.18.39-4050.jar c:\Users\User\.vscode\extensions\redhat.java-1.53.2026013108-win32-x64\server\plugins\org.eclipse.equinox.launcher_1.7.100.v20251111-0406.jar -configuration c:\Users\User\AppData\Roaming\Code\User\globalStorage\redhat.java\1.53.2026013108\config_ss_win -data c:\Users\User\AppData\Roaming\Code\User\workspaceStorage\6cade22bb58dc6f0a8a540f398cedfca\redhat.java\ss_ws --pipe=\\.\pipe\lsp-414a7eab7e464d097b8559c4a08abefc-sock

Host: 11th Gen Intel(R) Core(TM) i7-11800H @ 2.30GHz, 16 cores, 7G,  Windows 11 , 64 bit Build 26100 (10.0.26100.4202)
Time: Thu Feb  5 19:30:55 2026 Sri Lanka Standard Time elapsed time: 0.848283 seconds (0d 0h 0m 0s)

---------------  T H R E A D  ---------------

Current thread (0x000001ba12959760):  JavaThread "C2 CompilerThread1" daemon [_thread_in_native, id=24256, stack(0x0000009117b00000,0x0000009117c00000) (1024K)]


Current CompileTask:
C2:848 1100   !   4       java.util.jar.Attributes::read (494 bytes)

Stack: [0x0000009117b00000,0x0000009117c00000]
Native frames: (J=compiled Java code, j=interpreted, Vv=VM code, C=native code)
V  [jvm.dll+0x6d6e29]
V  [jvm.dll+0x8b4b76]
V  [jvm.dll+0x8b712e]
V  [jvm.dll+0x8b7813]
V  [jvm.dll+0x283d86]
V  [jvm.dll+0xc66ed]
V  [jvm.dll+0xc6c31]
V  [jvm.dll+0x5de4d7]
V  [jvm.dll+0x38abc1]
V  [jvm.dll+0x389fda]
V  [jvm.dll+0x24bfa0]
V  [jvm.dll+0x24b580]
V  [jvm.dll+0x1cb13e]
V  [jvm.dll+0x25b29d]
V  [jvm.dll+0x25982a]
V  [jvm.dll+0x3f7ea6]
V  [jvm.dll+0x85e9ad]
V  [jvm.dll+0x6d565d]
C  [ucrtbase.dll+0x37b0]
C  [KERNEL32.DLL+0x2e8d7]
C  [ntdll.dll+0x3c34c]


---------------  P R O C E S S  ---------------

Threads class SMR info:
_java_thread_list=0x000001ba12906270, length=14, elements={
0x000001b9b97be1c0, 0x000001b9b9749cc0, 0x000001b9b974ba20, 0x000001b9b97555b0,
0x000001b9b9756000, 0x000001b9b975a220, 0x000001b9b975bc80, 0x000001b9b975de60,
0x000001ba125eaef0, 0x000001ba126f0ae0, 0x000001ba126f34b0, 0x000001ba128453b0,
0x000001ba12959760, 0x000001ba180075a0
}

Java Threads: ( => current thread )
  0x000001b9b97be1c0 JavaThread "main"                              [_thread_in_Java, id=32204, stack(0x0000009116c00000,0x0000009116d00000) (1024K)]
  0x000001b9b9749cc0 JavaThread "Reference Handler"          daemon [_thread_blocked, id=12068, stack(0x0000009117000000,0x0000009117100000) (1024K)]
  0x000001b9b974ba20 JavaThread "Finalizer"                  daemon [_thread_blocked, id=5684, stack(0x0000009117100000,0x0000009117200000) (1024K)]
  0x000001b9b97555b0 JavaThread "Signal Dispatcher"          daemon [_thread_blocked, id=9240, stack(0x0000009117200000,0x0000009117300000) (1024K)]
  0x000001b9b9756000 JavaThread "Attach Listener"            daemon [_thread_blocked, id=11252, stack(0x0000009117300000,0x0000009117400000) (1024K)]
  0x000001b9b975a220 JavaThread "Service Thread"             daemon [_thread_blocked, id=7736, stack(0x0000009117400000,0x0000009117500000) (1024K)]
  0x000001b9b975bc80 JavaThread "Monitor Deflation Thread"   daemon [_thread_blocked, id=21564, stack(0x0000009117500000,0x0000009117600000) (1024K)]
  0x000001b9b975de60 JavaThread "C2 CompilerThread0"         daemon [_thread_in_native, id=33540, stack(0x0000009117600000,0x0000009117700000) (1024K)]
  0x000001ba125eaef0 JavaThread "C1 CompilerThread0"         daemon [_thread_blocked, id=33752, stack(0x0000009117700000,0x0000009117800000) (1024K)]
  0x000001ba126f0ae0 JavaThread "C1 CompilerThread1"         daemon [_thread_blocked, id=32496, stack(0x0000009117800000,0x0000009117900000) (1024K)]
  0x000001ba126f34b0 JavaThread "C1 CompilerThread2"         daemon [_thread_blocked, id=33716, stack(0x0000009117900000,0x0000009117a00000) (1024K)]
  0x000001ba128453b0 JavaThread "Common-Cleaner"             daemon [_thread_blocked, id=17768, stack(0x0000009117a00000,0x0000009117b00000) (1024K)]
=>0x000001ba12959760 JavaThread "C2 CompilerThread1"         daemon [_thread_in_native, id=24256, stack(0x0000009117b00000,0x0000009117c00000) (1024K)]
  0x000001ba180075a0 JavaThread "Notification Thread"        daemon [_thread_blocked, id=18040, stack(0x0000009117c00000,0x0000009117d00000) (1024K)]
Total: 14

Other Threads:
  0x000001b9b9857b50 VMThread "VM Thread"                           [id=25660, stack(0x0000009116f00000,0x0000009117000000) (1024K)]
  0x000001b9b9825a30 WatcherThread "VM Periodic Task Thread"        [id=22484, stack(0x0000009116e00000,0x0000009116f00000) (1024K)]
  0x000001b9b97cf730 WorkerThread "GC Thread#0"                     [id=32520, stack(0x0000009116d00000,0x0000009116e00000) (1024K)]
  0x000001ba1854a560 WorkerThread "GC Thread#1"                     [id=31720, stack(0x0000009117d00000,0x0000009117e00000) (1024K)]
  0x000001ba1854a900 WorkerThread "GC Thread#2"                     [id=29972, stack(0x0000009117e00000,0x0000009117f00000) (1024K)]
  0x000001ba185cd720 WorkerThread "GC Thread#3"                     [id=29872, stack(0x0000009117f00000,0x0000009118000000) (1024K)]
  0x000001ba185cdac0 WorkerThread "GC Thread#4"                     [id=29904, stack(0x0000009118000000,0x0000009118100000) (1024K)]
  0x000001ba185cde60 WorkerThread "GC Thread#5"                     [id=29916, stack(0x0000009118100000,0x0000009118200000) (1024K)]
  0x000001ba1805c920 WorkerThread "GC Thread#6"                     [id=30012, stack(0x0000009118200000,0x0000009118300000) (1024K)]
Total: 9

Threads with active compile tasks:
C2 CompilerThread0  871 1138       4       java.util.HashMap::put (13 bytes)
C2 CompilerThread1  871 1100   !   4       java.util.jar.Attributes::read (494 bytes)
Total: 2

VM state: not at safepoint (normal execution)

VM Mutex/Monitor currently owned by a thread: None

Heap address: 0x0000000080000000, size: 2048 MB, Compressed Oops mode: 32-bit

CDS archive(s) mapped at: [0x000001b9d1000000-0x000001b9d1ba0000-0x000001b9d1ba0000), size 12189696, SharedBaseAddress: 0x000001b9d1000000, ArchiveRelocationMode: 1.
Compressed class space mapped at: 0x000001b9d2000000-0x000001ba12000000, reserved size: 1073741824
Narrow klass base: 0x000001b9d1000000, Narrow klass shift: 0, Narrow klass range: 0x100000000

GC Precious Log:
 CardTable entry size: 512
 CPUs: 16 total, 16 available
 Memory: 7877M
 Large Page Support: Disabled
 NUMA Support: Disabled
 Compressed Oops: Enabled (32-bit)
 Alignments: Space 512K, Generation 512K, Heap 2M
 Heap Min Capacity: 100M
 Heap Initial Capacity: 100M
 Heap Max Capacity: 2G
 Pre-touch: Disabled
 Parallel Workers: 13

Heap:
 PSYoungGen      total 29696K, used 5602K [0x00000000d5580000, 0x00000000d7680000, 0x0000000100000000)
  eden space 25600K, 6% used [0x00000000d5580000,0x00000000d57318b8,0x00000000d6e80000)
  from space 4096K, 94% used [0x00000000d6e80000,0x00000000d7246fe0,0x00000000d7280000)
  to   space 4096K, 0% used [0x00000000d7280000,0x00000000d7280000,0x00000000d7680000)
 ParOldGen       total 68608K, used 16K [0x0000000080000000, 0x0000000084300000, 0x00000000d5580000)
  object space 68608K, 0% used [0x0000000080000000,0x0000000080004000,0x0000000084300000)
 Metaspace       used 4406K, committed 4608K, reserved 1114112K
  class space    used 475K, committed 576K, reserved 1048576K

Card table byte_map: [0x000001b9b9150000,0x000001b9b9560000] _byte_map_base: 0x000001b9b8d50000

Marking Bits: (ParMarkBitMap*) 0x00007ff946e02460
 Begin Bits: [0x000001b9cbc60000, 0x000001b9cdc60000)
 End Bits:   [0x000001b9cdc60000, 0x000001b9cfc60000)

Polling page: 0x000001b9b8ee0000

Metaspace:

Usage:
  Non-class:      3.84 MB used.
      Class:    475.69 KB used.
       Both:      4.30 MB used.

Virtual space:
  Non-class space:       64.00 MB reserved,       3.94 MB (  6%) committed,  1 nodes.
      Class space:        1.00 GB reserved,     576.00 KB ( <1%) committed,  1 nodes.
             Both:        1.06 GB reserved,       4.50 MB ( <1%) committed. 

Chunk freelists:
   Non-Class:  11.12 MB
       Class:  15.44 MB
        Both:  26.56 MB

MaxMetaspaceSize: unlimited
CompressedClassSpaceSize: 1.00 GB
Initial GC threshold: 21.00 MB
Current GC threshold: 21.00 MB
CDS: on
 - commit_granule_bytes: 65536.
 - commit_granule_words: 8192.
 - virtual_space_node_default_size: 8388608.
 - enlarge_chunks_in_place: 1.
 - use_allocation_guard: 0.


Internal statistics:

num_allocs_failed_limit: 0.
num_arena_births: 184.
num_arena_deaths: 0.
num_vsnodes_births: 2.
num_vsnodes_deaths: 0.
num_space_committed: 72.
num_space_uncommitted: 0.
num_chunks_returned_to_freelist: 0.
num_chunks_taken_from_freelist: 252.
num_chunk_merges: 0.
num_chunk_splits: 160.
num_chunks_enlarged: 92.
num_inconsistent_stats: 0.

CodeHeap 'non-profiled nmethods': size=119168Kb used=406Kb max_used=406Kb free=118761Kb
 bounds [0x000001b9c4550000, 0x000001b9c47c0000, 0x000001b9cb9b0000]
CodeHeap 'profiled nmethods': size=119104Kb used=1854Kb max_used=1854Kb free=117249Kb
 bounds [0x000001b9bc9b0000, 0x000001b9bcc20000, 0x000001b9c3e00000]
CodeHeap 'non-nmethods': size=7488Kb used=2330Kb max_used=2351Kb free=5157Kb
 bounds [0x000001b9c3e00000, 0x000001b9c4070000, 0x000001b9c4550000]
CodeCache: size=245760Kb, used=4590Kb, max_used=4611Kb, free=241167Kb
 total_blobs=1598, nmethods=1141, adapters=362, full_count=0
Compilation: enabled, stopped_count=0, restarted_count=0

Compilation events (20 events):
Event: 0.839 Thread 0x000001ba126f34b0 nmethod 1129 0x000001b9bcb76390 code [0x000001b9bcb76640, 0x000001b9bcb771e8]
Event: 0.840 Thread 0x000001ba126f34b0 1131       3       java.math.BigInteger::montReduce (99 bytes)
Event: 0.840 Thread 0x000001ba126f34b0 nmethod 1131 0x000001b9bcb77610 code [0x000001b9bcb77820, 0x000001b9bcb77cd0]
Event: 0.841 Thread 0x000001ba126f34b0 1132       3       java.lang.invoke.DirectMethodHandle::allocateInstance (16 bytes)
Event: 0.841 Thread 0x000001ba126f0ae0 1133       3       java.lang.invoke.DirectMethodHandle::constructorMethod (10 bytes)
Event: 0.841 Thread 0x000001ba126f34b0 nmethod 1132 0x000001b9bcb77f10 code [0x000001b9bcb780c0, 0x000001b9bcb782e8]
Event: 0.841 Thread 0x000001ba126f0ae0 nmethod 1133 0x000001b9bcb78410 code [0x000001b9bcb785c0, 0x000001b9bcb787a8]
Event: 0.843 Thread 0x000001ba126f0ae0 1134       3       java.util.regex.ASCII::toLower (16 bytes)
Event: 0.843 Thread 0x000001ba125eaef0 1135       3       java.util.regex.ASCII::isUpper (18 bytes)
Event: 0.844 Thread 0x000001ba125eaef0 nmethod 1135 0x000001b9bcb78890 code [0x000001b9bcb78a20, 0x000001b9bcb78b70]
Event: 0.844 Thread 0x000001ba126f0ae0 nmethod 1134 0x000001b9bcb78c10 code [0x000001b9bcb78dc0, 0x000001b9bcb78fb0]
Event: 0.844 Thread 0x000001ba126f0ae0 1136       3       java.util.ArrayList::<init> (61 bytes)
Event: 0.845 Thread 0x000001ba126f34b0 1137       3       org.eclipse.osgi.internal.util.Tokenizer::skipWhiteSpace (58 bytes)
Event: 0.845 Thread 0x000001ba126f0ae0 nmethod 1136 0x000001b9bcb79090 code [0x000001b9bcb792e0, 0x000001b9bcb79b28]
Event: 0.845 Thread 0x000001ba126f0ae0 1139       1       java.util.concurrent.locks.AbstractOwnableSynchronizer::setExclusiveOwnerThread (6 bytes)
Event: 0.845 Thread 0x000001ba126f34b0 nmethod 1137 0x000001b9bcb79e10 code [0x000001b9bcb79fc0, 0x000001b9bcb7a270]
Event: 0.845 Thread 0x000001ba126f0ae0 nmethod 1139 0x000001b9c45b4d90 code [0x000001b9c45b4f20, 0x000001b9c45b5000]
Event: 0.846 Thread 0x000001ba126f0ae0 1140       3       java.util.AbstractCollection::addAll (42 bytes)
Event: 0.846 Thread 0x000001ba126f0ae0 nmethod 1140 0x000001b9bcb7a390 code [0x000001b9bcb7a580, 0x000001b9bcb7aaa0]
Event: 0.846 Thread 0x000001ba126f0ae0 1141       3       java.lang.StringLatin1::inflate (34 bytes)

GC Heap History (2 events):
Event: 0.829 GC heap before
{Heap before GC invocations=1 (full 0):
 PSYoungGen      total 29696K, used 25600K [0x00000000d5580000, 0x00000000d7680000, 0x0000000100000000)
  eden space 25600K, 100% used [0x00000000d5580000,0x00000000d6e80000,0x00000000d6e80000)
  from space 4096K, 0% used [0x00000000d7280000,0x00000000d7280000,0x00000000d7680000)
  to   space 4096K, 0% used [0x00000000d6e80000,0x00000000d6e80000,0x00000000d7280000)
 ParOldGen       total 68608K, used 0K [0x0000000080000000, 0x0000000084300000, 0x00000000d5580000)
  object space 68608K, 0% used [0x0000000080000000,0x0000000080000000,0x0000000084300000)
 Metaspace       used 4206K, committed 4480K, reserved 1114112K
  class space    used 463K, committed 576K, reserved 1048576K
}
Event: 0.834 GC heap after
{Heap after GC invocations=1 (full 0):
 PSYoungGen      total 29696K, used 3867K [0x00000000d5580000, 0x00000000d7680000, 0x0000000100000000)
  eden space 25600K, 0% used [0x00000000d5580000,0x00000000d5580000,0x00000000d6e80000)
  from space 4096K, 94% used [0x00000000d6e80000,0x00000000d7246fe0,0x00000000d7280000)
  to   space 4096K, 0% used [0x00000000d7280000,0x00000000d7280000,0x00000000d7680000)
 ParOldGen       total 68608K, used 16K [0x0000000080000000, 0x0000000084300000, 0x00000000d5580000)
  object space 68608K, 0% used [0x0000000080000000,0x0000000080004000,0x0000000084300000)
 Metaspace       used 4206K, committed 4480K, reserved 1114112K
  class space    used 463K, committed 576K, reserved 1048576K
}

Dll operation events (8 events):
Event: 0.018 Loaded shared library c:\Users\User\.vscode\extensions\redhat.java-1.53.2026013108-win32-x64\jre\21.0.9-win32-x86_64\bin\java.dll
Event: 0.118 Loaded shared library c:\Users\User\.vscode\extensions\redhat.java-1.53.2026013108-win32-x64\jre\21.0.9-win32-x86_64\bin\zip.dll
Event: 0.146 Loaded shared library C:\Users\User\.vscode\extensions\redhat.java-1.53.2026013108-win32-x64\jre\21.0.9-win32-x86_64\bin\instrument.dll
Event: 0.152 Loaded shared library C:\Users\User\.vscode\extensions\redhat.java-1.53.2026013108-win32-x64\jre\21.0.9-win32-x86_64\bin\net.dll
Event: 0.154 Loaded shared library C:\Users\User\.vscode\extensions\redhat.java-1.53.2026013108-win32-x64\jre\21.0.9-win32-x86_64\bin\nio.dll
Event: 0.158 Loaded shared library C:\Users\User\.vscode\extensions\redhat.java-1.53.2026013108-win32-x64\jre\21.0.9-win32-x86_64\bin\zip.dll
Event: 0.181 Loaded shared library C:\Users\User\.vscode\extensions\redhat.java-1.53.2026013108-win32-x64\jre\21.0.9-win32-x86_64\bin\jimage.dll
Event: 0.311 Loaded shared library c:\Users\User\.vscode\extensions\redhat.java-1.53.2026013108-win32-x64\jre\21.0.9-win32-x86_64\bin\verify.dll

Deoptimization events (20 events):
Event: 0.820 Thread 0x000001b9b97be1c0 DEOPT PACKING pc=0x000001b9bcb44731 sp=0x0000009116cfe020
Event: 0.820 Thread 0x000001b9b97be1c0 DEOPT UNPACKING pc=0x000001b9c3e578e2 sp=0x0000009116cfd498 mode 0
Event: 0.820 Thread 0x000001b9b97be1c0 DEOPT PACKING pc=0x000001b9bcb44731 sp=0x0000009116cfe020
Event: 0.820 Thread 0x000001b9b97be1c0 DEOPT UNPACKING pc=0x000001b9c3e578e2 sp=0x0000009116cfd498 mode 0
Event: 0.820 Thread 0x000001b9b97be1c0 DEOPT PACKING pc=0x000001b9bcb44731 sp=0x0000009116cfe020
Event: 0.820 Thread 0x000001b9b97be1c0 DEOPT UNPACKING pc=0x000001b9c3e578e2 sp=0x0000009116cfd498 mode 0
Event: 0.820 Thread 0x000001b9b97be1c0 DEOPT PACKING pc=0x000001b9bcb44731 sp=0x0000009116cfe020
Event: 0.820 Thread 0x000001b9b97be1c0 DEOPT UNPACKING pc=0x000001b9c3e578e2 sp=0x0000009116cfd498 mode 0
Event: 0.820 Thread 0x000001b9b97be1c0 DEOPT PACKING pc=0x000001b9bcb44731 sp=0x0000009116cfe020
Event: 0.820 Thread 0x000001b9b97be1c0 DEOPT UNPACKING pc=0x000001b9c3e578e2 sp=0x0000009116cfd498 mode 0
Event: 0.820 Thread 0x000001b9b97be1c0 DEOPT PACKING pc=0x000001b9bcb44731 sp=0x0000009116cfe020
Event: 0.820 Thread 0x000001b9b97be1c0 DEOPT UNPACKING pc=0x000001b9c3e578e2 sp=0x0000009116cfd498 mode 0
Event: 0.845 Thread 0x000001b9b97be1c0 Uncommon trap: trap_request=0xffffffde fr.pc=0x000001b9c45afe68 relative=0x0000000000000ae8
Event: 0.845 Thread 0x000001b9b97be1c0 Uncommon trap: reason=class_check action=maybe_recompile pc=0x000001b9c45afe68 method=java.util.HashMap.putVal(ILjava/lang/Object;Ljava/lang/Object;ZZ)Ljava/lang/Object; @ 203 c2
Event: 0.845 Thread 0x000001b9b97be1c0 DEOPT PACKING pc=0x000001b9c45afe68 sp=0x0000009116cfe3d0
Event: 0.845 Thread 0x000001b9b97be1c0 DEOPT UNPACKING pc=0x000001b9c3e56da2 sp=0x0000009116cfe2f8 mode 2
Event: 0.845 Thread 0x000001b9b97be1c0 Uncommon trap: trap_request=0xffffffde fr.pc=0x000001b9c45afe68 relative=0x0000000000000ae8
Event: 0.845 Thread 0x000001b9b97be1c0 Uncommon trap: reason=class_check action=maybe_recompile pc=0x000001b9c45afe68 method=java.util.HashMap.putVal(ILjava/lang/Object;Ljava/lang/Object;ZZ)Ljava/lang/Object; @ 203 c2
Event: 0.845 Thread 0x000001b9b97be1c0 DEOPT PACKING pc=0x000001b9c45afe68 sp=0x0000009116cfe3d0
Event: 0.845 Thread 0x000001b9b97be1c0 DEOPT UNPACKING pc=0x000001b9c3e56da2 sp=0x0000009116cfe2f8 mode 2

Classes loaded (20 events):
Event: 0.825 Loading class jdk/internal/logger/LazyLoggers$LazyLoggerAccessor
Event: 0.825 Loading class jdk/internal/logger/LazyLoggers$LoggerAccessor
Event: 0.825 Loading class jdk/internal/logger/LazyLoggers$LoggerAccessor done
Event: 0.825 Loading class jdk/internal/logger/LazyLoggers$LazyLoggerAccessor done
Event: 0.826 Loading class jdk/internal/logger/SurrogateLogger
Event: 0.826 Loading class jdk/internal/logger/SimpleConsoleLogger
Event: 0.827 Loading class sun/util/logging/PlatformLogger$ConfigurableBridge$LoggerConfiguration
Event: 0.827 Loading class sun/util/logging/PlatformLogger$ConfigurableBridge$LoggerConfiguration done
Event: 0.827 Loading class jdk/internal/logger/SimpleConsoleLogger done
Event: 0.827 Loading class jdk/internal/logger/SurrogateLogger done
Event: 0.827 Loading class sun/util/logging/PlatformLogger
Event: 0.827 Loading class sun/util/logging/PlatformLogger done
Event: 0.827 Loading class sun/util/logging/PlatformLogger$Level
Event: 0.827 Loading class sun/util/logging/PlatformLogger$Level done
Event: 0.841 Loading class java/io/BufferedReader
Event: 0.842 Loading class java/io/BufferedReader done
Event: 0.842 Loading class sun/nio/cs/StreamDecoder
Event: 0.842 Loading class sun/nio/cs/StreamDecoder done
Event: 0.842 Loading class sun/nio/cs/UTF_8$Decoder
Event: 0.842 Loading class sun/nio/cs/UTF_8$Decoder done

Classes unloaded (0 events):
No events

Classes redefined (0 events):
No events

Internal exceptions (20 events):
Event: 0.277 Thread 0x000001b9b97be1c0 Exception <a 'java/lang/NoSuchMethodError'{0x00000000d5afaf48}: 'int java.lang.invoke.DirectMethodHandle$Holder.invokeSpecial(java.lang.Object, java.lang.Object, java.lang.Object)'> (0x00000000d5afaf48) 
thrown [s\src\hotspot\share\interpreter\linkResolver.cpp, line 773]
Event: 0.280 Thread 0x000001b9b97be1c0 Exception <a 'java/lang/NoSuchMethodError'{0x00000000d5b06c08}: 'java.lang.Object java.lang.invoke.DirectMethodHandle$Holder.invokeStatic(java.lang.Object, java.lang.Object, int)'> (0x00000000d5b06c08) 
thrown [s\src\hotspot\share\interpreter\linkResolver.cpp, line 773]
Event: 0.281 Thread 0x000001b9b97be1c0 Exception <a 'java/lang/NoSuchMethodError'{0x00000000d5b0b558}: 'void java.lang.invoke.DirectMethodHandle$Holder.invokeStatic(java.lang.Object, java.lang.Object, int, java.lang.Object)'> (0x00000000d5b0b558) 
thrown [s\src\hotspot\share\interpreter\linkResolver.cpp, line 773]
Event: 0.281 Thread 0x000001b9b97be1c0 Exception <a 'java/lang/NoSuchMethodError'{0x00000000d5b0f0e8}: 'void java.lang.invoke.DirectMethodHandle$Holder.invokeSpecial(java.lang.Object, java.lang.Object, java.lang.Object, int, java.lang.Object)'> (0x00000000d5b0f0e8) 
thrown [s\src\hotspot\share\interpreter\linkResolver.cpp, line 773]
Event: 0.281 Thread 0x000001b9b97be1c0 Exception <a 'java/lang/NoSuchMethodError'{0x00000000d5b12b60}: 'void java.lang.invoke.DelegatingMethodHandle$Holder.delegate(java.lang.Object, java.lang.Object, int, java.lang.Object)'> (0x00000000d5b12b60) 
thrown [s\src\hotspot\share\interpreter\linkResolver.cpp, line 773]
Event: 0.336 Thread 0x000001b9b97be1c0 Exception <a 'java/lang/NoSuchMethodError'{0x00000000d5cd3800}: 'void java.lang.invoke.DelegatingMethodHandle$Holder.reinvoke_L(java.lang.Object, java.lang.Object, java.lang.Object, int)'> (0x00000000d5cd3800) 
thrown [s\src\hotspot\share\interpreter\linkResolver.cpp, line 773]
Event: 0.471 Thread 0x000001b9b97be1c0 Exception <a 'java/lang/NoSuchMethodError'{0x00000000d6161018}: 'void java.lang.invoke.DirectMethodHandle$Holder.invokeVirtual(java.lang.Object, java.lang.Object)'> (0x00000000d6161018) 
thrown [s\src\hotspot\share\interpreter\linkResolver.cpp, line 773]
Event: 0.605 Thread 0x000001b9b97be1c0 Exception <a 'java/lang/NoSuchMethodError'{0x00000000d65470e8}: 'void java.lang.invoke.DirectMethodHandle$Holder.invokeStatic(java.lang.Object, java.lang.Object)'> (0x00000000d65470e8) 
thrown [s\src\hotspot\share\interpreter\linkResolver.cpp, line 773]
Event: 0.609 Thread 0x000001b9b97be1c0 Exception <a 'java/lang/ClassNotFoundException'{0x00000000d656f1e8}: sun/net/www/protocol/c/Handler> (0x00000000d656f1e8) 
thrown [s\src\hotspot\share\classfile\systemDictionary.cpp, line 312]
Event: 0.634 Thread 0x000001b9b97be1c0 Exception <a 'java/io/FileNotFoundException'{0x00000000d65ccc88}> (0x00000000d65ccc88) 
thrown [s\src\hotspot\share\prims\jni.cpp, line 520]
Event: 0.634 Thread 0x000001b9b97be1c0 Exception <a 'java/io/FileNotFoundException'{0x00000000d65ce000}> (0x00000000d65ce000) 
thrown [s\src\hotspot\share\prims\jni.cpp, line 520]
Event: 0.634 Thread 0x000001b9b97be1c0 Exception <a 'java/io/FileNotFoundException'{0x00000000d65cecc8}> (0x00000000d65cecc8) 
thrown [s\src\hotspot\share\prims\jni.cpp, line 520]
Event: 0.634 Thread 0x000001b9b97be1c0 Exception <a 'java/io/FileNotFoundException'{0x00000000d65cf848}> (0x00000000d65cf848) 
thrown [s\src\hotspot\share\prims\jni.cpp, line 520]
Event: 0.638 Thread 0x000001b9b97be1c0 Implicit null exception at 0x000001b9c457c4a4 to 0x000001b9c457caa4
Event: 0.640 Thread 0x000001b9b97be1c0 Exception <a 'java/io/FileNotFoundException'{0x00000000d6609a28}> (0x00000000d6609a28) 
thrown [s\src\hotspot\share\prims\jni.cpp, line 520]
Event: 0.654 Thread 0x000001b9b97be1c0 Exception <a 'java/lang/NoSuchMethodError'{0x00000000d6646400}: 'java.lang.Object java.lang.invoke.DirectMethodHandle$Holder.invokeInterface(java.lang.Object, java.lang.Object)'> (0x00000000d6646400) 
thrown [s\src\hotspot\share\interpreter\linkResolver.cpp, line 773]
Event: 0.660 Thread 0x000001b9b97be1c0 Exception <a 'java/lang/NoSuchMethodError'{0x00000000d6659eb0}: 'java.lang.Object java.lang.invoke.Invokers$Holder.invokeExact_MT(java.lang.Object, java.lang.Object, java.lang.Object, java.lang.Object, java.lang.Object, java.lang.Object)'> (0x00000000d6659eb0) 
thrown [s\src\hotspot\share\interpreter\linkResolver.cpp, line 773]
Event: 0.665 Thread 0x000001b9b97be1c0 Exception <a 'java/lang/NoSuchMethodError'{0x00000000d6670f88}: 'int java.lang.invoke.DirectMethodHandle$Holder.invokeStatic(java.lang.Object, java.lang.Object, java.lang.Object, java.lang.Object, java.lang.Object)'> (0x00000000d6670f88) 
thrown [s\src\hotspot\share\interpreter\linkResolver.cpp, line 773]
Event: 0.687 Thread 0x000001b9b97be1c0 Exception <a 'java/lang/NoSuchMethodError'{0x00000000d6706c30}: 'java.lang.Object java.lang.invoke.DirectMethodHandle$Holder.invokeInterface(java.lang.Object, java.lang.Object, int)'> (0x00000000d6706c30) 
thrown [s\src\hotspot\share\interpreter\linkResolver.cpp, line 773]
Event: 0.794 Thread 0x000001b9b97be1c0 Exception <a 'java/lang/NoSuchMethodError'{0x00000000d6b72bf0}: 'java.lang.ClassLoader java.lang.ClassLoader.getPlatformClassLoader(java.lang.Class)'> (0x00000000d6b72bf0) 
thrown [s\src\hotspot\share\interpreter\linkResolver.cpp, line 773]

ZGC Phase Switch (0 events):
No events

VM Operations (12 events):
Event: 0.117 Executing VM operation: HandshakeAllThreads (Deoptimize)
Event: 0.117 Executing VM operation: HandshakeAllThreads (Deoptimize) done
Event: 0.209 Executing VM operation: HandshakeAllThreads (Deoptimize)
Event: 0.209 Executing VM operation: HandshakeAllThreads (Deoptimize) done
Event: 0.576 Executing VM operation: HandshakeAllThreads (Deoptimize)
Event: 0.576 Executing VM operation: HandshakeAllThreads (Deoptimize) done
Event: 0.597 Executing VM operation: HandshakeAllThreads (Deoptimize)
Event: 0.597 Executing VM operation: HandshakeAllThreads (Deoptimize) done
Event: 0.825 Executing VM operation: ICBufferFull
Event: 0.826 Executing VM operation: ICBufferFull done
Event: 0.829 Executing VM operation: ParallelGCFailedAllocation (Allocation Failure)
Event: 0.835 Executing VM operation: ParallelGCFailedAllocation (Allocation Failure) done

Memory protections (0 events):
No events

Nmethod flushes (0 events):
No events

Events (14 events):
Event: 0.044 Thread 0x000001b9b97be1c0 Thread added: 0x000001b9b97be1c0
Event: 0.064 Thread 0x000001b9b97be1c0 Thread added: 0x000001b9b9749cc0
Event: 0.064 Thread 0x000001b9b97be1c0 Thread added: 0x000001b9b974ba20
Event: 0.065 Thread 0x000001b9b97be1c0 Thread added: 0x000001b9b97555b0
Event: 0.065 Thread 0x000001b9b97be1c0 Thread added: 0x000001b9b9756000
Event: 0.065 Thread 0x000001b9b97be1c0 Thread added: 0x000001b9b975a220
Event: 0.065 Thread 0x000001b9b97be1c0 Thread added: 0x000001b9b975bc80
Event: 0.065 Thread 0x000001b9b97be1c0 Thread added: 0x000001b9b975de60
Event: 0.065 Thread 0x000001b9b97be1c0 Thread added: 0x000001ba125eaef0
Event: 0.120 Thread 0x000001ba125eaef0 Thread added: 0x000001ba126f0ae0
Event: 0.121 Thread 0x000001ba125eaef0 Thread added: 0x000001ba126f34b0
Event: 0.148 Thread 0x000001b9b97be1c0 Thread added: 0x000001ba128453b0
Event: 0.306 Thread 0x000001ba125eaef0 Thread added: 0x000001ba12959760
Event: 0.402 Thread 0x000001b9b97be1c0 Thread added: 0x000001ba180075a0


Dynamic libraries:
0x00007ff73cec0000 - 0x00007ff73cece000 	c:\Users\User\.vscode\extensions\redhat.java-1.53.2026013108-win32-x64\jre\21.0.9-win32-x86_64\bin\java.exe
0x00007ffa7e200000 - 0x00007ffa7e465000 	C:\WINDOWS\SYSTEM32\ntdll.dll
0x00007ffa7c560000 - 0x00007ffa7c629000 	C:\WINDOWS\System32\KERNEL32.DLL
0x00007ffa7ba30000 - 0x00007ffa7be18000 	C:\WINDOWS\System32\KERNELBASE.dll
0x00007ffa77fc0000 - 0x00007ffa7805e000 	C:\WINDOWS\SYSTEM32\apphelp.dll
0x00007ffa7b820000 - 0x00007ffa7b96b000 	C:\WINDOWS\System32\ucrtbase.dll
0x00007ff9b8260000 - 0x00007ff9b8278000 	c:\Users\User\.vscode\extensions\redhat.java-1.53.2026013108-win32-x64\jre\21.0.9-win32-x86_64\bin\jli.dll
0x00007ffa7c900000 - 0x00007ffa7caca000 	C:\WINDOWS\System32\USER32.dll
0x00007ff9b82b0000 - 0x00007ff9b82ce000 	c:\Users\User\.vscode\extensions\redhat.java-1.53.2026013108-win32-x64\jre\21.0.9-win32-x86_64\bin\VCRUNTIME140.dll
0x00007ffa7b600000 - 0x00007ffa7b627000 	C:\WINDOWS\System32\win32u.dll
0x00007ffa7c2f0000 - 0x00007ffa7c31b000 	C:\WINDOWS\System32\GDI32.dll
0x00007ffa7b630000 - 0x00007ffa7b767000 	C:\WINDOWS\System32\gdi32full.dll
0x00007ffa603a0000 - 0x00007ffa6063a000 	C:\WINDOWS\WinSxS\amd64_microsoft.windows.common-controls_6595b64144ccf1df_6.0.26100.4202_none_3e0698d4e335f517\COMCTL32.dll
0x00007ffa7b770000 - 0x00007ffa7b813000 	C:\WINDOWS\System32\msvcp_win.dll
0x00007ffa7cc60000 - 0x00007ffa7cd09000 	C:\WINDOWS\System32\msvcrt.dll
0x00007ffa7c520000 - 0x00007ffa7c550000 	C:\WINDOWS\System32\IMM32.DLL
0x00007ffa55670000 - 0x00007ffa5567c000 	c:\Users\User\.vscode\extensions\redhat.java-1.53.2026013108-win32-x64\jre\21.0.9-win32-x86_64\bin\vcruntime140_1.dll
0x00007ff946ee0000 - 0x00007ff946f6d000 	c:\Users\User\.vscode\extensions\redhat.java-1.53.2026013108-win32-x64\jre\21.0.9-win32-x86_64\bin\msvcp140.dll
0x00007ff946140000 - 0x00007ff946ee0000 	c:\Users\User\.vscode\extensions\redhat.java-1.53.2026013108-win32-x64\jre\21.0.9-win32-x86_64\bin\server\jvm.dll
0x00007ffa7bfa0000 - 0x00007ffa7c053000 	C:\WINDOWS\System32\ADVAPI32.dll
0x00007ffa7d510000 - 0x00007ffa7d5b6000 	C:\WINDOWS\System32\sechost.dll
0x00007ffa7d3f0000 - 0x00007ffa7d505000 	C:\WINDOWS\System32\RPCRT4.dll
0x00007ffa7c7a0000 - 0x00007ffa7c814000 	C:\WINDOWS\System32\WS2_32.dll
0x00007ffa7ab50000 - 0x00007ffa7abae000 	C:\WINDOWS\SYSTEM32\POWRPROF.dll
0x00007ffa6a8f0000 - 0x00007ffa6a925000 	C:\WINDOWS\SYSTEM32\WINMM.dll
0x00007ffa78d20000 - 0x00007ffa78d2b000 	C:\WINDOWS\SYSTEM32\VERSION.dll
0x00007ffa7ab10000 - 0x00007ffa7ab24000 	C:\WINDOWS\SYSTEM32\UMPDC.dll
0x00007ffa7a0d0000 - 0x00007ffa7a0eb000 	C:\WINDOWS\SYSTEM32\kernel.appcore.dll
0x00007ffa33dd0000 - 0x00007ffa33dda000 	c:\Users\User\.vscode\extensions\redhat.java-1.53.2026013108-win32-x64\jre\21.0.9-win32-x86_64\bin\jimage.dll
0x00007ffa77c80000 - 0x00007ffa77ec1000 	C:\WINDOWS\SYSTEM32\DBGHELP.DLL
0x00007ffa7d620000 - 0x00007ffa7d9a5000 	C:\WINDOWS\System32\combase.dll
0x00007ffa7c420000 - 0x00007ffa7c501000 	C:\WINDOWS\System32\OLEAUT32.dll
0x00007ffa5d6a0000 - 0x00007ffa5d6d9000 	C:\WINDOWS\SYSTEM32\dbgcore.DLL
0x00007ffa7b560000 - 0x00007ffa7b5f9000 	C:\WINDOWS\System32\bcryptPrimitives.dll
0x00007ffa33100000 - 0x00007ffa3310f000 	c:\Users\User\.vscode\extensions\redhat.java-1.53.2026013108-win32-x64\jre\21.0.9-win32-x86_64\bin\instrument.dll
0x00007ffa25ba0000 - 0x00007ffa25bc0000 	c:\Users\User\.vscode\extensions\redhat.java-1.53.2026013108-win32-x64\jre\21.0.9-win32-x86_64\bin\java.dll
0x00007ffa7d9b0000 - 0x00007ffa7e0f2000 	C:\WINDOWS\System32\SHELL32.dll
0x00007ffa7be20000 - 0x00007ffa7bf94000 	C:\WINDOWS\System32\wintypes.dll
0x00007ffa78f90000 - 0x00007ffa797e8000 	C:\WINDOWS\SYSTEM32\windows.storage.dll
0x00007ffa7c320000 - 0x00007ffa7c411000 	C:\WINDOWS\System32\SHCORE.dll
0x00007ffa7c060000 - 0x00007ffa7c0ca000 	C:\WINDOWS\System32\shlwapi.dll
0x00007ffa7b260000 - 0x00007ffa7b28f000 	C:\WINDOWS\SYSTEM32\profapi.dll
0x00007ffa25b80000 - 0x00007ffa25b98000 	c:\Users\User\.vscode\extensions\redhat.java-1.53.2026013108-win32-x64\jre\21.0.9-win32-x86_64\bin\zip.dll
0x00007ffa32dd0000 - 0x00007ffa32de0000 	C:\Users\User\.vscode\extensions\redhat.java-1.53.2026013108-win32-x64\jre\21.0.9-win32-x86_64\bin\net.dll
0x00007ffa73aa0000 - 0x00007ffa73bbe000 	C:\WINDOWS\SYSTEM32\WINHTTP.dll
0x00007ffa7a620000 - 0x00007ffa7a68a000 	C:\WINDOWS\system32\mswsock.dll
0x00007ffa25b60000 - 0x00007ffa25b76000 	C:\Users\User\.vscode\extensions\redhat.java-1.53.2026013108-win32-x64\jre\21.0.9-win32-x86_64\bin\nio.dll
0x00007ffa32a30000 - 0x00007ffa32a40000 	c:\Users\User\.vscode\extensions\redhat.java-1.53.2026013108-win32-x64\jre\21.0.9-win32-x86_64\bin\verify.dll

JVMTI agents:
c:\Users\User\.vscode\extensions\redhat.java-1.53.2026013108-win32-x64\lombok\lombok-1.18.39-4050.jar path:c:\Users\User\.vscode\extensions\redhat.java-1.53.2026013108-win32-x64\jre\21.0.9-win32-x86_64\bin\instrument.dll, loaded, initialized, instrumentlib options:none

dbghelp: loaded successfully - version: 4.0.5 - missing functions: none
symbol engine: initialized successfully - sym options: 0x614 - pdb path: .;c:\Users\User\.vscode\extensions\redhat.java-1.53.2026013108-win32-x64\jre\21.0.9-win32-x86_64\bin;C:\WINDOWS\SYSTEM32;C:\WINDOWS\WinSxS\amd64_microsoft.windows.common-controls_6595b64144ccf1df_6.0.26100.4202_none_3e0698d4e335f517;c:\Users\User\.vscode\extensions\redhat.java-1.53.2026013108-win32-x64\jre\21.0.9-win32-x86_64\bin\server

VM Arguments:
jvm_args: --add-modules=ALL-SYSTEM --add-opens=java.base/java.util=ALL-UNNAMED --add-opens=java.base/java.lang=ALL-UNNAMED --add-opens=java.base/sun.nio.fs=ALL-UNNAMED -Declipse.application=org.eclipse.jdt.ls.core.id1 -Dosgi.bundles.defaultStartLevel=4 -Declipse.product=org.eclipse.jdt.ls.core.product -Djava.import.generatesMetadataFilesAtProjectRoot=false -DDetectVMInstallationsJob.disabled=true -Dfile.encoding=utf8 -XX:+UseParallelGC -XX:GCTimeRatio=4 -XX:AdaptiveSizePolicyWeight=90 -Dsun.zip.disableMemoryMapping=true -Xmx2G -Xms100m -Xlog:disable -javaagent:c:\Users\User\.vscode\extensions\redhat.java-1.53.2026013108-win32-x64\lombok\lombok-1.18.39-4050.jar 
java_command: c:\Users\User\.vscode\extensions\redhat.java-1.53.2026013108-win32-x64\server\plugins\org.eclipse.equinox.launcher_1.7.100.v20251111-0406.jar -configuration c:\Users\User\AppData\Roaming\Code\User\globalStorage\redhat.java\1.53.2026013108\config_ss_win -data c:\Users\User\AppData\Roaming\Code\User\workspaceStorage\6cade22bb58dc6f0a8a540f398cedfca\redhat.java\ss_ws --pipe=\\.\pipe\lsp-414a7eab7e464d097b8559c4a08abefc-sock
java_class_path (initial): c:\Users\User\.vscode\extensions\redhat.java-1.53.2026013108-win32-x64\server\plugins\org.eclipse.equinox.launcher_1.7.100.v20251111-0406.jar
Launcher Type: SUN_STANDARD

[Global flags]
    uintx AdaptiveSizePolicyWeight                 = 90                                        {product} {command line}
     intx CICompilerCount                          = 12                                        {product} {ergonomic}
    uintx GCTimeRatio                              = 4                                         {product} {command line}
   size_t InitialHeapSize                          = 104857600                                 {product} {command line}
   size_t MaxHeapSize                              = 2147483648                                {product} {command line}
   size_t MaxNewSize                               = 715653120                                 {product} {ergonomic}
   size_t MinHeapDeltaBytes                        = 524288                                    {product} {ergonomic}
   size_t MinHeapSize                              = 104857600                                 {product} {command line}
   size_t NewSize                                  = 34603008                                  {product} {ergonomic}
    uintx NonNMethodCodeHeapSize                   = 7602480                                {pd product} {ergonomic}
    uintx NonProfiledCodeHeapSize                  = 122027880                              {pd product} {ergonomic}
   size_t OldSize                                  = 70254592                                  {product} {ergonomic}
    uintx ProfiledCodeHeapSize                     = 122027880                              {pd product} {ergonomic}
    uintx ReservedCodeCacheSize                    = 251658240                              {pd product} {ergonomic}
     bool SegmentedCodeCache                       = true                                      {product} {ergonomic}
   size_t SoftMaxHeapSize                          = 2147483648                             {manageable} {ergonomic}
     bool UseCompressedOops                        = true                           {product lp64_product} {ergonomic}
     bool UseLargePagesIndividualAllocation        = false                                  {pd product} {ergonomic}
     bool UseParallelGC                            = true                                      {product} {command line}

Logging:
Log output configuration:
 #0: stdout all=off uptime,level,tags foldmultilines=false
 #1: stderr all=off uptime,level,tags foldmultilines=false

Release file:
JAVA_VERSION="21.0.9" 
MODULES="java.base java.compiler java.datatransfer java.xml java.prefs java.desktop java.instrument java.logging java.management java.security.sasl java.naming java.rmi java.management.rmi java.net.http java.scripting java.security.jgss java.transaction.xa java.sql java.sql.rowset java.xml.crypto java.se java.smartcardio jdk.accessibility jdk.internal.jvmstat jdk.attach jdk.charsets jdk.internal.opt jdk.zipfs jdk.compiler jdk.crypto.ec jdk.crypto.cryptoki jdk.crypto.mscapi jdk.dynalink jdk.internal.ed jdk.editpad jdk.hotspot.agent jdk.httpserver jdk.internal.le jdk.internal.vm.ci jdk.internal.vm.compiler jdk.internal.vm.compiler.management jdk.jartool jdk.javadoc jdk.jcmd jdk.management jdk.management.agent jdk.jconsole jdk.jdeps jdk.jdwp.agent jdk.jdi jdk.jfr jdk.jshell jdk.jsobject jdk.jstatd jdk.localedata jdk.management.jfr jdk.naming.dns jdk.naming.rmi jdk.net jdk.nio.mapmode jdk.random jdk.sctp jdk.security.auth jdk.security.jgss jdk.unsupported jdk.unsupported.desktop jdk.xml.dom" 

Environment Variables:
PATH=C:\Program Files\Common Files\Oracle\Java\javapath;C:\WINDOWS\system32;C:\WINDOWS;C:\WINDOWS\System32\Wbem;C:\WINDOWS\System32\WindowsPowerShell\v1.0\;C:\WINDOWS\System32\OpenSSH\;C:\Program Files (x86)\NVIDIA Corporation\PhysX\Common;C:\Program Files\NVIDIA Corporation\NVIDIA app\NvDLISR;C:\Program Files\nodejs\;C:\Program Files\Git\cmd;C:\Program Files\Docker\Docker\resources\bin;C:\Program Files\sonar-scanner-7.1.0.4889-windows-x64\bin;C:\Program Files (x86)\Microsoft SQL Server\160\DTS\Binn\;C:\Program Files\MySQL\MySQL Server 8.0\bin;C:\Program Files\Microsoft SQL Server\150\Tools\Binn\;C:\WINDOWS\twain_32\ebscan\;C:\WINDOWS\twain_64\ebscan\;C:\WINDOWS\twain_32\erscan\;C:\WINDOWS\twain_64\erscan\;C:\Program Files\TOSHIBA\TOSHIBA e-STUDIO Client\TOSHIBA e-STUDIO AddressBook Viewer\Shared;C:\Program Files\cursor\resources\app\bin;G:\flutter\flutter\bin;C:\Users\User\.cargo\bin;C:\Program Files\MySQL\MySQL Shell 8.0\bin\;C:\Users\User\AppData\Local\Programs\Python\Python313\Scripts\;C:\Users\User\AppData\Local\Programs\Python\Python313\;C:\Users\User\AppData\Local\Programs\Python\Launcher\;C:\Users\User\AppData\Local\Microsoft\WindowsApps;C:\Users\User\AppData\Local\Programs\Microsoft VS Code\bin;C:\Users\User\AppData\Roaming\npm;C:\Users\User\PyCharm 2024.3\bin;C:\Users\User\AppData\Local\GitHubDesktop\bin
USERNAME=User
OS=Windows_NT
PROCESSOR_IDENTIFIER=Intel64 Family 6 Model 141 Stepping 1, GenuineIntel
TMP=C:\Users\User\AppData\Local\Temp
TEMP=C:\Users\User\AppData\Local\Temp




Periodic native trim disabled

---------------  S Y S T E M  ---------------

OS:
 Windows 11 , 64 bit Build 26100 (10.0.26100.4202)
OS uptime: 1 days 5:51 hours
Hyper-V role detected

CPU: total 16 (initial active 16) (8 cores per cpu, 2 threads per core) family 6 model 141 stepping 1 microcode 0x34, cx8, cmov, fxsr, ht, mmx, 3dnowpref, sse, sse2, sse3, ssse3, sse4.1, sse4.2, popcnt, lzcnt, tsc, tscinvbit, avx, avx2, aes, erms, clmul, bmi1, bmi2, adx, avx512f, avx512dq, avx512cd, avx512bw, avx512vl, sha, fma, vzeroupper, avx512_vpopcntdq, avx512_vpclmulqdq, avx512_vaes, avx512_vnni, clflush, clflushopt, clwb, avx512_vbmi2, avx512_vbmi, hv, rdtscp, rdpid, fsrm, gfni, avx512_bitalg, f16c, cet_ibt, cet_ss, avx512_ifma
Processor Information for the first 16 processors :
  Max Mhz: 2304, Current Mhz: 2304, Mhz Limit: 2304

Memory: 4k page, system-wide physical 7877M (293M free)
TotalPageFile size 23434M (AvailPageFile size 4M)
current process WorkingSet (physical memory assigned to process): 84M, peak: 85M
current process commit charge ("private bytes"): 252M, peak: 253M

vm_info: OpenJDK 64-Bit Server VM (21.0.9+10-LTS) for windows-amd64 JRE (21.0.9+10-LTS), built on 2025-10-21T00:00:00Z by "admin" with unknown MS VC++:1942

END.
